<ShowPlanXML xmlns="http://schemas.microsoft.com/sqlserver/2004/07/showplan" Version="1.539" Build="15.0.4223.1">
	<BatchSequence>
		<Batch>
			<Statements>
				<StmtSimple StatementText="UPDATE [dbo].[PaymentParticipant]&#xd;&#xa;   SET &#xd;&#xa;      [Balance] = dbo.F_CalculatePaymentParticipantBalance(inserted.oid)&#xd;&#xa;      ,[Name] = inserted.Name&#xd;&#xa;      ,[OptimisticLockField] = inserted.OptimisticLockField&#xd;&#xa;      ,[GCRecord] = inserted.GCRecord&#xd;&#xa;      ,[ObjectType] = inserted.ObjectType      &#xd;&#xa;      ,[ActiveFrom] = inserted.ActiveFrom&#xd;&#xa;      ,[InactiveFrom] = inserted.InactiveFrom&#xd;&#xa;      ,[BankDetails] = inserted.BankDetails&#xd;&#xa;&#x9;  ,[Balance2] = inserted.Balance2&#xd;&#xa; FROM [PaymentParticipant] join Inserted on [PaymentParticipant].Oid = Inserted.Oid" StatementId="6" StatementCompId="17" StatementType="UPDATE" StatementSqlHandle="0x0900020E0893EBD4E9EC8DCD4CFF3336E95F0000000000000000000000000000000000000000000000000000" DatabaseContextSettingsId="1" ParentObjectId="1029578706" StatementParameterizationType="0" RetrievedFromCache="true" StatementSubTreeCost="1.1433" StatementEstRows="1.41421" SecurityPolicyApplied="false" StatementOptmLevel="FULL" QueryHash="0xD91A009BF6D0146E" QueryPlanHash="0xABC2E6EE7E2DED47" StatementOptmEarlyAbortReason="TimeOut" CardinalityEstimationModelVersion="150">
					<StatementSetOptions QUOTED_IDENTIFIER="true" ARITHABORT="true" CONCAT_NULL_YIELDS_NULL="true" ANSI_NULLS="true" ANSI_PADDING="true" ANSI_WARNINGS="true" NUMERIC_ROUNDABORT="false">
					</StatementSetOptions>
					<QueryPlan DegreeOfParallelism="1" MemoryGrant="6760" CachedPlanSize="432" CompileTime="51" CompileCPU="51" CompileMemory="3448" ContainsInlineScalarTsqlUdfs="1">
						<MemoryGrantInfo SerialRequiredMemory="6272" SerialDesiredMemory="6760" RequiredMemory="6272" DesiredMemory="6760" RequestedMemory="6760" GrantWaitTime="0" MaxQueryMemory="406808" GrantedMemory="6760" MaxUsedMemory="1632" LastRequestedMemory="6760" IsMemoryGrantFeedbackAdjusted="No: Accurate Grant">
						</MemoryGrantInfo>
						<OptimizerHardwareDependentProperties EstimatedAvailableMemoryGrant="80588" EstimatedPagesCached="20147" EstimatedAvailableDegreeOfParallelism="2" MaxCompileMemory="1500392">
						</OptimizerHardwareDependentProperties>
						<OptimizerStatsUsage>
							<StatisticsInfo LastUpdate="2022-06-11T17:52:45.88" ModificationCount="0" SamplingPercent="100" Statistics="[iGCRecord_PaymentCategory]" Table="[PaymentCategory]" Schema="[dbo]" Database="[PaymentData]">
							</StatisticsInfo>
							<StatisticsInfo LastUpdate="2022-06-12T16:53:05.78" ModificationCount="301" SamplingPercent="100" Statistics="[iProject_Payment]" Table="[Payment]" Schema="[dbo]" Database="[PaymentData]">
							</StatisticsInfo>
							<StatisticsInfo LastUpdate="2022-06-11T17:52:45.84" ModificationCount="0" SamplingPercent="100" Statistics="[PK_AccountType]" Table="[AccountType]" Schema="[dbo]" Database="[PaymentData]">
							</StatisticsInfo>
							<StatisticsInfo LastUpdate="2022-06-11T17:52:45.85" ModificationCount="0" SamplingPercent="100" Statistics="[_WA_Sys_00000002_24927208]" Table="[PaymentCategory]" Schema="[dbo]" Database="[PaymentData]">
							</StatisticsInfo>
							<StatisticsInfo LastUpdate="2022-06-11T17:52:45.84" ModificationCount="1" SamplingPercent="100" Statistics="[PK_Cashbox]" Table="[Cashbox]" Schema="[dbo]" Database="[PaymentData]">
							</StatisticsInfo>
							<StatisticsInfo LastUpdate="2022-06-11T17:52:45.84" ModificationCount="1" SamplingPercent="100" Statistics="[iAccountType_Bank]" Table="[Bank]" Schema="[dbo]" Database="[PaymentData]">
							</StatisticsInfo>
							<StatisticsInfo LastUpdate="2022-06-12T16:53:05.78" ModificationCount="301" SamplingPercent="100" Statistics="[iPayee_Payment]" Table="[Payment]" Schema="[dbo]" Database="[PaymentData]">
							</StatisticsInfo>
							<StatisticsInfo LastUpdate="2022-06-11T17:52:45.84" ModificationCount="1" SamplingPercent="100" Statistics="[iAccountType_Cashbox]" Table="[Cashbox]" Schema="[dbo]" Database="[PaymentData]">
							</StatisticsInfo>
							<StatisticsInfo LastUpdate="2022-06-12T16:53:05.77" ModificationCount="301" SamplingPercent="100" Statistics="[iGCRecord_Payment]" Table="[Payment]" Schema="[dbo]" Database="[PaymentData]">
							</StatisticsInfo>
							<StatisticsInfo LastUpdate="2022-06-11T17:52:45.86" ModificationCount="0" SamplingPercent="100" Statistics="[_WA_Sys_00000002_34C8D9D1]" Table="[AccountType]" Schema="[dbo]" Database="[PaymentData]">
							</StatisticsInfo>
							<StatisticsInfo LastUpdate="2022-06-12T16:53:05.79" ModificationCount="301" SamplingPercent="100" Statistics="[PK_Payment]" Table="[Payment]" Schema="[dbo]" Database="[PaymentData]">
							</StatisticsInfo>
							<StatisticsInfo LastUpdate="2022-06-12T16:53:05.77" ModificationCount="301" SamplingPercent="100" Statistics="[iCategory_Payment]" Table="[Payment]" Schema="[dbo]" Database="[PaymentData]">
							</StatisticsInfo>
							<StatisticsInfo LastUpdate="2022-06-11T17:52:45.84" ModificationCount="1" SamplingPercent="100" Statistics="[PK_Bank]" Table="[Bank]" Schema="[dbo]" Database="[PaymentData]">
							</StatisticsInfo>
							<StatisticsInfo LastUpdate="2022-06-11T17:52:45.85" ModificationCount="0" SamplingPercent="100" Statistics="[_WA_Sys_00000007_24927208]" Table="[PaymentCategory]" Schema="[dbo]" Database="[PaymentData]">
							</StatisticsInfo>
							<StatisticsInfo LastUpdate="2022-06-11T17:52:45.83" ModificationCount="6" SamplingPercent="100" Statistics="[PK_PaymentParticipant]" Table="[PaymentParticipant]" Schema="[dbo]" Database="[PaymentData]">
							</StatisticsInfo>
							<StatisticsInfo LastUpdate="2022-06-11T17:52:45.85" ModificationCount="0" SamplingPercent="100" Statistics="[PK_PaymentCategory]" Table="[PaymentCategory]" Schema="[dbo]" Database="[PaymentData]">
							</StatisticsInfo>
							<StatisticsInfo LastUpdate="2022-06-12T16:53:05.78" ModificationCount="301" SamplingPercent="100" Statistics="[iPayer_Payment]" Table="[Payment]" Schema="[dbo]" Database="[PaymentData]">
							</StatisticsInfo>
						</OptimizerStatsUsage>
						<WaitStats>
							<Wait WaitType="MEMORY_ALLOCATION_EXT" WaitTimeMs="1" WaitCount="594">
							</Wait>
						</WaitStats>
						<QueryTimeStats ElapsedTime="10" CpuTime="10">
						</QueryTimeStats>
						<RelOp NodeId="1" PhysicalOp="Clustered Index Update" LogicalOp="Update" EstimateRows="1.41421" EstimateIO="0.03" EstimateCPU="4.24264e-06" AvgRowSize="9" EstimatedTotalSubtreeCost="1.1433" Parallel="0" EstimateRebinds="0" EstimateRewinds="0" EstimatedExecutionMode="Row">
							<OutputList>
							</OutputList>
							<RunTimeInformation>
								<RunTimeCountersPerThread Thread="0" ActualRows="1" Batches="0" ActualExecutionMode="Row" ActualElapsedms="2" ActualCPUms="2" ActualScans="0" ActualLogicalReads="2" ActualPhysicalReads="0" ActualReadAheads="0" ActualLobLogicalReads="0" ActualLobPhysicalReads="0" ActualLobReadAheads="0" ActualRowsRead="1" ActualEndOfScans="1" ActualExecutions="1">
								</RunTimeCountersPerThread>
							</RunTimeInformation>
							<Update DMLRequestSort="0">
								<Object Database="[PaymentData]" Schema="[dbo]" Table="[PaymentParticipant]" Index="[PK_PaymentParticipant]" IndexKind="Clustered" Storage="RowStore">
								</Object>
								<Object Database="[PaymentData]" Schema="[dbo]" Table="[PaymentParticipant]" Index="[iGCRecord_PaymentParticipant]" IndexKind="NonClustered" Storage="RowStore">
								</Object>
								<Object Database="[PaymentData]" Schema="[dbo]" Table="[PaymentParticipant]" Index="[iObjectType_PaymentParticipant]" IndexKind="NonClustered" Storage="RowStore">
								</Object>
								<SetPredicate>
									<ScalarOperator ScalarString="[PaymentData].[dbo].[PaymentParticipant].[Balance] = [Expr1055],[PaymentData].[dbo].[PaymentParticipant].[Name] = [Inserted].[Name],[PaymentData].[dbo].[PaymentParticipant].[OptimisticLockField] = [Inserted].[OptimisticLockField],[PaymentData].[dbo].[PaymentParticipant].[GCRecord] = [Inserted].[GCRecord],[PaymentData].[dbo].[PaymentParticipant].[ObjectType] = [Inserted].[ObjectType],[PaymentData].[dbo].[PaymentParticipant].[ActiveFrom] = [Inserted].[ActiveFrom],[PaymentData].[dbo].[PaymentParticipant].[InactiveFrom] = [Inserted].[InactiveFrom],[PaymentData].[dbo].[PaymentParticipant].[BankDetails] = [Inserted].[BankDetails],[PaymentData].[dbo].[PaymentParticipant].[Balance2] = [Inserted].[Balance2]">
										<ScalarExpressionList>
											<ScalarOperator>
												<MultipleAssign>
													<Assign>
														<ColumnReference Database="[PaymentData]" Schema="[dbo]" Table="[PaymentParticipant]" Column="Balance">
														</ColumnReference>
														<ScalarOperator>
															<Identifier>
																<ColumnReference Column="Expr1055">
																</ColumnReference>
															</Identifier>
														</ScalarOperator>
													</Assign>
													<Assign>
														<ColumnReference Database="[PaymentData]" Schema="[dbo]" Table="[PaymentParticipant]" Column="Name">
														</ColumnReference>
														<ScalarOperator>
															<Identifier>
																<ColumnReference Table="[Inserted]" Column="Name">
																</ColumnReference>
															</Identifier>
														</ScalarOperator>
													</Assign>
													<Assign>
														<ColumnReference Database="[PaymentData]" Schema="[dbo]" Table="[PaymentParticipant]" Column="OptimisticLockField">
														</ColumnReference>
														<ScalarOperator>
															<Identifier>
																<ColumnReference Table="[Inserted]" Column="OptimisticLockField">
																</ColumnReference>
															</Identifier>
														</ScalarOperator>
													</Assign>
													<Assign>
														<ColumnReference Database="[PaymentData]" Schema="[dbo]" Table="[PaymentParticipant]" Column="GCRecord">
														</ColumnReference>
														<ScalarOperator>
															<Identifier>
																<ColumnReference Table="[Inserted]" Column="GCRecord">
																</ColumnReference>
															</Identifier>
														</ScalarOperator>
													</Assign>
													<Assign>
														<ColumnReference Database="[PaymentData]" Schema="[dbo]" Table="[PaymentParticipant]" Column="ObjectType">
														</ColumnReference>
														<ScalarOperator>
															<Identifier>
																<ColumnReference Table="[Inserted]" Column="ObjectType">
																</ColumnReference>
															</Identifier>
														</ScalarOperator>
													</Assign>
													<Assign>
														<ColumnReference Database="[PaymentData]" Schema="[dbo]" Table="[PaymentParticipant]" Column="ActiveFrom">
														</ColumnReference>
														<ScalarOperator>
															<Identifier>
																<ColumnReference Table="[Inserted]" Column="ActiveFrom">
																</ColumnReference>
															</Identifier>
														</ScalarOperator>
													</Assign>
													<Assign>
														<ColumnReference Database="[PaymentData]" Schema="[dbo]" Table="[PaymentParticipant]" Column="InactiveFrom">
														</ColumnReference>
														<ScalarOperator>
															<Identifier>
																<ColumnReference Table="[Inserted]" Column="InactiveFrom">
																</ColumnReference>
															</Identifier>
														</ScalarOperator>
													</Assign>
													<Assign>
														<ColumnReference Database="[PaymentData]" Schema="[dbo]" Table="[PaymentParticipant]" Column="BankDetails">
														</ColumnReference>
														<ScalarOperator>
															<Identifier>
																<ColumnReference Table="[Inserted]" Column="BankDetails">
																</ColumnReference>
															</Identifier>
														</ScalarOperator>
													</Assign>
													<Assign>
														<ColumnReference Database="[PaymentData]" Schema="[dbo]" Table="[PaymentParticipant]" Column="Balance2">
														</ColumnReference>
														<ScalarOperator>
															<Identifier>
																<ColumnReference Table="[Inserted]" Column="Balance2">
																</ColumnReference>
															</Identifier>
														</ScalarOperator>
													</Assign>
												</MultipleAssign>
											</ScalarOperator>
										</ScalarExpressionList>
									</ScalarOperator>
								</SetPredicate>
								<RelOp NodeId="2" PhysicalOp="Compute Scalar" LogicalOp="Compute Scalar" EstimateRows="1.41421" EstimateIO="0.013125" EstimateCPU="0.000101709" AvgRowSize="573" EstimatedTotalSubtreeCost="1.11329" Parallel="0" EstimateRebinds="0" EstimateRewinds="0" EstimatedExecutionMode="Row">
									<OutputList>
										<ColumnReference Database="[PaymentData]" Schema="[dbo]" Table="[PaymentParticipant]" Column="Oid">
										</ColumnReference>
										<ColumnReference Table="[Inserted]" Column="Name">
										</ColumnReference>
										<ColumnReference Table="[Inserted]" Column="OptimisticLockField">
										</ColumnReference>
										<ColumnReference Table="[Inserted]" Column="GCRecord">
										</ColumnReference>
										<ColumnReference Table="[Inserted]" Column="ObjectType">
										</ColumnReference>
										<ColumnReference Table="[Inserted]" Column="ActiveFrom">
										</ColumnReference>
										<ColumnReference Table="[Inserted]" Column="InactiveFrom">
										</ColumnReference>
										<ColumnReference Table="[Inserted]" Column="BankDetails">
										</ColumnReference>
										<ColumnReference Table="[Inserted]" Column="Balance2">
										</ColumnReference>
										<ColumnReference Column="Expr1055">
										</ColumnReference>
										<ColumnReference Column="Expr1067">
										</ColumnReference>
										<ColumnReference Column="Expr1068">
										</ColumnReference>
									</OutputList>
									<RunTimeInformation>
										<RunTimeCountersPerThread Thread="0" ActualRows="1" Batches="0" ActualExecutionMode="Row" ActualElapsedms="2" ActualCPUms="2" ActualEndOfScans="1" ActualExecutions="1">
										</RunTimeCountersPerThread>
									</RunTimeInformation>
									<ComputeScalar>
										<DefinedValues>
											<DefinedValue>
												<ColumnReference Column="Expr1067">
												</ColumnReference>
												<ScalarOperator ScalarString="[Expr1067]">
													<Identifier>
														<ColumnReference Column="Expr1067">
														</ColumnReference>
													</Identifier>
												</ScalarOperator>
											</DefinedValue>
											<DefinedValue>
												<ColumnReference Column="Expr1068">
												</ColumnReference>
												<ScalarOperator ScalarString="[Expr1068]">
													<Identifier>
														<ColumnReference Column="Expr1068">
														</ColumnReference>
													</Identifier>
												</ScalarOperator>
											</DefinedValue>
										</DefinedValues>
										<RelOp NodeId="3" PhysicalOp="Table Spool" LogicalOp="Eager Spool" EstimateRows="1.41421" EstimateIO="0.013125" EstimateCPU="0.000101709" AvgRowSize="573" EstimatedTotalSubtreeCost="1.11329" Parallel="0" EstimateRebinds="0" EstimateRewinds="0" EstimatedExecutionMode="Row">
											<OutputList>
												<ColumnReference Database="[PaymentData]" Schema="[dbo]" Table="[PaymentParticipant]" Column="Oid">
												</ColumnReference>
												<ColumnReference Table="[Inserted]" Column="Name">
												</ColumnReference>
												<ColumnReference Table="[Inserted]" Column="OptimisticLockField">
												</ColumnReference>
												<ColumnReference Table="[Inserted]" Column="GCRecord">
												</ColumnReference>
												<ColumnReference Table="[Inserted]" Column="ObjectType">
												</ColumnReference>
												<ColumnReference Table="[Inserted]" Column="ActiveFrom">
												</ColumnReference>
												<ColumnReference Table="[Inserted]" Column="InactiveFrom">
												</ColumnReference>
												<ColumnReference Table="[Inserted]" Column="BankDetails">
												</ColumnReference>
												<ColumnReference Table="[Inserted]" Column="Balance2">
												</ColumnReference>
												<ColumnReference Column="Expr1055">
												</ColumnReference>
												<ColumnReference Column="Expr1067">
												</ColumnReference>
												<ColumnReference Column="Expr1068">
												</ColumnReference>
											</OutputList>
											<RunTimeInformation>
												<RunTimeCountersPerThread Thread="0" ActualRows="1" Batches="0" ActualExecutionMode="Row" ActualElapsedms="2" ActualCPUms="2" ActualScans="1" ActualLogicalReads="5" ActualPhysicalReads="0" ActualReadAheads="0" ActualLobLogicalReads="0" ActualLobPhysicalReads="0" ActualLobReadAheads="0" ActualRowsRead="1" ActualRebinds="1" ActualRewinds="0" ActualEndOfScans="1" ActualExecutions="1">
												</RunTimeCountersPerThread>
											</RunTimeInformation>
											<Spool>
												<RelOp NodeId="4" PhysicalOp="Compute Scalar" LogicalOp="Compute Scalar" EstimateRows="1.41421" EstimateIO="0" EstimateCPU="1.41421e-07" AvgRowSize="573" EstimatedTotalSubtreeCost="1.10007" Parallel="0" EstimateRebinds="0" EstimateRewinds="0" EstimatedExecutionMode="Row">
													<OutputList>
														<ColumnReference Database="[PaymentData]" Schema="[dbo]" Table="[PaymentParticipant]" Column="Oid">
														</ColumnReference>
														<ColumnReference Table="[Inserted]" Column="Name">
														</ColumnReference>
														<ColumnReference Table="[Inserted]" Column="OptimisticLockField">
														</ColumnReference>
														<ColumnReference Table="[Inserted]" Column="GCRecord">
														</ColumnReference>
														<ColumnReference Table="[Inserted]" Column="ObjectType">
														</ColumnReference>
														<ColumnReference Table="[Inserted]" Column="ActiveFrom">
														</ColumnReference>
														<ColumnReference Table="[Inserted]" Column="InactiveFrom">
														</ColumnReference>
														<ColumnReference Table="[Inserted]" Column="BankDetails">
														</ColumnReference>
														<ColumnReference Table="[Inserted]" Column="Balance2">
														</ColumnReference>
														<ColumnReference Column="Expr1055">
														</ColumnReference>
														<ColumnReference Column="Expr1067">
														</ColumnReference>
														<ColumnReference Column="Expr1068">
														</ColumnReference>
													</OutputList>
													<ComputeScalar>
														<DefinedValues>
															<DefinedValue>
																<ColumnReference Column="Expr1067">
																</ColumnReference>
																<ScalarOperator ScalarString="CASE WHEN [Expr1061] THEN (0) ELSE (1) END">
																	<IF>
																		<Condition>
																			<ScalarOperator>
																				<Identifier>
																					<ColumnReference Column="Expr1061">
																					</ColumnReference>
																				</Identifier>
																			</ScalarOperator>
																		</Condition>
																		<Then>
																			<ScalarOperator>
																				<Const ConstValue="(0)">
																				</Const>
																			</ScalarOperator>
																		</Then>
																		<Else>
																			<ScalarOperator>
																				<Const ConstValue="(1)">
																				</Const>
																			</ScalarOperator>
																		</Else>
																	</IF>
																</ScalarOperator>
															</DefinedValue>
															<DefinedValue>
																<ColumnReference Column="Expr1068">
																</ColumnReference>
																<ScalarOperator ScalarString="CASE WHEN [Expr1062] THEN (0) ELSE (1) END">
																	<IF>
																		<Condition>
																			<ScalarOperator>
																				<Identifier>
																					<ColumnReference Column="Expr1062">
																					</ColumnReference>
																				</Identifier>
																			</ScalarOperator>
																		</Condition>
																		<Then>
																			<ScalarOperator>
																				<Const ConstValue="(0)">
																				</Const>
																			</ScalarOperator>
																		</Then>
																		<Else>
																			<ScalarOperator>
																				<Const ConstValue="(1)">
																				</Const>
																			</ScalarOperator>
																		</Else>
																	</IF>
																</ScalarOperator>
															</DefinedValue>
														</DefinedValues>
														<RelOp NodeId="5" PhysicalOp="Compute Scalar" LogicalOp="Compute Scalar" EstimateRows="1.41421" EstimateIO="0" EstimateCPU="1.41421e-07" AvgRowSize="566" EstimatedTotalSubtreeCost="1.10007" Parallel="0" EstimateRebinds="0" EstimateRewinds="0" EstimatedExecutionMode="Row">
															<OutputList>
																<ColumnReference Database="[PaymentData]" Schema="[dbo]" Table="[PaymentParticipant]" Column="Oid">
																</ColumnReference>
																<ColumnReference Table="[Inserted]" Column="Name">
																</ColumnReference>
																<ColumnReference Table="[Inserted]" Column="OptimisticLockField">
																</ColumnReference>
																<ColumnReference Table="[Inserted]" Column="GCRecord">
																</ColumnReference>
																<ColumnReference Table="[Inserted]" Column="ObjectType">
																</ColumnReference>
																<ColumnReference Table="[Inserted]" Column="ActiveFrom">
																</ColumnReference>
																<ColumnReference Table="[Inserted]" Column="InactiveFrom">
																</ColumnReference>
																<ColumnReference Table="[Inserted]" Column="BankDetails">
																</ColumnReference>
																<ColumnReference Table="[Inserted]" Column="Balance2">
																</ColumnReference>
																<ColumnReference Column="Expr1055">
																</ColumnReference>
																<ColumnReference Column="Expr1061">
																</ColumnReference>
																<ColumnReference Column="Expr1062">
																</ColumnReference>
															</OutputList>
															<ComputeScalar>
																<DefinedValues>
																	<DefinedValue>
																		<ColumnReference Column="Expr1055">
																		</ColumnReference>
																		<ScalarOperator ScalarString="CONVERT_IMPLICIT(int,CASE WHEN CASE WHEN [Expr1020]=(0) THEN NULL ELSE [Expr1021] END IS NOT NULL THEN CASE WHEN [Expr1020]=(0) THEN NULL ELSE [Expr1021] END ELSE (0) END-CASE WHEN CASE WHEN [Expr1035]=(0) THEN NULL ELSE [Expr1036] END IS NOT NULL THEN CASE WHEN [Expr1035]=(0) THEN NULL ELSE [Expr1036] END ELSE (0) END-CASE WHEN CASE WHEN [Expr1048]=(0) THEN NULL ELSE [Expr1049] END IS NOT NULL THEN CASE WHEN [Expr1048]=(0) THEN NULL ELSE [Expr1049] END ELSE (0) END,0)">
																			<Convert DataType="int" Style="0" Implicit="1">
																				<ScalarOperator>
																					<Arithmetic Operation="SUB">
																						<ScalarOperator>
																							<Arithmetic Operation="SUB">
																								<ScalarOperator>
																									<IF>
																										<Condition>
																											<ScalarOperator>
																												<Compare CompareOp="IS NOT">
																													<ScalarOperator>
																														<IF>
																															<Condition>
																																<ScalarOperator>
																																	<Compare CompareOp="EQ">
																																		<ScalarOperator>
																																			<Identifier>
																																				<ColumnReference Column="Expr1020">
																																				</ColumnReference>
																																			</Identifier>
																																		</ScalarOperator>
																																		<ScalarOperator>
																																			<Const ConstValue="(0)">
																																			</Const>
																																		</ScalarOperator>
																																	</Compare>
																																</ScalarOperator>
																															</Condition>
																															<Then>
																																<ScalarOperator>
																																	<Const ConstValue="NULL">
																																	</Const>
																																</ScalarOperator>
																															</Then>
																															<Else>
																																<ScalarOperator>
																																	<Identifier>
																																		<ColumnReference Column="Expr1021">
																																		</ColumnReference>
																																	</Identifier>
																																</ScalarOperator>
																															</Else>
																														</IF>
																													</ScalarOperator>
																													<ScalarOperator>
																														<Const ConstValue="NULL">
																														</Const>
																													</ScalarOperator>
																												</Compare>
																											</ScalarOperator>
																										</Condition>
																										<Then>
																											<ScalarOperator>
																												<IF>
																													<Condition>
																														<ScalarOperator>
																															<Compare CompareOp="EQ">
																																<ScalarOperator>
																																	<Identifier>
																																		<ColumnReference Column="Expr1020">
																																		</ColumnReference>
																																	</Identifier>
																																</ScalarOperator>
																																<ScalarOperator>
																																	<Const ConstValue="(0)">
																																	</Const>
																																</ScalarOperator>
																															</Compare>
																														</ScalarOperator>
																													</Condition>
																													<Then>
																														<ScalarOperator>
																															<Const ConstValue="NULL">
																															</Const>
																														</ScalarOperator>
																													</Then>
																													<Else>
																														<ScalarOperator>
																															<Identifier>
																																<ColumnReference Column="Expr1021">
																																</ColumnReference>
																															</Identifier>
																														</ScalarOperator>
																													</Else>
																												</IF>
																											</ScalarOperator>
																										</Then>
																										<Else>
																											<ScalarOperator>
																												<Const ConstValue="(0)">
																												</Const>
																											</ScalarOperator>
																										</Else>
																									</IF>
																								</ScalarOperator>
																								<ScalarOperator>
																									<IF>
																										<Condition>
																											<ScalarOperator>
																												<Compare CompareOp="IS NOT">
																													<ScalarOperator>
																														<IF>
																															<Condition>
																																<ScalarOperator>
																																	<Compare CompareOp="EQ">
																																		<ScalarOperator>
																																			<Identifier>
																																				<ColumnReference Column="Expr1035">
																																				</ColumnReference>
																																			</Identifier>
																																		</ScalarOperator>
																																		<ScalarOperator>
																																			<Const ConstValue="(0)">
																																			</Const>
																																		</ScalarOperator>
																																	</Compare>
																																</ScalarOperator>
																															</Condition>
																															<Then>
																																<ScalarOperator>
																																	<Const ConstValue="NULL">
																																	</Const>
																																</ScalarOperator>
																															</Then>
																															<Else>
																																<ScalarOperator>
																																	<Identifier>
																																		<ColumnReference Column="Expr1036">
																																		</ColumnReference>
																																	</Identifier>
																																</ScalarOperator>
																															</Else>
																														</IF>
																													</ScalarOperator>
																													<ScalarOperator>
																														<Const ConstValue="NULL">
																														</Const>
																													</ScalarOperator>
																												</Compare>
																											</ScalarOperator>
																										</Condition>
																										<Then>
																											<ScalarOperator>
																												<IF>
																													<Condition>
																														<ScalarOperator>
																															<Compare CompareOp="EQ">
																																<ScalarOperator>
																																	<Identifier>
																																		<ColumnReference Column="Expr1035">
																																		</ColumnReference>
																																	</Identifier>
																																</ScalarOperator>
																																<ScalarOperator>
																																	<Const ConstValue="(0)">
																																	</Const>
																																</ScalarOperator>
																															</Compare>
																														</ScalarOperator>
																													</Condition>
																													<Then>
																														<ScalarOperator>
																															<Const ConstValue="NULL">
																															</Const>
																														</ScalarOperator>
																													</Then>
																													<Else>
																														<ScalarOperator>
																															<Identifier>
																																<ColumnReference Column="Expr1036">
																																</ColumnReference>
																															</Identifier>
																														</ScalarOperator>
																													</Else>
																												</IF>
																											</ScalarOperator>
																										</Then>
																										<Else>
																											<ScalarOperator>
																												<Const ConstValue="(0)">
																												</Const>
																											</ScalarOperator>
																										</Else>
																									</IF>
																								</ScalarOperator>
																							</Arithmetic>
																						</ScalarOperator>
																						<ScalarOperator>
																							<IF>
																								<Condition>
																									<ScalarOperator>
																										<Compare CompareOp="IS NOT">
																											<ScalarOperator>
																												<IF>
																													<Condition>
																														<ScalarOperator>
																															<Compare CompareOp="EQ">
																																<ScalarOperator>
																																	<Identifier>
																																		<ColumnReference Column="Expr1048">
																																		</ColumnReference>
																																	</Identifier>
																																</ScalarOperator>
																																<ScalarOperator>
																																	<Const ConstValue="(0)">
																																	</Const>
																																</ScalarOperator>
																															</Compare>
																														</ScalarOperator>
																													</Condition>
																													<Then>
																														<ScalarOperator>
																															<Const ConstValue="NULL">
																															</Const>
																														</ScalarOperator>
																													</Then>
																													<Else>
																														<ScalarOperator>
																															<Identifier>
																																<ColumnReference Column="Expr1049">
																																</ColumnReference>
																															</Identifier>
																														</ScalarOperator>
																													</Else>
																												</IF>
																											</ScalarOperator>
																											<ScalarOperator>
																												<Const ConstValue="NULL">
																												</Const>
																											</ScalarOperator>
																										</Compare>
																									</ScalarOperator>
																								</Condition>
																								<Then>
																									<ScalarOperator>
																										<IF>
																											<Condition>
																												<ScalarOperator>
																													<Compare CompareOp="EQ">
																														<ScalarOperator>
																															<Identifier>
																																<ColumnReference Column="Expr1048">
																																</ColumnReference>
																															</Identifier>
																														</ScalarOperator>
																														<ScalarOperator>
																															<Const ConstValue="(0)">
																															</Const>
																														</ScalarOperator>
																													</Compare>
																												</ScalarOperator>
																											</Condition>
																											<Then>
																												<ScalarOperator>
																													<Const ConstValue="NULL">
																													</Const>
																												</ScalarOperator>
																											</Then>
																											<Else>
																												<ScalarOperator>
																													<Identifier>
																														<ColumnReference Column="Expr1049">
																														</ColumnReference>
																													</Identifier>
																												</ScalarOperator>
																											</Else>
																										</IF>
																									</ScalarOperator>
																								</Then>
																								<Else>
																									<ScalarOperator>
																										<Const ConstValue="(0)">
																										</Const>
																									</ScalarOperator>
																								</Else>
																							</IF>
																						</ScalarOperator>
																					</Arithmetic>
																				</ScalarOperator>
																			</Convert>
																		</ScalarOperator>
																	</DefinedValue>
																	<DefinedValue>
																		<ColumnReference Column="Expr1061">
																		</ColumnReference>
																		<ScalarOperator ScalarString="CASE WHEN [PaymentData].[dbo].[PaymentParticipant].[GCRecord] = [Inserted].[GCRecord] THEN (1) ELSE (0) END">
																			<IF>
																				<Condition>
																					<ScalarOperator>
																						<Compare CompareOp="BINARY IS">
																							<ScalarOperator>
																								<Identifier>
																									<ColumnReference Database="[PaymentData]" Schema="[dbo]" Table="[PaymentParticipant]" Column="GCRecord">
																									</ColumnReference>
																								</Identifier>
																							</ScalarOperator>
																							<ScalarOperator>
																								<Identifier>
																									<ColumnReference Table="[Inserted]" Column="GCRecord">
																									</ColumnReference>
																								</Identifier>
																							</ScalarOperator>
																						</Compare>
																					</ScalarOperator>
																				</Condition>
																				<Then>
																					<ScalarOperator>
																						<Const ConstValue="(1)">
																						</Const>
																					</ScalarOperator>
																				</Then>
																				<Else>
																					<ScalarOperator>
																						<Const ConstValue="(0)">
																						</Const>
																					</ScalarOperator>
																				</Else>
																			</IF>
																		</ScalarOperator>
																	</DefinedValue>
																	<DefinedValue>
																		<ColumnReference Column="Expr1062">
																		</ColumnReference>
																		<ScalarOperator ScalarString="CASE WHEN [PaymentData].[dbo].[PaymentParticipant].[ObjectType] = [Inserted].[ObjectType] THEN (1) ELSE (0) END">
																			<IF>
																				<Condition>
																					<ScalarOperator>
																						<Compare CompareOp="BINARY IS">
																							<ScalarOperator>
																								<Identifier>
																									<ColumnReference Database="[PaymentData]" Schema="[dbo]" Table="[PaymentParticipant]" Column="ObjectType">
																									</ColumnReference>
																								</Identifier>
																							</ScalarOperator>
																							<ScalarOperator>
																								<Identifier>
																									<ColumnReference Table="[Inserted]" Column="ObjectType">
																									</ColumnReference>
																								</Identifier>
																							</ScalarOperator>
																						</Compare>
																					</ScalarOperator>
																				</Condition>
																				<Then>
																					<ScalarOperator>
																						<Const ConstValue="(1)">
																						</Const>
																					</ScalarOperator>
																				</Then>
																				<Else>
																					<ScalarOperator>
																						<Const ConstValue="(0)">
																						</Const>
																					</ScalarOperator>
																				</Else>
																			</IF>
																		</ScalarOperator>
																	</DefinedValue>
																</DefinedValues>
																<RelOp NodeId="6" PhysicalOp="Nested Loops" LogicalOp="Inner Join" EstimateRows="1.41421" EstimateIO="0" EstimateCPU="5.91141e-06" AvgRowSize="594" EstimatedTotalSubtreeCost="1.10007" Parallel="0" EstimateRebinds="0" EstimateRewinds="0" EstimatedExecutionMode="Row">
																	<OutputList>
																		<ColumnReference Database="[PaymentData]" Schema="[dbo]" Table="[PaymentParticipant]" Column="Oid">
																		</ColumnReference>
																		<ColumnReference Database="[PaymentData]" Schema="[dbo]" Table="[PaymentParticipant]" Column="GCRecord">
																		</ColumnReference>
																		<ColumnReference Database="[PaymentData]" Schema="[dbo]" Table="[PaymentParticipant]" Column="ObjectType">
																		</ColumnReference>
																		<ColumnReference Table="[Inserted]" Column="Name">
																		</ColumnReference>
																		<ColumnReference Table="[Inserted]" Column="OptimisticLockField">
																		</ColumnReference>
																		<ColumnReference Table="[Inserted]" Column="GCRecord">
																		</ColumnReference>
																		<ColumnReference Table="[Inserted]" Column="ObjectType">
																		</ColumnReference>
																		<ColumnReference Table="[Inserted]" Column="ActiveFrom">
																		</ColumnReference>
																		<ColumnReference Table="[Inserted]" Column="InactiveFrom">
																		</ColumnReference>
																		<ColumnReference Table="[Inserted]" Column="BankDetails">
																		</ColumnReference>
																		<ColumnReference Table="[Inserted]" Column="Balance2">
																		</ColumnReference>
																		<ColumnReference Column="Expr1020">
																		</ColumnReference>
																		<ColumnReference Column="Expr1021">
																		</ColumnReference>
																		<ColumnReference Column="Expr1035">
																		</ColumnReference>
																		<ColumnReference Column="Expr1036">
																		</ColumnReference>
																		<ColumnReference Column="Expr1048">
																		</ColumnReference>
																		<ColumnReference Column="Expr1049">
																		</ColumnReference>
																	</OutputList>
																	<RunTimeInformation>
																		<RunTimeCountersPerThread Thread="0" ActualRows="1" Batches="0" ActualExecutionMode="Row" ActualElapsedms="2" ActualCPUms="2" ActualEndOfScans="1" ActualExecutions="1">
																		</RunTimeCountersPerThread>
																	</RunTimeInformation>
																	<NestedLoops Optimized="0">
																		<OuterReferences>
																			<ColumnReference Table="[Inserted]" Column="Oid">
																			</ColumnReference>
																		</OuterReferences>
																		<RelOp NodeId="7" PhysicalOp="Stream Aggregate" LogicalOp="Aggregate" EstimateRows="1.41421" EstimateIO="0" EstimateCPU="1.41421e-06" AvgRowSize="585" EstimatedTotalSubtreeCost="0.0180024" Parallel="0" EstimateRebinds="0" EstimateRewinds="0" EstimatedExecutionMode="Row">
																			<OutputList>
																				<ColumnReference Database="[PaymentData]" Schema="[dbo]" Table="[PaymentParticipant]" Column="Oid">
																				</ColumnReference>
																				<ColumnReference Database="[PaymentData]" Schema="[dbo]" Table="[PaymentParticipant]" Column="GCRecord">
																				</ColumnReference>
																				<ColumnReference Database="[PaymentData]" Schema="[dbo]" Table="[PaymentParticipant]" Column="ObjectType">
																				</ColumnReference>
																				<ColumnReference Table="[Inserted]" Column="Oid">
																				</ColumnReference>
																				<ColumnReference Table="[Inserted]" Column="Name">
																				</ColumnReference>
																				<ColumnReference Table="[Inserted]" Column="OptimisticLockField">
																				</ColumnReference>
																				<ColumnReference Table="[Inserted]" Column="GCRecord">
																				</ColumnReference>
																				<ColumnReference Table="[Inserted]" Column="ObjectType">
																				</ColumnReference>
																				<ColumnReference Table="[Inserted]" Column="ActiveFrom">
																				</ColumnReference>
																				<ColumnReference Table="[Inserted]" Column="InactiveFrom">
																				</ColumnReference>
																				<ColumnReference Table="[Inserted]" Column="BankDetails">
																				</ColumnReference>
																				<ColumnReference Table="[Inserted]" Column="Balance2">
																				</ColumnReference>
																			</OutputList>
																			<RunTimeInformation>
																				<RunTimeCountersPerThread Thread="0" ActualRows="1" Batches="0" ActualExecutionMode="Row" ActualElapsedms="0" ActualCPUms="0" ActualEndOfScans="1" ActualExecutions="1">
																				</RunTimeCountersPerThread>
																			</RunTimeInformation>
																			<StreamAggregate>
																				<DefinedValues>
																					<DefinedValue>
																						<ColumnReference Database="[PaymentData]" Schema="[dbo]" Table="[PaymentParticipant]" Column="GCRecord">
																						</ColumnReference>
																						<ScalarOperator ScalarString="ANY([PaymentData].[dbo].[PaymentParticipant].[GCRecord])">
																							<Aggregate Distinct="0" AggType="ANY">
																								<ScalarOperator>
																									<Identifier>
																										<ColumnReference Database="[PaymentData]" Schema="[dbo]" Table="[PaymentParticipant]" Column="GCRecord">
																										</ColumnReference>
																									</Identifier>
																								</ScalarOperator>
																							</Aggregate>
																						</ScalarOperator>
																					</DefinedValue>
																					<DefinedValue>
																						<ColumnReference Database="[PaymentData]" Schema="[dbo]" Table="[PaymentParticipant]" Column="ObjectType">
																						</ColumnReference>
																						<ScalarOperator ScalarString="ANY([PaymentData].[dbo].[PaymentParticipant].[ObjectType])">
																							<Aggregate Distinct="0" AggType="ANY">
																								<ScalarOperator>
																									<Identifier>
																										<ColumnReference Database="[PaymentData]" Schema="[dbo]" Table="[PaymentParticipant]" Column="ObjectType">
																										</ColumnReference>
																									</Identifier>
																								</ScalarOperator>
																							</Aggregate>
																						</ScalarOperator>
																					</DefinedValue>
																					<DefinedValue>
																						<ColumnReference Table="[Inserted]" Column="Oid">
																						</ColumnReference>
																						<ScalarOperator ScalarString="ANY([Inserted].[Oid])">
																							<Aggregate Distinct="0" AggType="ANY">
																								<ScalarOperator>
																									<Identifier>
																										<ColumnReference Table="[Inserted]" Column="Oid">
																										</ColumnReference>
																									</Identifier>
																								</ScalarOperator>
																							</Aggregate>
																						</ScalarOperator>
																					</DefinedValue>
																					<DefinedValue>
																						<ColumnReference Table="[Inserted]" Column="Name">
																						</ColumnReference>
																						<ScalarOperator ScalarString="ANY([Inserted].[Name])">
																							<Aggregate Distinct="0" AggType="ANY">
																								<ScalarOperator>
																									<Identifier>
																										<ColumnReference Table="[Inserted]" Column="Name">
																										</ColumnReference>
																									</Identifier>
																								</ScalarOperator>
																							</Aggregate>
																						</ScalarOperator>
																					</DefinedValue>
																					<DefinedValue>
																						<ColumnReference Table="[Inserted]" Column="OptimisticLockField">
																						</ColumnReference>
																						<ScalarOperator ScalarString="ANY([Inserted].[OptimisticLockField])">
																							<Aggregate Distinct="0" AggType="ANY">
																								<ScalarOperator>
																									<Identifier>
																										<ColumnReference Table="[Inserted]" Column="OptimisticLockField">
																										</ColumnReference>
																									</Identifier>
																								</ScalarOperator>
																							</Aggregate>
																						</ScalarOperator>
																					</DefinedValue>
																					<DefinedValue>
																						<ColumnReference Table="[Inserted]" Column="GCRecord">
																						</ColumnReference>
																						<ScalarOperator ScalarString="ANY([Inserted].[GCRecord])">
																							<Aggregate Distinct="0" AggType="ANY">
																								<ScalarOperator>
																									<Identifier>
																										<ColumnReference Table="[Inserted]" Column="GCRecord">
																										</ColumnReference>
																									</Identifier>
																								</ScalarOperator>
																							</Aggregate>
																						</ScalarOperator>
																					</DefinedValue>
																					<DefinedValue>
																						<ColumnReference Table="[Inserted]" Column="ObjectType">
																						</ColumnReference>
																						<ScalarOperator ScalarString="ANY([Inserted].[ObjectType])">
																							<Aggregate Distinct="0" AggType="ANY">
																								<ScalarOperator>
																									<Identifier>
																										<ColumnReference Table="[Inserted]" Column="ObjectType">
																										</ColumnReference>
																									</Identifier>
																								</ScalarOperator>
																							</Aggregate>
																						</ScalarOperator>
																					</DefinedValue>
																					<DefinedValue>
																						<ColumnReference Table="[Inserted]" Column="ActiveFrom">
																						</ColumnReference>
																						<ScalarOperator ScalarString="ANY([Inserted].[ActiveFrom])">
																							<Aggregate Distinct="0" AggType="ANY">
																								<ScalarOperator>
																									<Identifier>
																										<ColumnReference Table="[Inserted]" Column="ActiveFrom">
																										</ColumnReference>
																									</Identifier>
																								</ScalarOperator>
																							</Aggregate>
																						</ScalarOperator>
																					</DefinedValue>
																					<DefinedValue>
																						<ColumnReference Table="[Inserted]" Column="InactiveFrom">
																						</ColumnReference>
																						<ScalarOperator ScalarString="ANY([Inserted].[InactiveFrom])">
																							<Aggregate Distinct="0" AggType="ANY">
																								<ScalarOperator>
																									<Identifier>
																										<ColumnReference Table="[Inserted]" Column="InactiveFrom">
																										</ColumnReference>
																									</Identifier>
																								</ScalarOperator>
																							</Aggregate>
																						</ScalarOperator>
																					</DefinedValue>
																					<DefinedValue>
																						<ColumnReference Table="[Inserted]" Column="BankDetails">
																						</ColumnReference>
																						<ScalarOperator ScalarString="ANY([Inserted].[BankDetails])">
																							<Aggregate Distinct="0" AggType="ANY">
																								<ScalarOperator>
																									<Identifier>
																										<ColumnReference Table="[Inserted]" Column="BankDetails">
																										</ColumnReference>
																									</Identifier>
																								</ScalarOperator>
																							</Aggregate>
																						</ScalarOperator>
																					</DefinedValue>
																					<DefinedValue>
																						<ColumnReference Table="[Inserted]" Column="Balance2">
																						</ColumnReference>
																						<ScalarOperator ScalarString="ANY([Inserted].[Balance2])">
																							<Aggregate Distinct="0" AggType="ANY">
																								<ScalarOperator>
																									<Identifier>
																										<ColumnReference Table="[Inserted]" Column="Balance2">
																										</ColumnReference>
																									</Identifier>
																								</ScalarOperator>
																							</Aggregate>
																						</ScalarOperator>
																					</DefinedValue>
																				</DefinedValues>
																				<GroupBy>
																					<ColumnReference Database="[PaymentData]" Schema="[dbo]" Table="[PaymentParticipant]" Column="Oid">
																					</ColumnReference>
																				</GroupBy>
																				<RelOp NodeId="8" PhysicalOp="Nested Loops" LogicalOp="Inner Join" EstimateRows="1.41421" EstimateIO="0" EstimateCPU="5.91141e-06" AvgRowSize="585" EstimatedTotalSubtreeCost="0.018001" Parallel="0" EstimateRebinds="0" EstimateRewinds="0" EstimatedExecutionMode="Row">
																					<OutputList>
																						<ColumnReference Database="[PaymentData]" Schema="[dbo]" Table="[PaymentParticipant]" Column="Oid">
																						</ColumnReference>
																						<ColumnReference Database="[PaymentData]" Schema="[dbo]" Table="[PaymentParticipant]" Column="GCRecord">
																						</ColumnReference>
																						<ColumnReference Database="[PaymentData]" Schema="[dbo]" Table="[PaymentParticipant]" Column="ObjectType">
																						</ColumnReference>
																						<ColumnReference Table="[Inserted]" Column="Oid">
																						</ColumnReference>
																						<ColumnReference Table="[Inserted]" Column="Name">
																						</ColumnReference>
																						<ColumnReference Table="[Inserted]" Column="OptimisticLockField">
																						</ColumnReference>
																						<ColumnReference Table="[Inserted]" Column="GCRecord">
																						</ColumnReference>
																						<ColumnReference Table="[Inserted]" Column="ObjectType">
																						</ColumnReference>
																						<ColumnReference Table="[Inserted]" Column="ActiveFrom">
																						</ColumnReference>
																						<ColumnReference Table="[Inserted]" Column="InactiveFrom">
																						</ColumnReference>
																						<ColumnReference Table="[Inserted]" Column="BankDetails">
																						</ColumnReference>
																						<ColumnReference Table="[Inserted]" Column="Balance2">
																						</ColumnReference>
																					</OutputList>
																					<RunTimeInformation>
																						<RunTimeCountersPerThread Thread="0" ActualRows="1" Batches="0" ActualExecutionMode="Row" ActualElapsedms="0" ActualCPUms="0" ActualEndOfScans="1" ActualExecutions="1">
																						</RunTimeCountersPerThread>
																					</RunTimeInformation>
																					<NestedLoops Optimized="0">
																						<OuterReferences>
																							<ColumnReference Table="[Inserted]" Column="Oid">
																							</ColumnReference>
																						</OuterReferences>
																						<RelOp NodeId="9" PhysicalOp="Sort" LogicalOp="Sort" EstimateRows="1.41421" EstimateIO="0.0112613" EstimateCPU="0.000101664" AvgRowSize="561" EstimatedTotalSubtreeCost="0.0146465" Parallel="0" EstimateRebinds="0" EstimateRewinds="0" EstimatedExecutionMode="Row">
																							<OutputList>
																								<ColumnReference Table="[Inserted]" Column="Oid">
																								</ColumnReference>
																								<ColumnReference Table="[Inserted]" Column="Name">
																								</ColumnReference>
																								<ColumnReference Table="[Inserted]" Column="OptimisticLockField">
																								</ColumnReference>
																								<ColumnReference Table="[Inserted]" Column="GCRecord">
																								</ColumnReference>
																								<ColumnReference Table="[Inserted]" Column="ObjectType">
																								</ColumnReference>
																								<ColumnReference Table="[Inserted]" Column="ActiveFrom">
																								</ColumnReference>
																								<ColumnReference Table="[Inserted]" Column="InactiveFrom">
																								</ColumnReference>
																								<ColumnReference Table="[Inserted]" Column="BankDetails">
																								</ColumnReference>
																								<ColumnReference Table="[Inserted]" Column="Balance2">
																								</ColumnReference>
																							</OutputList>
																							<MemoryFractions Input="1" Output="0.0655738">
																							</MemoryFractions>
																							<RunTimeInformation>
																								<RunTimeCountersPerThread Thread="0" ActualRows="1" Batches="0" ActualExecutionMode="Row" ActualElapsedms="0" ActualCPUms="0" ActualScans="0" ActualLogicalReads="0" ActualPhysicalReads="0" ActualReadAheads="0" ActualLobLogicalReads="0" ActualLobPhysicalReads="0" ActualLobReadAheads="0" ActualRebinds="1" ActualRewinds="0" ActualEndOfScans="1" ActualExecutions="1" InputMemoryGrant="1000" OutputMemoryGrant="160" UsedMemoryGrant="0">
																								</RunTimeCountersPerThread>
																							</RunTimeInformation>
																							<Sort Distinct="0">
																								<OrderBy>
																									<OrderByColumn Ascending="1">
																										<ColumnReference Table="[Inserted]" Column="Oid">
																										</ColumnReference>
																									</OrderByColumn>
																								</OrderBy>
																								<RelOp NodeId="10" PhysicalOp="Clustered Index Seek" LogicalOp="Clustered Index Seek" EstimateRows="1.41421" EstimatedRowsRead="1.41421" EstimateIO="0.003125" EstimateCPU="0.000158556" AvgRowSize="561" EstimatedTotalSubtreeCost="0.00328356" TableCardinality="2" Parallel="0" EstimateRebinds="0" EstimateRewinds="0" EstimatedExecutionMode="Row">
																									<OutputList>
																										<ColumnReference Table="[Inserted]" Column="Oid">
																										</ColumnReference>
																										<ColumnReference Table="[Inserted]" Column="Name">
																										</ColumnReference>
																										<ColumnReference Table="[Inserted]" Column="OptimisticLockField">
																										</ColumnReference>
																										<ColumnReference Table="[Inserted]" Column="GCRecord">
																										</ColumnReference>
																										<ColumnReference Table="[Inserted]" Column="ObjectType">
																										</ColumnReference>
																										<ColumnReference Table="[Inserted]" Column="ActiveFrom">
																										</ColumnReference>
																										<ColumnReference Table="[Inserted]" Column="InactiveFrom">
																										</ColumnReference>
																										<ColumnReference Table="[Inserted]" Column="BankDetails">
																										</ColumnReference>
																										<ColumnReference Table="[Inserted]" Column="Balance2">
																										</ColumnReference>
																									</OutputList>
																									<RunTimeInformation>
																										<RunTimeCountersPerThread Thread="0" ActualRows="1" Batches="0" ActualExecutionMode="Row" ActualElapsedms="0" ActualCPUms="0" ActualScans="1" ActualLogicalReads="2" ActualPhysicalReads="0" ActualReadAheads="0" ActualLobLogicalReads="0" ActualLobPhysicalReads="0" ActualLobReadAheads="0" ActualRowsRead="1" ActualEndOfScans="1" ActualExecutions="1">
																										</RunTimeCountersPerThread>
																									</RunTimeInformation>
																									<IndexScan Ordered="1" ScanDirection="FORWARD" ForcedIndex="0" ForceSeek="0" ForceScan="0" NoExpandHint="0" Storage="RowStore">
																										<DefinedValues>
																											<DefinedValue>
																												<ColumnReference Table="[Inserted]" Column="Oid">
																												</ColumnReference>
																											</DefinedValue>
																											<DefinedValue>
																												<ColumnReference Table="[Inserted]" Column="Name">
																												</ColumnReference>
																											</DefinedValue>
																											<DefinedValue>
																												<ColumnReference Table="[Inserted]" Column="OptimisticLockField">
																												</ColumnReference>
																											</DefinedValue>
																											<DefinedValue>
																												<ColumnReference Table="[Inserted]" Column="GCRecord">
																												</ColumnReference>
																											</DefinedValue>
																											<DefinedValue>
																												<ColumnReference Table="[Inserted]" Column="ObjectType">
																												</ColumnReference>
																											</DefinedValue>
																											<DefinedValue>
																												<ColumnReference Table="[Inserted]" Column="ActiveFrom">
																												</ColumnReference>
																											</DefinedValue>
																											<DefinedValue>
																												<ColumnReference Table="[Inserted]" Column="InactiveFrom">
																												</ColumnReference>
																											</DefinedValue>
																											<DefinedValue>
																												<ColumnReference Table="[Inserted]" Column="BankDetails">
																												</ColumnReference>
																											</DefinedValue>
																											<DefinedValue>
																												<ColumnReference Table="[Inserted]" Column="Balance2">
																												</ColumnReference>
																											</DefinedValue>
																										</DefinedValues>
																										<Object Table="[Inserted]" Storage="RowStore">
																										</Object>
																										<SeekPredicates>
																											<SeekPredicateNew>
																												<SeekKeys>
																													<Prefix ScanType="EQ">
																														<RangeColumns>
																															<ColumnReference Table="[Inserted]" Column="Act">
																															</ColumnReference>
																														</RangeColumns>
																														<RangeExpressions>
																															<ScalarOperator ScalarString="(4)">
																																<Const ConstValue="(4)">
																																</Const>
																															</ScalarOperator>
																														</RangeExpressions>
																													</Prefix>
																												</SeekKeys>
																											</SeekPredicateNew>
																										</SeekPredicates>
																									</IndexScan>
																								</RelOp>
																							</Sort>
																						</RelOp>
																						<RelOp NodeId="11" PhysicalOp="Clustered Index Seek" LogicalOp="Clustered Index Seek" EstimateRows="1" EstimatedRowsRead="1" EstimateIO="0.003125" EstimateCPU="0.0001581" AvgRowSize="31" EstimatedTotalSubtreeCost="0.00334859" TableCardinality="1006" Parallel="0" EstimateRebinds="0.189207" EstimateRewinds="0.225006" EstimatedExecutionMode="Row">
																							<OutputList>
																								<ColumnReference Database="[PaymentData]" Schema="[dbo]" Table="[PaymentParticipant]" Column="Oid">
																								</ColumnReference>
																								<ColumnReference Database="[PaymentData]" Schema="[dbo]" Table="[PaymentParticipant]" Column="GCRecord">
																								</ColumnReference>
																								<ColumnReference Database="[PaymentData]" Schema="[dbo]" Table="[PaymentParticipant]" Column="ObjectType">
																								</ColumnReference>
																							</OutputList>
																							<RunTimeInformation>
																								<RunTimeCountersPerThread Thread="0" ActualRows="1" Batches="0" ActualExecutionMode="Row" ActualElapsedms="0" ActualCPUms="0" ActualScans="0" ActualLogicalReads="2" ActualPhysicalReads="0" ActualReadAheads="0" ActualLobLogicalReads="0" ActualLobPhysicalReads="0" ActualLobReadAheads="0" ActualRowsRead="1" ActualEndOfScans="0" ActualExecutions="1">
																								</RunTimeCountersPerThread>
																							</RunTimeInformation>
																							<IndexScan Ordered="1" ScanDirection="FORWARD" ForcedIndex="0" ForceSeek="0" ForceScan="0" NoExpandHint="0" Storage="RowStore">
																								<DefinedValues>
																									<DefinedValue>
																										<ColumnReference Database="[PaymentData]" Schema="[dbo]" Table="[PaymentParticipant]" Column="Oid">
																										</ColumnReference>
																									</DefinedValue>
																									<DefinedValue>
																										<ColumnReference Database="[PaymentData]" Schema="[dbo]" Table="[PaymentParticipant]" Column="GCRecord">
																										</ColumnReference>
																									</DefinedValue>
																									<DefinedValue>
																										<ColumnReference Database="[PaymentData]" Schema="[dbo]" Table="[PaymentParticipant]" Column="ObjectType">
																										</ColumnReference>
																									</DefinedValue>
																								</DefinedValues>
																								<Object Database="[PaymentData]" Schema="[dbo]" Table="[PaymentParticipant]" Index="[PK_PaymentParticipant]" IndexKind="Clustered" Storage="RowStore">
																								</Object>
																								<SeekPredicates>
																									<SeekPredicateNew>
																										<SeekKeys>
																											<Prefix ScanType="EQ">
																												<RangeColumns>
																													<ColumnReference Database="[PaymentData]" Schema="[dbo]" Table="[PaymentParticipant]" Column="Oid">
																													</ColumnReference>
																												</RangeColumns>
																												<RangeExpressions>
																													<ScalarOperator ScalarString="[Inserted].[Oid]">
																														<Identifier>
																															<ColumnReference Table="[Inserted]" Column="Oid">
																															</ColumnReference>
																														</Identifier>
																													</ScalarOperator>
																												</RangeExpressions>
																											</Prefix>
																										</SeekKeys>
																									</SeekPredicateNew>
																								</SeekPredicates>
																							</IndexScan>
																						</RelOp>
																					</NestedLoops>
																				</RelOp>
																			</StreamAggregate>
																		</RelOp>
																		<RelOp NodeId="12" PhysicalOp="Nested Loops" LogicalOp="Inner Join" EstimateRows="1" EstimateIO="0" EstimateCPU="4.18e-06" AvgRowSize="31" EstimatedTotalSubtreeCost="1.08206" Parallel="0" EstimateRebinds="0.414214" EstimateRewinds="0" EstimatedExecutionMode="Row">
																			<OutputList>
																				<ColumnReference Column="Expr1020">
																				</ColumnReference>
																				<ColumnReference Column="Expr1021">
																				</ColumnReference>
																				<ColumnReference Column="Expr1035">
																				</ColumnReference>
																				<ColumnReference Column="Expr1036">
																				</ColumnReference>
																				<ColumnReference Column="Expr1048">
																				</ColumnReference>
																				<ColumnReference Column="Expr1049">
																				</ColumnReference>
																			</OutputList>
																			<RunTimeInformation>
																				<RunTimeCountersPerThread Thread="0" ActualRows="1" Batches="0" ActualExecutionMode="Row" ActualElapsedms="1" ActualCPUms="1" ActualEndOfScans="0" ActualExecutions="1">
																				</RunTimeCountersPerThread>
																			</RunTimeInformation>
																			<NestedLoops Optimized="0">
																				<RelOp NodeId="13" PhysicalOp="Nested Loops" LogicalOp="Inner Join" EstimateRows="1" EstimateIO="0" EstimateCPU="4.18e-06" AvgRowSize="23" EstimatedTotalSubtreeCost="0.785855" Parallel="0" EstimateRebinds="0.414214" EstimateRewinds="0" EstimatedExecutionMode="Row">
																					<OutputList>
																						<ColumnReference Column="Expr1020">
																						</ColumnReference>
																						<ColumnReference Column="Expr1021">
																						</ColumnReference>
																						<ColumnReference Column="Expr1048">
																						</ColumnReference>
																						<ColumnReference Column="Expr1049">
																						</ColumnReference>
																					</OutputList>
																					<RunTimeInformation>
																						<RunTimeCountersPerThread Thread="0" ActualRows="1" Batches="0" ActualExecutionMode="Row" ActualElapsedms="1" ActualCPUms="1" ActualEndOfScans="0" ActualExecutions="1">
																						</RunTimeCountersPerThread>
																					</RunTimeInformation>
																					<NestedLoops Optimized="0">
																						<RelOp NodeId="14" PhysicalOp="Compute Scalar" LogicalOp="Compute Scalar" EstimateRows="1" EstimateIO="0" EstimateCPU="0" AvgRowSize="15" EstimatedTotalSubtreeCost="0.744741" Parallel="0" EstimateRebinds="0.414214" EstimateRewinds="0" EstimatedExecutionMode="Row">
																							<OutputList>
																								<ColumnReference Column="Expr1020">
																								</ColumnReference>
																								<ColumnReference Column="Expr1021">
																								</ColumnReference>
																							</OutputList>
																							<ComputeScalar>
																								<DefinedValues>
																									<DefinedValue>
																										<ColumnReference Column="Expr1020">
																										</ColumnReference>
																										<ScalarOperator ScalarString="CONVERT_IMPLICIT(int,[Expr1072],0)">
																											<Convert DataType="int" Style="0" Implicit="1">
																												<ScalarOperator>
																													<Identifier>
																														<ColumnReference Column="Expr1072">
																														</ColumnReference>
																													</Identifier>
																												</ScalarOperator>
																											</Convert>
																										</ScalarOperator>
																									</DefinedValue>
																								</DefinedValues>
																								<RelOp NodeId="15" PhysicalOp="Stream Aggregate" LogicalOp="Aggregate" EstimateRows="1" EstimateIO="0" EstimateCPU="1.1e-06" AvgRowSize="15" EstimatedTotalSubtreeCost="0.744741" Parallel="0" EstimateRebinds="0.414214" EstimateRewinds="0" EstimatedExecutionMode="Row">
																									<OutputList>
																										<ColumnReference Column="Expr1021">
																										</ColumnReference>
																										<ColumnReference Column="Expr1072">
																										</ColumnReference>
																									</OutputList>
																									<RunTimeInformation>
																										<RunTimeCountersPerThread Thread="0" ActualRows="1" Batches="0" ActualExecutionMode="Row" ActualElapsedms="1" ActualCPUms="1" ActualEndOfScans="0" ActualExecutions="1">
																										</RunTimeCountersPerThread>
																									</RunTimeInformation>
																									<StreamAggregate>
																										<DefinedValues>
																											<DefinedValue>
																												<ColumnReference Column="Expr1072">
																												</ColumnReference>
																												<ScalarOperator ScalarString="Count(*)">
																													<Aggregate AggType="countstar" Distinct="0">
																													</Aggregate>
																												</ScalarOperator>
																											</DefinedValue>
																											<DefinedValue>
																												<ColumnReference Column="Expr1021">
																												</ColumnReference>
																												<ScalarOperator ScalarString="ANY([Expr1019])">
																													<Aggregate Distinct="0" AggType="ANY">
																														<ScalarOperator>
																															<Identifier>
																																<ColumnReference Column="Expr1019">
																																</ColumnReference>
																															</Identifier>
																														</ScalarOperator>
																													</Aggregate>
																												</ScalarOperator>
																											</DefinedValue>
																										</DefinedValues>
																										<RelOp NodeId="16" PhysicalOp="Compute Scalar" LogicalOp="Compute Scalar" EstimateRows="1" EstimateIO="0" EstimateCPU="0" AvgRowSize="11" EstimatedTotalSubtreeCost="0.74474" Parallel="0" EstimateRebinds="0.414214" EstimateRewinds="0" EstimatedExecutionMode="Row">
																											<OutputList>
																												<ColumnReference Column="Expr1019">
																												</ColumnReference>
																											</OutputList>
																											<ComputeScalar>
																												<DefinedValues>
																													<DefinedValue>
																														<ColumnReference Column="Expr1019">
																														</ColumnReference>
																														<ScalarOperator ScalarString="CASE WHEN [Expr1070]=(0) THEN NULL ELSE [Expr1071] END">
																															<IF>
																																<Condition>
																																	<ScalarOperator>
																																		<Compare CompareOp="EQ">
																																			<ScalarOperator>
																																				<Identifier>
																																					<ColumnReference Column="Expr1070">
																																					</ColumnReference>
																																				</Identifier>
																																			</ScalarOperator>
																																			<ScalarOperator>
																																				<Const ConstValue="(0)">
																																				</Const>
																																			</ScalarOperator>
																																		</Compare>
																																	</ScalarOperator>
																																</Condition>
																																<Then>
																																	<ScalarOperator>
																																		<Const ConstValue="NULL">
																																		</Const>
																																	</ScalarOperator>
																																</Then>
																																<Else>
																																	<ScalarOperator>
																																		<Identifier>
																																			<ColumnReference Column="Expr1071">
																																			</ColumnReference>
																																		</Identifier>
																																	</ScalarOperator>
																																</Else>
																															</IF>
																														</ScalarOperator>
																													</DefinedValue>
																												</DefinedValues>
																												<RelOp NodeId="17" PhysicalOp="Stream Aggregate" LogicalOp="Aggregate" EstimateRows="1" EstimateIO="0" EstimateCPU="8.64883e-05" AvgRowSize="11" EstimatedTotalSubtreeCost="0.74474" Parallel="0" EstimateRebinds="0.414214" EstimateRewinds="0" EstimatedExecutionMode="Row">
																													<OutputList>
																														<ColumnReference Column="Expr1070">
																														</ColumnReference>
																														<ColumnReference Column="Expr1071">
																														</ColumnReference>
																													</OutputList>
																													<RunTimeInformation>
																														<RunTimeCountersPerThread Thread="0" ActualRows="1" Batches="0" ActualExecutionMode="Row" ActualElapsedms="1" ActualCPUms="1" ActualEndOfScans="1" ActualExecutions="1">
																														</RunTimeCountersPerThread>
																													</RunTimeInformation>
																													<StreamAggregate>
																														<DefinedValues>
																															<DefinedValue>
																																<ColumnReference Column="Expr1070">
																																</ColumnReference>
																																<ScalarOperator ScalarString="COUNT_BIG([PaymentData].[dbo].[Payment].[Amount])">
																																	<Aggregate Distinct="0" AggType="COUNT_BIG">
																																		<ScalarOperator>
																																			<Identifier>
																																				<ColumnReference Database="[PaymentData]" Schema="[dbo]" Table="[Payment]" Column="Amount">
																																				</ColumnReference>
																																			</Identifier>
																																		</ScalarOperator>
																																	</Aggregate>
																																</ScalarOperator>
																															</DefinedValue>
																															<DefinedValue>
																																<ColumnReference Column="Expr1071">
																																</ColumnReference>
																																<ScalarOperator ScalarString="SUM([PaymentData].[dbo].[Payment].[Amount])">
																																	<Aggregate Distinct="0" AggType="SUM">
																																		<ScalarOperator>
																																			<Identifier>
																																				<ColumnReference Database="[PaymentData]" Schema="[dbo]" Table="[Payment]" Column="Amount">
																																				</ColumnReference>
																																			</Identifier>
																																		</ScalarOperator>
																																	</Aggregate>
																																</ScalarOperator>
																															</DefinedValue>
																														</DefinedValues>
																														<RelOp NodeId="18" PhysicalOp="Filter" LogicalOp="Filter" EstimateRows="143.314" EstimateIO="0" EstimateCPU="0.000557537" AvgRowSize="11" EstimatedTotalSubtreeCost="0.744617" Parallel="0" EstimateRebinds="0.414214" EstimateRewinds="0" EstimatedExecutionMode="Row">
																															<OutputList>
																																<ColumnReference Database="[PaymentData]" Schema="[dbo]" Table="[Payment]" Column="Amount">
																																</ColumnReference>
																															</OutputList>
																															<RunTimeInformation>
																																<RunTimeCountersPerThread Thread="0" ActualRows="0" Batches="0" ActualExecutionMode="Row" ActualElapsedms="1" ActualCPUms="1" ActualEndOfScans="1" ActualExecutions="1">
																																</RunTimeCountersPerThread>
																															</RunTimeInformation>
																															<Filter StartupExpression="0">
																																<RelOp NodeId="19" PhysicalOp="Hash Match" LogicalOp="Right Outer Join" EstimateRows="208.036" EstimateIO="0" EstimateCPU="0.0196938" AvgRowSize="387" EstimatedTotalSubtreeCost="0.743829" Parallel="0" EstimateRebinds="0.414214" EstimateRewinds="0" EstimatedExecutionMode="Row">
																																	<OutputList>
																																		<ColumnReference Database="[PaymentData]" Schema="[dbo]" Table="[Payment]" Column="Amount">
																																		</ColumnReference>
																																		<ColumnReference Database="[PaymentData]" Schema="[dbo]" Table="[AccountType]" Alias="[PayeeCashboxAccountType]" Column="Name">
																																		</ColumnReference>
																																		<ColumnReference Database="[PaymentData]" Schema="[dbo]" Table="[AccountType]" Alias="[PayeeBankAccountType]" Column="Name">
																																		</ColumnReference>
																																		<ColumnReference Database="[PaymentData]" Schema="[dbo]" Table="[AccountType]" Alias="[PayerCashboxAccountType]" Column="Name">
																																		</ColumnReference>
																																		<ColumnReference Database="[PaymentData]" Schema="[dbo]" Table="[AccountType]" Alias="[PayerBankAccountType]" Column="Name">
																																		</ColumnReference>
																																		<ColumnReference Database="[PaymentData]" Schema="[dbo]" Table="[PaymentCategory]" Column="Name">
																																		</ColumnReference>
																																		<ColumnReference Database="[PaymentData]" Schema="[dbo]" Table="[PaymentCategory]" Column="NotInPaymentParticipantProfit">
																																		</ColumnReference>
																																	</OutputList>
																																	<MemoryFractions Input="0.0983607" Output="0.0983607">
																																	</MemoryFractions>
																																	<RunTimeInformation>
																																		<RunTimeCountersPerThread Thread="0" ActualRows="0" Batches="0" ActualExecutionMode="Row" ActualElapsedms="1" ActualCPUms="1" ActualScans="0" ActualLogicalReads="0" ActualPhysicalReads="0" ActualReadAheads="0" ActualLobLogicalReads="0" ActualLobPhysicalReads="0" ActualLobReadAheads="0" ActualEndOfScans="1" ActualExecutions="1" InputMemoryGrant="1072" OutputMemoryGrant="1072" UsedMemoryGrant="248">
																																		</RunTimeCountersPerThread>
																																	</RunTimeInformation>
																																	<Hash>
																																		<DefinedValues>
																																		</DefinedValues>
																																		<HashKeysBuild>
																																			<ColumnReference Database="[PaymentData]" Schema="[dbo]" Table="[AccountType]" Alias="[PayerBankAccountType]" Column="Oid">
																																			</ColumnReference>
																																		</HashKeysBuild>
																																		<HashKeysProbe>
																																			<ColumnReference Database="[PaymentData]" Schema="[dbo]" Table="[Bank]" Alias="[PayerBank]" Column="AccountType">
																																			</ColumnReference>
																																		</HashKeysProbe>
																																		<ProbeResidual>
																																			<ScalarOperator ScalarString="[PaymentData].[dbo].[Bank].[AccountType] as [PayerBank].[AccountType]=[PaymentData].[dbo].[AccountType].[Oid] as [PayerBankAccountType].[Oid]">
																																				<Compare CompareOp="EQ">
																																					<ScalarOperator>
																																						<Identifier>
																																							<ColumnReference Database="[PaymentData]" Schema="[dbo]" Table="[Bank]" Alias="[PayerBank]" Column="AccountType">
																																							</ColumnReference>
																																						</Identifier>
																																					</ScalarOperator>
																																					<ScalarOperator>
																																						<Identifier>
																																							<ColumnReference Database="[PaymentData]" Schema="[dbo]" Table="[AccountType]" Alias="[PayerBankAccountType]" Column="Oid">
																																							</ColumnReference>
																																						</Identifier>
																																					</ScalarOperator>
																																				</Compare>
																																			</ScalarOperator>
																																		</ProbeResidual>
																																		<RelOp NodeId="20" PhysicalOp="Clustered Index Scan" LogicalOp="Clustered Index Scan" EstimateRows="4" EstimatedRowsRead="4" EstimateIO="0.0032035" EstimateCPU="8.29e-05" AvgRowSize="53" EstimatedTotalSubtreeCost="0.00332074" TableCardinality="4" Parallel="0" EstimateRebinds="0" EstimateRewinds="0.414214" EstimatedExecutionMode="Row">
																																			<OutputList>
																																				<ColumnReference Database="[PaymentData]" Schema="[dbo]" Table="[AccountType]" Alias="[PayerBankAccountType]" Column="Oid">
																																				</ColumnReference>
																																				<ColumnReference Database="[PaymentData]" Schema="[dbo]" Table="[AccountType]" Alias="[PayerBankAccountType]" Column="Name">
																																				</ColumnReference>
																																			</OutputList>
																																			<RunTimeInformation>
																																				<RunTimeCountersPerThread Thread="0" ActualRows="4" Batches="0" ActualExecutionMode="Row" ActualElapsedms="0" ActualCPUms="0" ActualScans="1" ActualLogicalReads="2" ActualPhysicalReads="0" ActualReadAheads="0" ActualLobLogicalReads="0" ActualLobPhysicalReads="0" ActualLobReadAheads="0" ActualRowsRead="4" ActualEndOfScans="1" ActualExecutions="1">
																																				</RunTimeCountersPerThread>
																																			</RunTimeInformation>
																																			<IndexScan Ordered="0" ForcedIndex="0" ForceScan="0" NoExpandHint="0" Storage="RowStore">
																																				<DefinedValues>
																																					<DefinedValue>
																																						<ColumnReference Database="[PaymentData]" Schema="[dbo]" Table="[AccountType]" Alias="[PayerBankAccountType]" Column="Oid">
																																						</ColumnReference>
																																					</DefinedValue>
																																					<DefinedValue>
																																						<ColumnReference Database="[PaymentData]" Schema="[dbo]" Table="[AccountType]" Alias="[PayerBankAccountType]" Column="Name">
																																						</ColumnReference>
																																					</DefinedValue>
																																				</DefinedValues>
																																				<Object Database="[PaymentData]" Schema="[dbo]" Table="[AccountType]" Index="[PK_AccountType]" Alias="[PayerBankAccountType]" IndexKind="Clustered" Storage="RowStore">
																																				</Object>
																																			</IndexScan>
																																		</RelOp>
																																		<RelOp NodeId="21" PhysicalOp="Hash Match" LogicalOp="Right Outer Join" EstimateRows="208.036" EstimateIO="0" EstimateCPU="0.0268514" AvgRowSize="375" EstimatedTotalSubtreeCost="0.712653" Parallel="0" EstimateRebinds="0.414214" EstimateRewinds="0" EstimatedExecutionMode="Row">
																																			<OutputList>
																																				<ColumnReference Database="[PaymentData]" Schema="[dbo]" Table="[Payment]" Column="Amount">
																																				</ColumnReference>
																																				<ColumnReference Database="[PaymentData]" Schema="[dbo]" Table="[AccountType]" Alias="[PayeeCashboxAccountType]" Column="Name">
																																				</ColumnReference>
																																				<ColumnReference Database="[PaymentData]" Schema="[dbo]" Table="[AccountType]" Alias="[PayeeBankAccountType]" Column="Name">
																																				</ColumnReference>
																																				<ColumnReference Database="[PaymentData]" Schema="[dbo]" Table="[AccountType]" Alias="[PayerCashboxAccountType]" Column="Name">
																																				</ColumnReference>
																																				<ColumnReference Database="[PaymentData]" Schema="[dbo]" Table="[Bank]" Alias="[PayerBank]" Column="AccountType">
																																				</ColumnReference>
																																				<ColumnReference Database="[PaymentData]" Schema="[dbo]" Table="[PaymentCategory]" Column="Name">
																																				</ColumnReference>
																																				<ColumnReference Database="[PaymentData]" Schema="[dbo]" Table="[PaymentCategory]" Column="NotInPaymentParticipantProfit">
																																				</ColumnReference>
																																			</OutputList>
																																			<MemoryFractions Input="0.196721" Output="0.196721">
																																			</MemoryFractions>
																																			<RunTimeInformation>
																																				<RunTimeCountersPerThread Thread="0" ActualRows="0" Batches="0" ActualExecutionMode="Row" ActualElapsedms="1" ActualCPUms="1" ActualScans="0" ActualLogicalReads="0" ActualPhysicalReads="0" ActualReadAheads="0" ActualLobLogicalReads="0" ActualLobPhysicalReads="0" ActualLobReadAheads="0" ActualEndOfScans="1" ActualExecutions="1" InputMemoryGrant="1120" OutputMemoryGrant="1120" UsedMemoryGrant="320">
																																				</RunTimeCountersPerThread>
																																			</RunTimeInformation>
																																			<Hash>
																																				<DefinedValues>
																																				</DefinedValues>
																																				<HashKeysBuild>
																																					<ColumnReference Database="[PaymentData]" Schema="[dbo]" Table="[Bank]" Alias="[PayerBank]" Column="Oid">
																																					</ColumnReference>
																																				</HashKeysBuild>
																																				<HashKeysProbe>
																																					<ColumnReference Database="[PaymentData]" Schema="[dbo]" Table="[PaymentParticipant]" Alias="[Payer]" Column="Oid">
																																					</ColumnReference>
																																				</HashKeysProbe>
																																				<ProbeResidual>
																																					<ScalarOperator ScalarString="[PaymentData].[dbo].[PaymentParticipant].[Oid] as [Payer].[Oid]=[PaymentData].[dbo].[Bank].[Oid] as [PayerBank].[Oid]">
																																						<Compare CompareOp="EQ">
																																							<ScalarOperator>
																																								<Identifier>
																																									<ColumnReference Database="[PaymentData]" Schema="[dbo]" Table="[PaymentParticipant]" Alias="[Payer]" Column="Oid">
																																									</ColumnReference>
																																								</Identifier>
																																							</ScalarOperator>
																																							<ScalarOperator>
																																								<Identifier>
																																									<ColumnReference Database="[PaymentData]" Schema="[dbo]" Table="[Bank]" Alias="[PayerBank]" Column="Oid">
																																									</ColumnReference>
																																								</Identifier>
																																							</ScalarOperator>
																																						</Compare>
																																					</ScalarOperator>
																																				</ProbeResidual>
																																				<RelOp NodeId="22" PhysicalOp="Index Scan" LogicalOp="Index Scan" EstimateRows="230" EstimatedRowsRead="230" EstimateIO="0.00386574" EstimateCPU="0.00041" AvgRowSize="39" EstimatedTotalSubtreeCost="0.00444557" TableCardinality="230" Parallel="0" EstimateRebinds="0" EstimateRewinds="0.414214" EstimatedExecutionMode="Row">
																																					<OutputList>
																																						<ColumnReference Database="[PaymentData]" Schema="[dbo]" Table="[Bank]" Alias="[PayerBank]" Column="Oid">
																																						</ColumnReference>
																																						<ColumnReference Database="[PaymentData]" Schema="[dbo]" Table="[Bank]" Alias="[PayerBank]" Column="AccountType">
																																						</ColumnReference>
																																					</OutputList>
																																					<RunTimeInformation>
																																						<RunTimeCountersPerThread Thread="0" ActualRows="230" Batches="0" ActualExecutionMode="Row" ActualElapsedms="0" ActualCPUms="0" ActualScans="1" ActualLogicalReads="4" ActualPhysicalReads="0" ActualReadAheads="0" ActualLobLogicalReads="0" ActualLobPhysicalReads="0" ActualLobReadAheads="0" ActualRowsRead="230" ActualEndOfScans="1" ActualExecutions="1">
																																						</RunTimeCountersPerThread>
																																					</RunTimeInformation>
																																					<IndexScan Ordered="0" ForcedIndex="0" ForceSeek="0" ForceScan="0" NoExpandHint="0" Storage="RowStore">
																																						<DefinedValues>
																																							<DefinedValue>
																																								<ColumnReference Database="[PaymentData]" Schema="[dbo]" Table="[Bank]" Alias="[PayerBank]" Column="Oid">
																																								</ColumnReference>
																																							</DefinedValue>
																																							<DefinedValue>
																																								<ColumnReference Database="[PaymentData]" Schema="[dbo]" Table="[Bank]" Alias="[PayerBank]" Column="AccountType">
																																								</ColumnReference>
																																							</DefinedValue>
																																						</DefinedValues>
																																						<Object Database="[PaymentData]" Schema="[dbo]" Table="[Bank]" Index="[iAccountType_Bank]" Alias="[PayerBank]" IndexKind="NonClustered" Storage="RowStore">
																																						</Object>
																																					</IndexScan>
																																				</RelOp>
																																				<RelOp NodeId="23" PhysicalOp="Hash Match" LogicalOp="Right Outer Join" EstimateRows="205.896" EstimateIO="0" EstimateCPU="0.0196775" AvgRowSize="375" EstimatedTotalSubtreeCost="0.670229" Parallel="0" EstimateRebinds="0.414214" EstimateRewinds="0" EstimatedExecutionMode="Row">
																																					<OutputList>
																																						<ColumnReference Database="[PaymentData]" Schema="[dbo]" Table="[Payment]" Column="Amount">
																																						</ColumnReference>
																																						<ColumnReference Database="[PaymentData]" Schema="[dbo]" Table="[PaymentParticipant]" Alias="[Payer]" Column="Oid">
																																						</ColumnReference>
																																						<ColumnReference Database="[PaymentData]" Schema="[dbo]" Table="[AccountType]" Alias="[PayeeCashboxAccountType]" Column="Name">
																																						</ColumnReference>
																																						<ColumnReference Database="[PaymentData]" Schema="[dbo]" Table="[AccountType]" Alias="[PayeeBankAccountType]" Column="Name">
																																						</ColumnReference>
																																						<ColumnReference Database="[PaymentData]" Schema="[dbo]" Table="[AccountType]" Alias="[PayerCashboxAccountType]" Column="Name">
																																						</ColumnReference>
																																						<ColumnReference Database="[PaymentData]" Schema="[dbo]" Table="[PaymentCategory]" Column="Name">
																																						</ColumnReference>
																																						<ColumnReference Database="[PaymentData]" Schema="[dbo]" Table="[PaymentCategory]" Column="NotInPaymentParticipantProfit">
																																						</ColumnReference>
																																					</OutputList>
																																					<MemoryFractions Input="0.0983607" Output="0.0983607">
																																					</MemoryFractions>
																																					<RunTimeInformation>
																																						<RunTimeCountersPerThread Thread="0" ActualRows="0" Batches="0" ActualExecutionMode="Row" ActualElapsedms="1" ActualCPUms="1" ActualScans="0" ActualLogicalReads="0" ActualPhysicalReads="0" ActualReadAheads="0" ActualLobLogicalReads="0" ActualLobPhysicalReads="0" ActualLobReadAheads="0" ActualEndOfScans="1" ActualExecutions="1" InputMemoryGrant="1072" OutputMemoryGrant="1072" UsedMemoryGrant="248">
																																						</RunTimeCountersPerThread>
																																					</RunTimeInformation>
																																					<Hash>
																																						<DefinedValues>
																																						</DefinedValues>
																																						<HashKeysBuild>
																																							<ColumnReference Database="[PaymentData]" Schema="[dbo]" Table="[AccountType]" Alias="[PayerCashboxAccountType]" Column="Oid">
																																							</ColumnReference>
																																						</HashKeysBuild>
																																						<HashKeysProbe>
																																							<ColumnReference Database="[PaymentData]" Schema="[dbo]" Table="[Cashbox]" Alias="[PayerCashbox]" Column="AccountType">
																																							</ColumnReference>
																																						</HashKeysProbe>
																																						<ProbeResidual>
																																							<ScalarOperator ScalarString="[PaymentData].[dbo].[Cashbox].[AccountType] as [PayerCashbox].[AccountType]=[PaymentData].[dbo].[AccountType].[Oid] as [PayerCashboxAccountType].[Oid]">
																																								<Compare CompareOp="EQ">
																																									<ScalarOperator>
																																										<Identifier>
																																											<ColumnReference Database="[PaymentData]" Schema="[dbo]" Table="[Cashbox]" Alias="[PayerCashbox]" Column="AccountType">
																																											</ColumnReference>
																																										</Identifier>
																																									</ScalarOperator>
																																									<ScalarOperator>
																																										<Identifier>
																																											<ColumnReference Database="[PaymentData]" Schema="[dbo]" Table="[AccountType]" Alias="[PayerCashboxAccountType]" Column="Oid">
																																											</ColumnReference>
																																										</Identifier>
																																									</ScalarOperator>
																																								</Compare>
																																							</ScalarOperator>
																																						</ProbeResidual>
																																						<RelOp NodeId="24" PhysicalOp="Clustered Index Scan" LogicalOp="Clustered Index Scan" EstimateRows="4" EstimatedRowsRead="4" EstimateIO="0.0032035" EstimateCPU="8.29e-05" AvgRowSize="127" EstimatedTotalSubtreeCost="0.00332074" TableCardinality="4" Parallel="0" EstimateRebinds="0" EstimateRewinds="0.414214" EstimatedExecutionMode="Row">
																																							<OutputList>
																																								<ColumnReference Database="[PaymentData]" Schema="[dbo]" Table="[AccountType]" Alias="[PayerCashboxAccountType]" Column="Oid">
																																								</ColumnReference>
																																								<ColumnReference Database="[PaymentData]" Schema="[dbo]" Table="[AccountType]" Alias="[PayerCashboxAccountType]" Column="Name">
																																								</ColumnReference>
																																							</OutputList>
																																							<RunTimeInformation>
																																								<RunTimeCountersPerThread Thread="0" ActualRows="4" Batches="0" ActualExecutionMode="Row" ActualElapsedms="0" ActualCPUms="0" ActualScans="1" ActualLogicalReads="2" ActualPhysicalReads="0" ActualReadAheads="0" ActualLobLogicalReads="0" ActualLobPhysicalReads="0" ActualLobReadAheads="0" ActualRowsRead="4" ActualEndOfScans="1" ActualExecutions="1">
																																								</RunTimeCountersPerThread>
																																							</RunTimeInformation>
																																							<IndexScan Ordered="0" ForcedIndex="0" ForceScan="0" NoExpandHint="0" Storage="RowStore">
																																								<DefinedValues>
																																									<DefinedValue>
																																										<ColumnReference Database="[PaymentData]" Schema="[dbo]" Table="[AccountType]" Alias="[PayerCashboxAccountType]" Column="Oid">
																																										</ColumnReference>
																																									</DefinedValue>
																																									<DefinedValue>
																																										<ColumnReference Database="[PaymentData]" Schema="[dbo]" Table="[AccountType]" Alias="[PayerCashboxAccountType]" Column="Name">
																																										</ColumnReference>
																																									</DefinedValue>
																																								</DefinedValues>
																																								<Object Database="[PaymentData]" Schema="[dbo]" Table="[AccountType]" Index="[PK_AccountType]" Alias="[PayerCashboxAccountType]" IndexKind="Clustered" Storage="RowStore">
																																								</Object>
																																							</IndexScan>
																																						</RelOp>
																																						<RelOp NodeId="25" PhysicalOp="Hash Match" LogicalOp="Right Outer Join" EstimateRows="205.896" EstimateIO="0" EstimateCPU="0.0312596" AvgRowSize="289" EstimatedTotalSubtreeCost="0.639076" Parallel="0" EstimateRebinds="0.414214" EstimateRewinds="0" EstimatedExecutionMode="Row">
																																							<OutputList>
																																								<ColumnReference Database="[PaymentData]" Schema="[dbo]" Table="[Payment]" Column="Amount">
																																								</ColumnReference>
																																								<ColumnReference Database="[PaymentData]" Schema="[dbo]" Table="[PaymentParticipant]" Alias="[Payer]" Column="Oid">
																																								</ColumnReference>
																																								<ColumnReference Database="[PaymentData]" Schema="[dbo]" Table="[AccountType]" Alias="[PayeeCashboxAccountType]" Column="Name">
																																								</ColumnReference>
																																								<ColumnReference Database="[PaymentData]" Schema="[dbo]" Table="[AccountType]" Alias="[PayeeBankAccountType]" Column="Name">
																																								</ColumnReference>
																																								<ColumnReference Database="[PaymentData]" Schema="[dbo]" Table="[Cashbox]" Alias="[PayerCashbox]" Column="AccountType">
																																								</ColumnReference>
																																								<ColumnReference Database="[PaymentData]" Schema="[dbo]" Table="[PaymentCategory]" Column="Name">
																																								</ColumnReference>
																																								<ColumnReference Database="[PaymentData]" Schema="[dbo]" Table="[PaymentCategory]" Column="NotInPaymentParticipantProfit">
																																								</ColumnReference>
																																							</OutputList>
																																							<MemoryFractions Input="0.295082" Output="0.295082">
																																							</MemoryFractions>
																																							<RunTimeInformation>
																																								<RunTimeCountersPerThread Thread="0" ActualRows="0" Batches="0" ActualExecutionMode="Row" ActualElapsedms="0" ActualCPUms="0" ActualScans="0" ActualLogicalReads="0" ActualPhysicalReads="0" ActualReadAheads="0" ActualLobLogicalReads="0" ActualLobPhysicalReads="0" ActualLobReadAheads="0" ActualEndOfScans="1" ActualExecutions="1" InputMemoryGrant="1160" OutputMemoryGrant="1160" UsedMemoryGrant="320">
																																								</RunTimeCountersPerThread>
																																							</RunTimeInformation>
																																							<Hash>
																																								<DefinedValues>
																																								</DefinedValues>
																																								<HashKeysBuild>
																																									<ColumnReference Database="[PaymentData]" Schema="[dbo]" Table="[Cashbox]" Alias="[PayerCashbox]" Column="Oid">
																																									</ColumnReference>
																																								</HashKeysBuild>
																																								<HashKeysProbe>
																																									<ColumnReference Database="[PaymentData]" Schema="[dbo]" Table="[PaymentParticipant]" Alias="[Payer]" Column="Oid">
																																									</ColumnReference>
																																								</HashKeysProbe>
																																								<ProbeResidual>
																																									<ScalarOperator ScalarString="[PaymentData].[dbo].[PaymentParticipant].[Oid] as [Payer].[Oid]=[PaymentData].[dbo].[Cashbox].[Oid] as [PayerCashbox].[Oid]">
																																										<Compare CompareOp="EQ">
																																											<ScalarOperator>
																																												<Identifier>
																																													<ColumnReference Database="[PaymentData]" Schema="[dbo]" Table="[PaymentParticipant]" Alias="[Payer]" Column="Oid">
																																													</ColumnReference>
																																												</Identifier>
																																											</ScalarOperator>
																																											<ScalarOperator>
																																												<Identifier>
																																													<ColumnReference Database="[PaymentData]" Schema="[dbo]" Table="[Cashbox]" Alias="[PayerCashbox]" Column="Oid">
																																													</ColumnReference>
																																												</Identifier>
																																											</ScalarOperator>
																																										</Compare>
																																									</ScalarOperator>
																																								</ProbeResidual>
																																								<RelOp NodeId="26" PhysicalOp="Index Scan" LogicalOp="Index Scan" EstimateRows="205" EstimatedRowsRead="205" EstimateIO="0.003125" EstimateCPU="0.0003825" AvgRowSize="39" EstimatedTotalSubtreeCost="0.00366594" TableCardinality="205" Parallel="0" EstimateRebinds="0" EstimateRewinds="0.414214" EstimatedExecutionMode="Row">
																																									<OutputList>
																																										<ColumnReference Database="[PaymentData]" Schema="[dbo]" Table="[Cashbox]" Alias="[PayerCashbox]" Column="Oid">
																																										</ColumnReference>
																																										<ColumnReference Database="[PaymentData]" Schema="[dbo]" Table="[Cashbox]" Alias="[PayerCashbox]" Column="AccountType">
																																										</ColumnReference>
																																									</OutputList>
																																									<RunTimeInformation>
																																										<RunTimeCountersPerThread Thread="0" ActualRows="205" Batches="0" ActualExecutionMode="Row" ActualElapsedms="0" ActualCPUms="0" ActualScans="1" ActualLogicalReads="2" ActualPhysicalReads="0" ActualReadAheads="0" ActualLobLogicalReads="0" ActualLobPhysicalReads="0" ActualLobReadAheads="0" ActualRowsRead="205" ActualEndOfScans="1" ActualExecutions="1">
																																										</RunTimeCountersPerThread>
																																									</RunTimeInformation>
																																									<IndexScan Ordered="0" ForcedIndex="0" ForceSeek="0" ForceScan="0" NoExpandHint="0" Storage="RowStore">
																																										<DefinedValues>
																																											<DefinedValue>
																																												<ColumnReference Database="[PaymentData]" Schema="[dbo]" Table="[Cashbox]" Alias="[PayerCashbox]" Column="Oid">
																																												</ColumnReference>
																																											</DefinedValue>
																																											<DefinedValue>
																																												<ColumnReference Database="[PaymentData]" Schema="[dbo]" Table="[Cashbox]" Alias="[PayerCashbox]" Column="AccountType">
																																												</ColumnReference>
																																											</DefinedValue>
																																										</DefinedValues>
																																										<Object Database="[PaymentData]" Schema="[dbo]" Table="[Cashbox]" Index="[iAccountType_Cashbox]" Alias="[PayerCashbox]" IndexKind="NonClustered" Storage="RowStore">
																																										</Object>
																																									</IndexScan>
																																								</RelOp>
																																								<RelOp NodeId="27" PhysicalOp="Hash Match" LogicalOp="Right Outer Join" EstimateRows="1006" EstimateIO="0" EstimateCPU="0.0257823" AvgRowSize="273" EstimatedTotalSubtreeCost="0.591198" Parallel="0" EstimateRebinds="0.414214" EstimateRewinds="0" EstimatedExecutionMode="Row">
																																									<OutputList>
																																										<ColumnReference Database="[PaymentData]" Schema="[dbo]" Table="[Payment]" Column="Amount">
																																										</ColumnReference>
																																										<ColumnReference Database="[PaymentData]" Schema="[dbo]" Table="[PaymentParticipant]" Alias="[Payer]" Column="Oid">
																																										</ColumnReference>
																																										<ColumnReference Database="[PaymentData]" Schema="[dbo]" Table="[AccountType]" Alias="[PayeeCashboxAccountType]" Column="Name">
																																										</ColumnReference>
																																										<ColumnReference Database="[PaymentData]" Schema="[dbo]" Table="[AccountType]" Alias="[PayeeBankAccountType]" Column="Name">
																																										</ColumnReference>
																																										<ColumnReference Database="[PaymentData]" Schema="[dbo]" Table="[PaymentCategory]" Column="Name">
																																										</ColumnReference>
																																										<ColumnReference Database="[PaymentData]" Schema="[dbo]" Table="[PaymentCategory]" Column="NotInPaymentParticipantProfit">
																																										</ColumnReference>
																																									</OutputList>
																																									<MemoryFractions Input="0.131148" Output="0.131148">
																																									</MemoryFractions>
																																									<RunTimeInformation>
																																										<RunTimeCountersPerThread Thread="0" ActualRows="0" Batches="0" ActualExecutionMode="Row" ActualElapsedms="0" ActualCPUms="0" ActualScans="0" ActualLogicalReads="0" ActualPhysicalReads="0" ActualReadAheads="0" ActualLobLogicalReads="0" ActualLobPhysicalReads="0" ActualLobReadAheads="0" ActualEndOfScans="1" ActualExecutions="1" InputMemoryGrant="1088" OutputMemoryGrant="1088" UsedMemoryGrant="248">
																																										</RunTimeCountersPerThread>
																																									</RunTimeInformation>
																																									<Hash>
																																										<DefinedValues>
																																										</DefinedValues>
																																										<HashKeysBuild>
																																											<ColumnReference Database="[PaymentData]" Schema="[dbo]" Table="[AccountType]" Alias="[PayeeBankAccountType]" Column="Oid">
																																											</ColumnReference>
																																										</HashKeysBuild>
																																										<HashKeysProbe>
																																											<ColumnReference Database="[PaymentData]" Schema="[dbo]" Table="[Bank]" Alias="[PayeeBank]" Column="AccountType">
																																											</ColumnReference>
																																										</HashKeysProbe>
																																										<ProbeResidual>
																																											<ScalarOperator ScalarString="[PaymentData].[dbo].[Bank].[AccountType] as [PayeeBank].[AccountType]=[PaymentData].[dbo].[AccountType].[Oid] as [PayeeBankAccountType].[Oid]">
																																												<Compare CompareOp="EQ">
																																													<ScalarOperator>
																																														<Identifier>
																																															<ColumnReference Database="[PaymentData]" Schema="[dbo]" Table="[Bank]" Alias="[PayeeBank]" Column="AccountType">
																																															</ColumnReference>
																																														</Identifier>
																																													</ScalarOperator>
																																													<ScalarOperator>
																																														<Identifier>
																																															<ColumnReference Database="[PaymentData]" Schema="[dbo]" Table="[AccountType]" Alias="[PayeeBankAccountType]" Column="Oid">
																																															</ColumnReference>
																																														</Identifier>
																																													</ScalarOperator>
																																												</Compare>
																																											</ScalarOperator>
																																										</ProbeResidual>
																																										<RelOp NodeId="28" PhysicalOp="Clustered Index Scan" LogicalOp="Clustered Index Scan" EstimateRows="4" EstimatedRowsRead="4" EstimateIO="0.0032035" EstimateCPU="8.29e-05" AvgRowSize="127" EstimatedTotalSubtreeCost="0.00332074" TableCardinality="4" Parallel="0" EstimateRebinds="0" EstimateRewinds="0.414214" EstimatedExecutionMode="Row">
																																											<OutputList>
																																												<ColumnReference Database="[PaymentData]" Schema="[dbo]" Table="[AccountType]" Alias="[PayeeBankAccountType]" Column="Oid">
																																												</ColumnReference>
																																												<ColumnReference Database="[PaymentData]" Schema="[dbo]" Table="[AccountType]" Alias="[PayeeBankAccountType]" Column="Name">
																																												</ColumnReference>
																																											</OutputList>
																																											<RunTimeInformation>
																																												<RunTimeCountersPerThread Thread="0" ActualRows="4" Batches="0" ActualExecutionMode="Row" ActualElapsedms="0" ActualCPUms="0" ActualScans="1" ActualLogicalReads="2" ActualPhysicalReads="0" ActualReadAheads="0" ActualLobLogicalReads="0" ActualLobPhysicalReads="0" ActualLobReadAheads="0" ActualRowsRead="4" ActualEndOfScans="1" ActualExecutions="1">
																																												</RunTimeCountersPerThread>
																																											</RunTimeInformation>
																																											<IndexScan Ordered="0" ForcedIndex="0" ForceScan="0" NoExpandHint="0" Storage="RowStore">
																																												<DefinedValues>
																																													<DefinedValue>
																																														<ColumnReference Database="[PaymentData]" Schema="[dbo]" Table="[AccountType]" Alias="[PayeeBankAccountType]" Column="Oid">
																																														</ColumnReference>
																																													</DefinedValue>
																																													<DefinedValue>
																																														<ColumnReference Database="[PaymentData]" Schema="[dbo]" Table="[AccountType]" Alias="[PayeeBankAccountType]" Column="Name">
																																														</ColumnReference>
																																													</DefinedValue>
																																												</DefinedValues>
																																												<Object Database="[PaymentData]" Schema="[dbo]" Table="[AccountType]" Index="[PK_AccountType]" Alias="[PayeeBankAccountType]" IndexKind="Clustered" Storage="RowStore">
																																												</Object>
																																											</IndexScan>
																																										</RelOp>
																																										<RelOp NodeId="29" PhysicalOp="Nested Loops" LogicalOp="Left Outer Join" EstimateRows="1006" EstimateIO="0" EstimateCPU="0.00420508" AvgRowSize="187" EstimatedTotalSubtreeCost="0.551411" Parallel="0" EstimateRebinds="0.414214" EstimateRewinds="0" EstimatedExecutionMode="Row">
																																											<OutputList>
																																												<ColumnReference Database="[PaymentData]" Schema="[dbo]" Table="[Payment]" Column="Amount">
																																												</ColumnReference>
																																												<ColumnReference Database="[PaymentData]" Schema="[dbo]" Table="[PaymentParticipant]" Alias="[Payer]" Column="Oid">
																																												</ColumnReference>
																																												<ColumnReference Database="[PaymentData]" Schema="[dbo]" Table="[AccountType]" Alias="[PayeeCashboxAccountType]" Column="Name">
																																												</ColumnReference>
																																												<ColumnReference Database="[PaymentData]" Schema="[dbo]" Table="[Bank]" Alias="[PayeeBank]" Column="AccountType">
																																												</ColumnReference>
																																												<ColumnReference Database="[PaymentData]" Schema="[dbo]" Table="[PaymentCategory]" Column="Name">
																																												</ColumnReference>
																																												<ColumnReference Database="[PaymentData]" Schema="[dbo]" Table="[PaymentCategory]" Column="NotInPaymentParticipantProfit">
																																												</ColumnReference>
																																											</OutputList>
																																											<RunTimeInformation>
																																												<RunTimeCountersPerThread Thread="0" ActualRows="0" Batches="0" ActualExecutionMode="Row" ActualElapsedms="0" ActualCPUms="0" ActualEndOfScans="1" ActualExecutions="1">
																																												</RunTimeCountersPerThread>
																																											</RunTimeInformation>
																																											<NestedLoops Optimized="0">
																																												<RelOp NodeId="30" PhysicalOp="Hash Match" LogicalOp="Right Outer Join" EstimateRows="1006" EstimateIO="0" EstimateCPU="0.0257823" AvgRowSize="171" EstimatedTotalSubtreeCost="0.317006" Parallel="0" EstimateRebinds="0.414214" EstimateRewinds="0" EstimatedExecutionMode="Row">
																																													<OutputList>
																																														<ColumnReference Database="[PaymentData]" Schema="[dbo]" Table="[Payment]" Column="Amount">
																																														</ColumnReference>
																																														<ColumnReference Database="[PaymentData]" Schema="[dbo]" Table="[PaymentParticipant]" Alias="[Payer]" Column="Oid">
																																														</ColumnReference>
																																														<ColumnReference Database="[PaymentData]" Schema="[dbo]" Table="[AccountType]" Alias="[PayeeCashboxAccountType]" Column="Name">
																																														</ColumnReference>
																																														<ColumnReference Database="[PaymentData]" Schema="[dbo]" Table="[PaymentCategory]" Column="Name">
																																														</ColumnReference>
																																														<ColumnReference Database="[PaymentData]" Schema="[dbo]" Table="[PaymentCategory]" Column="NotInPaymentParticipantProfit">
																																														</ColumnReference>
																																													</OutputList>
																																													<MemoryFractions Input="0.114754" Output="0.114754">
																																													</MemoryFractions>
																																													<RunTimeInformation>
																																														<RunTimeCountersPerThread Thread="0" ActualRows="0" Batches="0" ActualExecutionMode="Row" ActualElapsedms="0" ActualCPUms="0" ActualScans="0" ActualLogicalReads="0" ActualPhysicalReads="0" ActualReadAheads="0" ActualLobLogicalReads="0" ActualLobPhysicalReads="0" ActualLobReadAheads="0" ActualEndOfScans="1" ActualExecutions="1" InputMemoryGrant="1080" OutputMemoryGrant="1080" UsedMemoryGrant="248">
																																														</RunTimeCountersPerThread>
																																													</RunTimeInformation>
																																													<Hash>
																																														<DefinedValues>
																																														</DefinedValues>
																																														<HashKeysBuild>
																																															<ColumnReference Database="[PaymentData]" Schema="[dbo]" Table="[AccountType]" Alias="[PayeeCashboxAccountType]" Column="Oid">
																																															</ColumnReference>
																																														</HashKeysBuild>
																																														<HashKeysProbe>
																																															<ColumnReference Database="[PaymentData]" Schema="[dbo]" Table="[Cashbox]" Alias="[PayeeCashbox]" Column="AccountType">
																																															</ColumnReference>
																																														</HashKeysProbe>
																																														<ProbeResidual>
																																															<ScalarOperator ScalarString="[PaymentData].[dbo].[Cashbox].[AccountType] as [PayeeCashbox].[AccountType]=[PaymentData].[dbo].[AccountType].[Oid] as [PayeeCashboxAccountType].[Oid]">
																																																<Compare CompareOp="EQ">
																																																	<ScalarOperator>
																																																		<Identifier>
																																																			<ColumnReference Database="[PaymentData]" Schema="[dbo]" Table="[Cashbox]" Alias="[PayeeCashbox]" Column="AccountType">
																																																			</ColumnReference>
																																																		</Identifier>
																																																	</ScalarOperator>
																																																	<ScalarOperator>
																																																		<Identifier>
																																																			<ColumnReference Database="[PaymentData]" Schema="[dbo]" Table="[AccountType]" Alias="[PayeeCashboxAccountType]" Column="Oid">
																																																			</ColumnReference>
																																																		</Identifier>
																																																	</ScalarOperator>
																																																</Compare>
																																															</ScalarOperator>
																																														</ProbeResidual>
																																														<RelOp NodeId="31" PhysicalOp="Clustered Index Scan" LogicalOp="Clustered Index Scan" EstimateRows="4" EstimatedRowsRead="4" EstimateIO="0.0032035" EstimateCPU="8.29e-05" AvgRowSize="127" EstimatedTotalSubtreeCost="0.00332074" TableCardinality="4" Parallel="0" EstimateRebinds="0" EstimateRewinds="0.414214" EstimatedExecutionMode="Row">
																																															<OutputList>
																																																<ColumnReference Database="[PaymentData]" Schema="[dbo]" Table="[AccountType]" Alias="[PayeeCashboxAccountType]" Column="Oid">
																																																</ColumnReference>
																																																<ColumnReference Database="[PaymentData]" Schema="[dbo]" Table="[AccountType]" Alias="[PayeeCashboxAccountType]" Column="Name">
																																																</ColumnReference>
																																															</OutputList>
																																															<RunTimeInformation>
																																																<RunTimeCountersPerThread Thread="0" ActualRows="4" Batches="0" ActualExecutionMode="Row" ActualElapsedms="0" ActualCPUms="0" ActualScans="1" ActualLogicalReads="2" ActualPhysicalReads="0" ActualReadAheads="0" ActualLobLogicalReads="0" ActualLobPhysicalReads="0" ActualLobReadAheads="0" ActualRowsRead="4" ActualEndOfScans="1" ActualExecutions="1">
																																																</RunTimeCountersPerThread>
																																															</RunTimeInformation>
																																															<IndexScan Ordered="0" ForcedIndex="0" ForceScan="0" NoExpandHint="0" Storage="RowStore">
																																																<DefinedValues>
																																																	<DefinedValue>
																																																		<ColumnReference Database="[PaymentData]" Schema="[dbo]" Table="[AccountType]" Alias="[PayeeCashboxAccountType]" Column="Oid">
																																																		</ColumnReference>
																																																	</DefinedValue>
																																																	<DefinedValue>
																																																		<ColumnReference Database="[PaymentData]" Schema="[dbo]" Table="[AccountType]" Alias="[PayeeCashboxAccountType]" Column="Name">
																																																		</ColumnReference>
																																																	</DefinedValue>
																																																</DefinedValues>
																																																<Object Database="[PaymentData]" Schema="[dbo]" Table="[AccountType]" Index="[PK_AccountType]" Alias="[PayeeCashboxAccountType]" IndexKind="Clustered" Storage="RowStore">
																																																</Object>
																																															</IndexScan>
																																														</RelOp>
																																														<RelOp NodeId="32" PhysicalOp="Nested Loops" LogicalOp="Left Outer Join" EstimateRows="1006" EstimateIO="0" EstimateCPU="0.00420508" AvgRowSize="85" EstimatedTotalSubtreeCost="0.277219" Parallel="0" EstimateRebinds="0.414214" EstimateRewinds="0" EstimatedExecutionMode="Row">
																																															<OutputList>
																																																<ColumnReference Database="[PaymentData]" Schema="[dbo]" Table="[Payment]" Column="Amount">
																																																</ColumnReference>
																																																<ColumnReference Database="[PaymentData]" Schema="[dbo]" Table="[PaymentParticipant]" Alias="[Payer]" Column="Oid">
																																																</ColumnReference>
																																																<ColumnReference Database="[PaymentData]" Schema="[dbo]" Table="[Cashbox]" Alias="[PayeeCashbox]" Column="AccountType">
																																																</ColumnReference>
																																																<ColumnReference Database="[PaymentData]" Schema="[dbo]" Table="[PaymentCategory]" Column="Name">
																																																</ColumnReference>
																																																<ColumnReference Database="[PaymentData]" Schema="[dbo]" Table="[PaymentCategory]" Column="NotInPaymentParticipantProfit">
																																																</ColumnReference>
																																															</OutputList>
																																															<RunTimeInformation>
																																																<RunTimeCountersPerThread Thread="0" ActualRows="0" Batches="0" ActualExecutionMode="Row" ActualElapsedms="0" ActualCPUms="0" ActualEndOfScans="1" ActualExecutions="1">
																																																</RunTimeCountersPerThread>
																																															</RunTimeInformation>
																																															<NestedLoops Optimized="0">
																																																<RelOp NodeId="33" PhysicalOp="Nested Loops" LogicalOp="Inner Join" EstimateRows="1006" EstimateIO="0" EstimateCPU="0.00012958" AvgRowSize="69" EstimatedTotalSubtreeCost="0.0428141" Parallel="0" EstimateRebinds="0.414214" EstimateRewinds="0" EstimatedExecutionMode="Row">
																																																	<OutputList>
																																																		<ColumnReference Database="[PaymentData]" Schema="[dbo]" Table="[Payment]" Column="Amount">
																																																		</ColumnReference>
																																																		<ColumnReference Database="[PaymentData]" Schema="[dbo]" Table="[PaymentParticipant]" Alias="[Payer]" Column="Oid">
																																																		</ColumnReference>
																																																		<ColumnReference Database="[PaymentData]" Schema="[dbo]" Table="[PaymentCategory]" Column="Name">
																																																		</ColumnReference>
																																																		<ColumnReference Database="[PaymentData]" Schema="[dbo]" Table="[PaymentCategory]" Column="NotInPaymentParticipantProfit">
																																																		</ColumnReference>
																																																	</OutputList>
																																																	<RunTimeInformation>
																																																		<RunTimeCountersPerThread Thread="0" ActualRows="0" Batches="0" ActualExecutionMode="Row" ActualElapsedms="0" ActualCPUms="0" ActualEndOfScans="1" ActualExecutions="1">
																																																		</RunTimeCountersPerThread>
																																																	</RunTimeInformation>
																																																	<NestedLoops Optimized="0" WithUnorderedPrefetch="1">
																																																		<OuterReferences>
																																																			<ColumnReference Database="[PaymentData]" Schema="[dbo]" Table="[Payment]" Column="Payer">
																																																			</ColumnReference>
																																																			<ColumnReference Column="Expr1069">
																																																			</ColumnReference>
																																																		</OuterReferences>
																																																		<RelOp NodeId="35" PhysicalOp="Nested Loops" LogicalOp="Inner Join" EstimateRows="31" EstimateIO="0" EstimateCPU="1.32839e-05" AvgRowSize="69" EstimatedTotalSubtreeCost="0.0320713" Parallel="0" EstimateRebinds="0.414214" EstimateRewinds="0" EstimatedExecutionMode="Row">
																																																			<OutputList>
																																																				<ColumnReference Database="[PaymentData]" Schema="[dbo]" Table="[Payment]" Column="Amount">
																																																				</ColumnReference>
																																																				<ColumnReference Database="[PaymentData]" Schema="[dbo]" Table="[Payment]" Column="Payer">
																																																				</ColumnReference>
																																																				<ColumnReference Database="[PaymentData]" Schema="[dbo]" Table="[PaymentCategory]" Column="Name">
																																																				</ColumnReference>
																																																				<ColumnReference Database="[PaymentData]" Schema="[dbo]" Table="[PaymentCategory]" Column="NotInPaymentParticipantProfit">
																																																				</ColumnReference>
																																																			</OutputList>
																																																			<RunTimeInformation>
																																																				<RunTimeCountersPerThread Thread="0" ActualRows="0" Batches="0" ActualExecutionMode="Row" ActualElapsedms="0" ActualCPUms="0" ActualEndOfScans="1" ActualExecutions="1">
																																																				</RunTimeCountersPerThread>
																																																			</RunTimeInformation>
																																																			<NestedLoops Optimized="0">
																																																				<OuterReferences>
																																																					<ColumnReference Database="[PaymentData]" Schema="[dbo]" Table="[Payment]" Column="Category">
																																																					</ColumnReference>
																																																				</OuterReferences>
																																																				<RelOp NodeId="36" PhysicalOp="Nested Loops" LogicalOp="Inner Join" EstimateRows="3.17797" EstimateIO="0" EstimateCPU="1.32839e-05" AvgRowSize="43" EstimatedTotalSubtreeCost="0.0282116" Parallel="0" EstimateRebinds="0.414214" EstimateRewinds="0" EstimatedExecutionMode="Row">
																																																					<OutputList>
																																																						<ColumnReference Database="[PaymentData]" Schema="[dbo]" Table="[Payment]" Column="Amount">
																																																						</ColumnReference>
																																																						<ColumnReference Database="[PaymentData]" Schema="[dbo]" Table="[Payment]" Column="Category">
																																																						</ColumnReference>
																																																						<ColumnReference Database="[PaymentData]" Schema="[dbo]" Table="[Payment]" Column="Payer">
																																																						</ColumnReference>
																																																					</OutputList>
																																																					<RunTimeInformation>
																																																						<RunTimeCountersPerThread Thread="0" ActualRows="0" Batches="0" ActualExecutionMode="Row" ActualElapsedms="0" ActualCPUms="0" ActualEndOfScans="1" ActualExecutions="1">
																																																						</RunTimeCountersPerThread>
																																																					</RunTimeInformation>
																																																					<NestedLoops Optimized="0">
																																																						<RelOp NodeId="37" PhysicalOp="Clustered Index Seek" LogicalOp="Clustered Index Seek" EstimateRows="1" EstimatedRowsRead="1" EstimateIO="0.003125" EstimateCPU="0.0001581" AvgRowSize="9" EstimatedTotalSubtreeCost="0.00385197" TableCardinality="1006" Parallel="0" EstimateRebinds="0.414214" EstimateRewinds="0" EstimatedExecutionMode="Row">
																																																							<OutputList>
																																																							</OutputList>
																																																							<RunTimeInformation>
																																																								<RunTimeCountersPerThread Thread="0" ActualRows="1" Batches="0" ActualExecutionMode="Row" ActualElapsedms="0" ActualCPUms="0" ActualScans="0" ActualLogicalReads="2" ActualPhysicalReads="0" ActualReadAheads="0" ActualLobLogicalReads="0" ActualLobPhysicalReads="0" ActualLobReadAheads="0" ActualRowsRead="1" ActualEndOfScans="0" ActualExecutions="1">
																																																								</RunTimeCountersPerThread>
																																																							</RunTimeInformation>
																																																							<IndexScan Ordered="1" ScanDirection="FORWARD" ForcedIndex="0" ForceSeek="0" ForceScan="0" NoExpandHint="0" Storage="RowStore">
																																																								<DefinedValues>
																																																								</DefinedValues>
																																																								<Object Database="[PaymentData]" Schema="[dbo]" Table="[PaymentParticipant]" Index="[PK_PaymentParticipant]" Alias="[Payee]" TableReferenceId="1" IndexKind="Clustered" Storage="RowStore">
																																																								</Object>
																																																								<SeekPredicates>
																																																									<SeekPredicateNew>
																																																										<SeekKeys>
																																																											<Prefix ScanType="EQ">
																																																												<RangeColumns>
																																																													<ColumnReference Database="[PaymentData]" Schema="[dbo]" Table="[PaymentParticipant]" Alias="[Payee]" Column="Oid">
																																																													</ColumnReference>
																																																												</RangeColumns>
																																																												<RangeExpressions>
																																																													<ScalarOperator ScalarString="[Inserted].[Oid]">
																																																														<Identifier>
																																																															<ColumnReference Table="[Inserted]" Column="Oid">
																																																															</ColumnReference>
																																																														</Identifier>
																																																													</ScalarOperator>
																																																												</RangeExpressions>
																																																											</Prefix>
																																																										</SeekKeys>
																																																									</SeekPredicateNew>
																																																								</SeekPredicates>
																																																							</IndexScan>
																																																						</RelOp>
																																																						<RelOp NodeId="38" PhysicalOp="Clustered Index Scan" LogicalOp="Clustered Index Scan" EstimateRows="3.17797" EstimatedRowsRead="102" EstimateIO="0.0239442" EstimateCPU="0.0001907" AvgRowSize="63" EstimatedTotalSubtreeCost="0.0242139" TableCardinality="102" Parallel="0" EstimateRebinds="0" EstimateRewinds="0.414214" EstimatedExecutionMode="Row">
																																																							<OutputList>
																																																								<ColumnReference Database="[PaymentData]" Schema="[dbo]" Table="[Payment]" Column="Amount">
																																																								</ColumnReference>
																																																								<ColumnReference Database="[PaymentData]" Schema="[dbo]" Table="[Payment]" Column="Category">
																																																								</ColumnReference>
																																																								<ColumnReference Database="[PaymentData]" Schema="[dbo]" Table="[Payment]" Column="Payer">
																																																								</ColumnReference>
																																																							</OutputList>
																																																							<Warnings>
																																																								<ColumnsWithNoStatistics>
																																																									<ColumnReference Database="[PaymentData]" Schema="[dbo]" Table="[Payment]" Column="Category">
																																																									</ColumnReference>
																																																									<ColumnReference Database="[PaymentData]" Schema="[dbo]" Table="[Payment]" Column="Payer">
																																																									</ColumnReference>
																																																								</ColumnsWithNoStatistics>
																																																							</Warnings>
																																																							<RunTimeInformation>
																																																								<RunTimeCountersPerThread Thread="0" ActualRows="0" Batches="0" ActualExecutionMode="Row" ActualElapsedms="0" ActualCPUms="0" ActualScans="1" ActualLogicalReads="31" ActualPhysicalReads="0" ActualReadAheads="0" ActualLobLogicalReads="0" ActualLobPhysicalReads="0" ActualLobReadAheads="0" ActualRowsRead="120" ActualEndOfScans="1" ActualExecutions="1">
																																																								</RunTimeCountersPerThread>
																																																							</RunTimeInformation>
																																																							<IndexScan Ordered="0" ForcedIndex="0" ForceScan="0" NoExpandHint="0" Storage="RowStore">
																																																								<DefinedValues>
																																																									<DefinedValue>
																																																										<ColumnReference Database="[PaymentData]" Schema="[dbo]" Table="[Payment]" Column="Amount">
																																																										</ColumnReference>
																																																									</DefinedValue>
																																																									<DefinedValue>
																																																										<ColumnReference Database="[PaymentData]" Schema="[dbo]" Table="[Payment]" Column="Category">
																																																										</ColumnReference>
																																																									</DefinedValue>
																																																									<DefinedValue>
																																																										<ColumnReference Database="[PaymentData]" Schema="[dbo]" Table="[Payment]" Column="Payer">
																																																										</ColumnReference>
																																																									</DefinedValue>
																																																								</DefinedValues>
																																																								<Object Database="[PaymentData]" Schema="[dbo]" Table="[Payment]" Index="[PK_Payment]" TableReferenceId="1" IndexKind="Clustered" Storage="RowStore">
																																																								</Object>
																																																								<Predicate>
																																																									<ScalarOperator ScalarString="[PaymentData].[dbo].[Payment].[Payee]=[Inserted].[Oid] AND [PaymentData].[dbo].[Payment].[GCRecord] IS NULL">
																																																										<Logical Operation="AND">
																																																											<ScalarOperator>
																																																												<Compare CompareOp="EQ">
																																																													<ScalarOperator>
																																																														<Identifier>
																																																															<ColumnReference Database="[PaymentData]" Schema="[dbo]" Table="[Payment]" Column="Payee">
																																																															</ColumnReference>
																																																														</Identifier>
																																																													</ScalarOperator>
																																																													<ScalarOperator>
																																																														<Identifier>
																																																															<ColumnReference Table="[Inserted]" Column="Oid">
																																																															</ColumnReference>
																																																														</Identifier>
																																																													</ScalarOperator>
																																																												</Compare>
																																																											</ScalarOperator>
																																																											<ScalarOperator>
																																																												<Compare CompareOp="IS">
																																																													<ScalarOperator>
																																																														<Identifier>
																																																															<ColumnReference Database="[PaymentData]" Schema="[dbo]" Table="[Payment]" Column="GCRecord">
																																																															</ColumnReference>
																																																														</Identifier>
																																																													</ScalarOperator>
																																																													<ScalarOperator>
																																																														<Const ConstValue="NULL">
																																																														</Const>
																																																													</ScalarOperator>
																																																												</Compare>
																																																											</ScalarOperator>
																																																										</Logical>
																																																									</ScalarOperator>
																																																								</Predicate>
																																																							</IndexScan>
																																																						</RelOp>
																																																					</NestedLoops>
																																																				</RelOp>
																																																				<RelOp NodeId="39" PhysicalOp="Clustered Index Seek" LogicalOp="Clustered Index Seek" EstimateRows="1" EstimatedRowsRead="1" EstimateIO="0.003125" EstimateCPU="0.0001581" AvgRowSize="49" EstimatedTotalSubtreeCost="0.00383555" TableCardinality="45" Parallel="0" EstimateRebinds="0.414214" EstimateRewinds="3.08012" EstimatedExecutionMode="Row">
																																																					<OutputList>
																																																						<ColumnReference Database="[PaymentData]" Schema="[dbo]" Table="[PaymentCategory]" Column="Name">
																																																						</ColumnReference>
																																																						<ColumnReference Database="[PaymentData]" Schema="[dbo]" Table="[PaymentCategory]" Column="NotInPaymentParticipantProfit">
																																																						</ColumnReference>
																																																					</OutputList>
																																																					<RunTimeInformation>
																																																						<RunTimeCountersPerThread Thread="0" ActualRows="0" Batches="0" ActualExecutionMode="Row" ActualElapsedms="0" ActualCPUms="0" ActualScans="0" ActualLogicalReads="0" ActualPhysicalReads="0" ActualReadAheads="0" ActualLobLogicalReads="0" ActualLobPhysicalReads="0" ActualLobReadAheads="0" ActualEndOfScans="0" ActualExecutions="0">
																																																						</RunTimeCountersPerThread>
																																																					</RunTimeInformation>
																																																					<IndexScan Ordered="1" ScanDirection="FORWARD" ForcedIndex="0" ForceSeek="0" ForceScan="0" NoExpandHint="0" Storage="RowStore">
																																																						<DefinedValues>
																																																							<DefinedValue>
																																																								<ColumnReference Database="[PaymentData]" Schema="[dbo]" Table="[PaymentCategory]" Column="Name">
																																																								</ColumnReference>
																																																							</DefinedValue>
																																																							<DefinedValue>
																																																								<ColumnReference Database="[PaymentData]" Schema="[dbo]" Table="[PaymentCategory]" Column="NotInPaymentParticipantProfit">
																																																								</ColumnReference>
																																																							</DefinedValue>
																																																						</DefinedValues>
																																																						<Object Database="[PaymentData]" Schema="[dbo]" Table="[PaymentCategory]" Index="[PK_PaymentCategory]" TableReferenceId="1" IndexKind="Clustered" Storage="RowStore">
																																																						</Object>
																																																						<SeekPredicates>
																																																							<SeekPredicateNew>
																																																								<SeekKeys>
																																																									<Prefix ScanType="EQ">
																																																										<RangeColumns>
																																																											<ColumnReference Database="[PaymentData]" Schema="[dbo]" Table="[PaymentCategory]" Column="Oid">
																																																											</ColumnReference>
																																																										</RangeColumns>
																																																										<RangeExpressions>
																																																											<ScalarOperator ScalarString="[PaymentData].[dbo].[Payment].[Category]">
																																																												<Identifier>
																																																													<ColumnReference Database="[PaymentData]" Schema="[dbo]" Table="[Payment]" Column="Category">
																																																													</ColumnReference>
																																																												</Identifier>
																																																											</ScalarOperator>
																																																										</RangeExpressions>
																																																									</Prefix>
																																																								</SeekKeys>
																																																							</SeekPredicateNew>
																																																						</SeekPredicates>
																																																						<Predicate>
																																																							<ScalarOperator ScalarString="[PaymentData].[dbo].[PaymentCategory].[NotInPaymentParticipantProfit]&lt;&gt;(1) OR [PaymentData].[dbo].[PaymentCategory].[NotInPaymentParticipantProfit] IS NULL OR [PaymentData].[dbo].[PaymentCategory].[Name]=N&apos;???????? ???????&apos;">
																																																								<Logical Operation="OR">
																																																									<ScalarOperator>
																																																										<Compare CompareOp="NE">
																																																											<ScalarOperator>
																																																												<Identifier>
																																																													<ColumnReference Database="[PaymentData]" Schema="[dbo]" Table="[PaymentCategory]" Column="NotInPaymentParticipantProfit">
																																																													</ColumnReference>
																																																												</Identifier>
																																																											</ScalarOperator>
																																																											<ScalarOperator>
																																																												<Const ConstValue="(1)">
																																																												</Const>
																																																											</ScalarOperator>
																																																										</Compare>
																																																									</ScalarOperator>
																																																									<ScalarOperator>
																																																										<Compare CompareOp="IS">
																																																											<ScalarOperator>
																																																												<Identifier>
																																																													<ColumnReference Database="[PaymentData]" Schema="[dbo]" Table="[PaymentCategory]" Column="NotInPaymentParticipantProfit">
																																																													</ColumnReference>
																																																												</Identifier>
																																																											</ScalarOperator>
																																																											<ScalarOperator>
																																																												<Const ConstValue="NULL">
																																																												</Const>
																																																											</ScalarOperator>
																																																										</Compare>
																																																									</ScalarOperator>
																																																									<ScalarOperator>
																																																										<Compare CompareOp="EQ">
																																																											<ScalarOperator>
																																																												<Identifier>
																																																													<ColumnReference Database="[PaymentData]" Schema="[dbo]" Table="[PaymentCategory]" Column="Name">
																																																													</ColumnReference>
																																																												</Identifier>
																																																											</ScalarOperator>
																																																											<ScalarOperator>
																																																												<Const ConstValue="N&apos;???????? ???????&apos;">
																																																												</Const>
																																																											</ScalarOperator>
																																																										</Compare>
																																																									</ScalarOperator>
																																																								</Logical>
																																																							</ScalarOperator>
																																																						</Predicate>
																																																					</IndexScan>
																																																				</RelOp>
																																																			</NestedLoops>
																																																		</RelOp>
																																																		<RelOp NodeId="40" PhysicalOp="Clustered Index Seek" LogicalOp="Clustered Index Seek" EstimateRows="1" EstimatedRowsRead="1" EstimateIO="0.003125" EstimateCPU="0.0001581" AvgRowSize="23" EstimatedTotalSubtreeCost="0.0105596" TableCardinality="1006" Parallel="0" EstimateRebinds="0.414214" EstimateRewinds="42.4264" EstimatedExecutionMode="Row">
																																																			<OutputList>
																																																				<ColumnReference Database="[PaymentData]" Schema="[dbo]" Table="[PaymentParticipant]" Alias="[Payer]" Column="Oid">
																																																				</ColumnReference>
																																																			</OutputList>
																																																			<RunTimeInformation>
																																																				<RunTimeCountersPerThread Thread="0" ActualRows="0" Batches="0" ActualExecutionMode="Row" ActualElapsedms="0" ActualCPUms="0" ActualScans="0" ActualLogicalReads="0" ActualPhysicalReads="0" ActualReadAheads="0" ActualLobLogicalReads="0" ActualLobPhysicalReads="0" ActualLobReadAheads="0" ActualEndOfScans="0" ActualExecutions="0">
																																																				</RunTimeCountersPerThread>
																																																			</RunTimeInformation>
																																																			<IndexScan Ordered="1" ScanDirection="FORWARD" ForcedIndex="0" ForceSeek="0" ForceScan="0" NoExpandHint="0" Storage="RowStore">
																																																				<DefinedValues>
																																																					<DefinedValue>
																																																						<ColumnReference Database="[PaymentData]" Schema="[dbo]" Table="[PaymentParticipant]" Alias="[Payer]" Column="Oid">
																																																						</ColumnReference>
																																																					</DefinedValue>
																																																				</DefinedValues>
																																																				<Object Database="[PaymentData]" Schema="[dbo]" Table="[PaymentParticipant]" Index="[PK_PaymentParticipant]" Alias="[Payer]" TableReferenceId="1" IndexKind="Clustered" Storage="RowStore">
																																																				</Object>
																																																				<SeekPredicates>
																																																					<SeekPredicateNew>
																																																						<SeekKeys>
																																																							<Prefix ScanType="EQ">
																																																								<RangeColumns>
																																																									<ColumnReference Database="[PaymentData]" Schema="[dbo]" Table="[PaymentParticipant]" Alias="[Payer]" Column="Oid">
																																																									</ColumnReference>
																																																								</RangeColumns>
																																																								<RangeExpressions>
																																																									<ScalarOperator ScalarString="[PaymentData].[dbo].[Payment].[Payer]">
																																																										<Identifier>
																																																											<ColumnReference Database="[PaymentData]" Schema="[dbo]" Table="[Payment]" Column="Payer">
																																																											</ColumnReference>
																																																										</Identifier>
																																																									</ScalarOperator>
																																																								</RangeExpressions>
																																																							</Prefix>
																																																						</SeekKeys>
																																																					</SeekPredicateNew>
																																																				</SeekPredicates>
																																																			</IndexScan>
																																																		</RelOp>
																																																	</NestedLoops>
																																																</RelOp>
																																																<RelOp NodeId="41" PhysicalOp="Clustered Index Seek" LogicalOp="Clustered Index Seek" EstimateRows="1" EstimatedRowsRead="1" EstimateIO="0.003125" EstimateCPU="0.0001581" AvgRowSize="23" EstimatedTotalSubtreeCost="0.228458" TableCardinality="205" Parallel="0" EstimateRebinds="0.414214" EstimateRewinds="1421.28" EstimatedExecutionMode="Row">
																																																	<OutputList>
																																																		<ColumnReference Database="[PaymentData]" Schema="[dbo]" Table="[Cashbox]" Alias="[PayeeCashbox]" Column="AccountType">
																																																		</ColumnReference>
																																																	</OutputList>
																																																	<RunTimeInformation>
																																																		<RunTimeCountersPerThread Thread="0" ActualRows="0" Batches="0" ActualExecutionMode="Row" ActualElapsedms="0" ActualCPUms="0" ActualScans="0" ActualLogicalReads="0" ActualPhysicalReads="0" ActualReadAheads="0" ActualLobLogicalReads="0" ActualLobPhysicalReads="0" ActualLobReadAheads="0" ActualEndOfScans="0" ActualExecutions="0">
																																																		</RunTimeCountersPerThread>
																																																	</RunTimeInformation>
																																																	<IndexScan Ordered="1" ScanDirection="FORWARD" ForcedIndex="0" ForceSeek="0" ForceScan="0" NoExpandHint="0" Storage="RowStore">
																																																		<DefinedValues>
																																																			<DefinedValue>
																																																				<ColumnReference Database="[PaymentData]" Schema="[dbo]" Table="[Cashbox]" Alias="[PayeeCashbox]" Column="AccountType">
																																																				</ColumnReference>
																																																			</DefinedValue>
																																																		</DefinedValues>
																																																		<Object Database="[PaymentData]" Schema="[dbo]" Table="[Cashbox]" Index="[PK_Cashbox]" Alias="[PayeeCashbox]" IndexKind="Clustered" Storage="RowStore">
																																																		</Object>
																																																		<SeekPredicates>
																																																			<SeekPredicateNew>
																																																				<SeekKeys>
																																																					<Prefix ScanType="EQ">
																																																						<RangeColumns>
																																																							<ColumnReference Database="[PaymentData]" Schema="[dbo]" Table="[Cashbox]" Alias="[PayeeCashbox]" Column="Oid">
																																																							</ColumnReference>
																																																						</RangeColumns>
																																																						<RangeExpressions>
																																																							<ScalarOperator ScalarString="[Inserted].[Oid]">
																																																								<Identifier>
																																																									<ColumnReference Table="[Inserted]" Column="Oid">
																																																									</ColumnReference>
																																																								</Identifier>
																																																							</ScalarOperator>
																																																						</RangeExpressions>
																																																					</Prefix>
																																																				</SeekKeys>
																																																			</SeekPredicateNew>
																																																		</SeekPredicates>
																																																	</IndexScan>
																																																</RelOp>
																																															</NestedLoops>
																																														</RelOp>
																																													</Hash>
																																												</RelOp>
																																												<RelOp NodeId="42" PhysicalOp="Clustered Index Seek" LogicalOp="Clustered Index Seek" EstimateRows="1" EstimatedRowsRead="1" EstimateIO="0.003125" EstimateCPU="0.0001581" AvgRowSize="23" EstimatedTotalSubtreeCost="0.228458" TableCardinality="230" Parallel="0" EstimateRebinds="0.414214" EstimateRewinds="1421.28" EstimatedExecutionMode="Row">
																																													<OutputList>
																																														<ColumnReference Database="[PaymentData]" Schema="[dbo]" Table="[Bank]" Alias="[PayeeBank]" Column="AccountType">
																																														</ColumnReference>
																																													</OutputList>
																																													<RunTimeInformation>
																																														<RunTimeCountersPerThread Thread="0" ActualRows="0" Batches="0" ActualExecutionMode="Row" ActualElapsedms="0" ActualCPUms="0" ActualScans="0" ActualLogicalReads="0" ActualPhysicalReads="0" ActualReadAheads="0" ActualLobLogicalReads="0" ActualLobPhysicalReads="0" ActualLobReadAheads="0" ActualEndOfScans="0" ActualExecutions="0">
																																														</RunTimeCountersPerThread>
																																													</RunTimeInformation>
																																													<IndexScan Ordered="1" ScanDirection="FORWARD" ForcedIndex="0" ForceSeek="0" ForceScan="0" NoExpandHint="0" Storage="RowStore">
																																														<DefinedValues>
																																															<DefinedValue>
																																																<ColumnReference Database="[PaymentData]" Schema="[dbo]" Table="[Bank]" Alias="[PayeeBank]" Column="AccountType">
																																																</ColumnReference>
																																															</DefinedValue>
																																														</DefinedValues>
																																														<Object Database="[PaymentData]" Schema="[dbo]" Table="[Bank]" Index="[PK_Bank]" Alias="[PayeeBank]" IndexKind="Clustered" Storage="RowStore">
																																														</Object>
																																														<SeekPredicates>
																																															<SeekPredicateNew>
																																																<SeekKeys>
																																																	<Prefix ScanType="EQ">
																																																		<RangeColumns>
																																																			<ColumnReference Database="[PaymentData]" Schema="[dbo]" Table="[Bank]" Alias="[PayeeBank]" Column="Oid">
																																																			</ColumnReference>
																																																		</RangeColumns>
																																																		<RangeExpressions>
																																																			<ScalarOperator ScalarString="[Inserted].[Oid]">
																																																				<Identifier>
																																																					<ColumnReference Table="[Inserted]" Column="Oid">
																																																					</ColumnReference>
																																																				</Identifier>
																																																			</ScalarOperator>
																																																		</RangeExpressions>
																																																	</Prefix>
																																																</SeekKeys>
																																															</SeekPredicateNew>
																																														</SeekPredicates>
																																													</IndexScan>
																																												</RelOp>
																																											</NestedLoops>
																																										</RelOp>
																																									</Hash>
																																								</RelOp>
																																							</Hash>
																																						</RelOp>
																																					</Hash>
																																				</RelOp>
																																			</Hash>
																																		</RelOp>
																																	</Hash>
																																</RelOp>
																																<Predicate>
																																	<ScalarOperator ScalarString="[PaymentData].[dbo].[PaymentCategory].[NotInPaymentParticipantProfit]&lt;&gt;(1) OR [PaymentData].[dbo].[PaymentCategory].[NotInPaymentParticipantProfit] IS NULL OR ([PaymentData].[dbo].[AccountType].[Name] as [PayerCashboxAccountType].[Name]=N&apos;???????&apos; OR [PaymentData].[dbo].[AccountType].[Name] as [PayerBankAccountType].[Name]=N&apos;???????&apos;) AND ([PaymentData].[dbo].[AccountType].[Name] as [PayeeCashboxAccountType].[Name]=N&apos;????????????&apos; OR [PaymentData].[dbo].[AccountType].[Name] as [PayeeBankAccountType].[Name]=N&apos;????????????&apos;) AND [PaymentData].[dbo].[PaymentCategory].[Name]=N&apos;???????? ???????&apos;">
																																		<Logical Operation="OR">
																																			<ScalarOperator>
																																				<Compare CompareOp="NE">
																																					<ScalarOperator>
																																						<Identifier>
																																							<ColumnReference Database="[PaymentData]" Schema="[dbo]" Table="[PaymentCategory]" Column="NotInPaymentParticipantProfit">
																																							</ColumnReference>
																																						</Identifier>
																																					</ScalarOperator>
																																					<ScalarOperator>
																																						<Const ConstValue="(1)">
																																						</Const>
																																					</ScalarOperator>
																																				</Compare>
																																			</ScalarOperator>
																																			<ScalarOperator>
																																				<Compare CompareOp="IS">
																																					<ScalarOperator>
																																						<Identifier>
																																							<ColumnReference Database="[PaymentData]" Schema="[dbo]" Table="[PaymentCategory]" Column="NotInPaymentParticipantProfit">
																																							</ColumnReference>
																																						</Identifier>
																																					</ScalarOperator>
																																					<ScalarOperator>
																																						<Const ConstValue="NULL">
																																						</Const>
																																					</ScalarOperator>
																																				</Compare>
																																			</ScalarOperator>
																																			<ScalarOperator>
																																				<Logical Operation="AND">
																																					<ScalarOperator>
																																						<Logical Operation="OR">
																																							<ScalarOperator>
																																								<Compare CompareOp="EQ">
																																									<ScalarOperator>
																																										<Identifier>
																																											<ColumnReference Database="[PaymentData]" Schema="[dbo]" Table="[AccountType]" Alias="[PayerCashboxAccountType]" Column="Name">
																																											</ColumnReference>
																																										</Identifier>
																																									</ScalarOperator>
																																									<ScalarOperator>
																																										<Const ConstValue="N&apos;???????&apos;">
																																										</Const>
																																									</ScalarOperator>
																																								</Compare>
																																							</ScalarOperator>
																																							<ScalarOperator>
																																								<Compare CompareOp="EQ">
																																									<ScalarOperator>
																																										<Identifier>
																																											<ColumnReference Database="[PaymentData]" Schema="[dbo]" Table="[AccountType]" Alias="[PayerBankAccountType]" Column="Name">
																																											</ColumnReference>
																																										</Identifier>
																																									</ScalarOperator>
																																									<ScalarOperator>
																																										<Const ConstValue="N&apos;???????&apos;">
																																										</Const>
																																									</ScalarOperator>
																																								</Compare>
																																							</ScalarOperator>
																																						</Logical>
																																					</ScalarOperator>
																																					<ScalarOperator>
																																						<Logical Operation="OR">
																																							<ScalarOperator>
																																								<Compare CompareOp="EQ">
																																									<ScalarOperator>
																																										<Identifier>
																																											<ColumnReference Database="[PaymentData]" Schema="[dbo]" Table="[AccountType]" Alias="[PayeeCashboxAccountType]" Column="Name">
																																											</ColumnReference>
																																										</Identifier>
																																									</ScalarOperator>
																																									<ScalarOperator>
																																										<Const ConstValue="N&apos;????????????&apos;">
																																										</Const>
																																									</ScalarOperator>
																																								</Compare>
																																							</ScalarOperator>
																																							<ScalarOperator>
																																								<Compare CompareOp="EQ">
																																									<ScalarOperator>
																																										<Identifier>
																																											<ColumnReference Database="[PaymentData]" Schema="[dbo]" Table="[AccountType]" Alias="[PayeeBankAccountType]" Column="Name">
																																											</ColumnReference>
																																										</Identifier>
																																									</ScalarOperator>
																																									<ScalarOperator>
																																										<Const ConstValue="N&apos;????????????&apos;">
																																										</Const>
																																									</ScalarOperator>
																																								</Compare>
																																							</ScalarOperator>
																																						</Logical>
																																					</ScalarOperator>
																																					<ScalarOperator>
																																						<Compare CompareOp="EQ">
																																							<ScalarOperator>
																																								<Identifier>
																																									<ColumnReference Database="[PaymentData]" Schema="[dbo]" Table="[PaymentCategory]" Column="Name">
																																									</ColumnReference>
																																								</Identifier>
																																							</ScalarOperator>
																																							<ScalarOperator>
																																								<Const ConstValue="N&apos;???????? ???????&apos;">
																																								</Const>
																																							</ScalarOperator>
																																						</Compare>
																																					</ScalarOperator>
																																				</Logical>
																																			</ScalarOperator>
																																		</Logical>
																																	</ScalarOperator>
																																</Predicate>
																															</Filter>
																														</RelOp>
																													</StreamAggregate>
																												</RelOp>
																											</ComputeScalar>
																										</RelOp>
																									</StreamAggregate>
																								</RelOp>
																							</ComputeScalar>
																						</RelOp>
																						<RelOp NodeId="43" PhysicalOp="Compute Scalar" LogicalOp="Compute Scalar" EstimateRows="1" EstimateIO="0" EstimateCPU="0" AvgRowSize="15" EstimatedTotalSubtreeCost="0.0411075" Parallel="0" EstimateRebinds="0.414214" EstimateRewinds="0" EstimatedExecutionMode="Row">
																							<OutputList>
																								<ColumnReference Column="Expr1048">
																								</ColumnReference>
																								<ColumnReference Column="Expr1049">
																								</ColumnReference>
																							</OutputList>
																							<ComputeScalar>
																								<DefinedValues>
																									<DefinedValue>
																										<ColumnReference Column="Expr1048">
																										</ColumnReference>
																										<ScalarOperator ScalarString="CONVERT_IMPLICIT(int,[Expr1075],0)">
																											<Convert DataType="int" Style="0" Implicit="1">
																												<ScalarOperator>
																													<Identifier>
																														<ColumnReference Column="Expr1075">
																														</ColumnReference>
																													</Identifier>
																												</ScalarOperator>
																											</Convert>
																										</ScalarOperator>
																									</DefinedValue>
																								</DefinedValues>
																								<RelOp NodeId="44" PhysicalOp="Stream Aggregate" LogicalOp="Aggregate" EstimateRows="1" EstimateIO="0" EstimateCPU="1.1e-06" AvgRowSize="15" EstimatedTotalSubtreeCost="0.0411075" Parallel="0" EstimateRebinds="0.414214" EstimateRewinds="0" EstimatedExecutionMode="Row">
																									<OutputList>
																										<ColumnReference Column="Expr1049">
																										</ColumnReference>
																										<ColumnReference Column="Expr1075">
																										</ColumnReference>
																									</OutputList>
																									<RunTimeInformation>
																										<RunTimeCountersPerThread Thread="0" ActualRows="1" Batches="0" ActualExecutionMode="Row" ActualElapsedms="0" ActualCPUms="0" ActualEndOfScans="0" ActualExecutions="1">
																										</RunTimeCountersPerThread>
																									</RunTimeInformation>
																									<StreamAggregate>
																										<DefinedValues>
																											<DefinedValue>
																												<ColumnReference Column="Expr1075">
																												</ColumnReference>
																												<ScalarOperator ScalarString="Count(*)">
																													<Aggregate AggType="countstar" Distinct="0">
																													</Aggregate>
																												</ScalarOperator>
																											</DefinedValue>
																											<DefinedValue>
																												<ColumnReference Column="Expr1049">
																												</ColumnReference>
																												<ScalarOperator ScalarString="ANY([Expr1047])">
																													<Aggregate Distinct="0" AggType="ANY">
																														<ScalarOperator>
																															<Identifier>
																																<ColumnReference Column="Expr1047">
																																</ColumnReference>
																															</Identifier>
																														</ScalarOperator>
																													</Aggregate>
																												</ScalarOperator>
																											</DefinedValue>
																										</DefinedValues>
																										<RelOp NodeId="45" PhysicalOp="Compute Scalar" LogicalOp="Compute Scalar" EstimateRows="1" EstimateIO="0" EstimateCPU="0" AvgRowSize="11" EstimatedTotalSubtreeCost="0.041106" Parallel="0" EstimateRebinds="0.414214" EstimateRewinds="0" EstimatedExecutionMode="Row">
																											<OutputList>
																												<ColumnReference Column="Expr1047">
																												</ColumnReference>
																											</OutputList>
																											<ComputeScalar>
																												<DefinedValues>
																													<DefinedValue>
																														<ColumnReference Column="Expr1047">
																														</ColumnReference>
																														<ScalarOperator ScalarString="CASE WHEN [Expr1073]=(0) THEN NULL ELSE [Expr1074] END">
																															<IF>
																																<Condition>
																																	<ScalarOperator>
																																		<Compare CompareOp="EQ">
																																			<ScalarOperator>
																																				<Identifier>
																																					<ColumnReference Column="Expr1073">
																																					</ColumnReference>
																																				</Identifier>
																																			</ScalarOperator>
																																			<ScalarOperator>
																																				<Const ConstValue="(0)">
																																				</Const>
																																			</ScalarOperator>
																																		</Compare>
																																	</ScalarOperator>
																																</Condition>
																																<Then>
																																	<ScalarOperator>
																																		<Const ConstValue="NULL">
																																		</Const>
																																	</ScalarOperator>
																																</Then>
																																<Else>
																																	<ScalarOperator>
																																		<Identifier>
																																			<ColumnReference Column="Expr1074">
																																			</ColumnReference>
																																		</Identifier>
																																	</ScalarOperator>
																																</Else>
																															</IF>
																														</ScalarOperator>
																													</DefinedValue>
																												</DefinedValues>
																												<RelOp NodeId="46" PhysicalOp="Stream Aggregate" LogicalOp="Aggregate" EstimateRows="1" EstimateIO="0" EstimateCPU="0.0006041" AvgRowSize="11" EstimatedTotalSubtreeCost="0.041106" Parallel="0" EstimateRebinds="0.414214" EstimateRewinds="0" EstimatedExecutionMode="Row">
																													<OutputList>
																														<ColumnReference Column="Expr1073">
																														</ColumnReference>
																														<ColumnReference Column="Expr1074">
																														</ColumnReference>
																													</OutputList>
																													<RunTimeInformation>
																														<RunTimeCountersPerThread Thread="0" ActualRows="1" Batches="0" ActualExecutionMode="Row" ActualElapsedms="0" ActualCPUms="0" ActualEndOfScans="1" ActualExecutions="1">
																														</RunTimeCountersPerThread>
																													</RunTimeInformation>
																													<StreamAggregate>
																														<DefinedValues>
																															<DefinedValue>
																																<ColumnReference Column="Expr1073">
																																</ColumnReference>
																																<ScalarOperator ScalarString="COUNT_BIG([PaymentData].[dbo].[Payment].[Amount])">
																																	<Aggregate Distinct="0" AggType="COUNT_BIG">
																																		<ScalarOperator>
																																			<Identifier>
																																				<ColumnReference Database="[PaymentData]" Schema="[dbo]" Table="[Payment]" Column="Amount">
																																				</ColumnReference>
																																			</Identifier>
																																		</ScalarOperator>
																																	</Aggregate>
																																</ScalarOperator>
																															</DefinedValue>
																															<DefinedValue>
																																<ColumnReference Column="Expr1074">
																																</ColumnReference>
																																<ScalarOperator ScalarString="SUM([PaymentData].[dbo].[Payment].[Amount])">
																																	<Aggregate Distinct="0" AggType="SUM">
																																		<ScalarOperator>
																																			<Identifier>
																																				<ColumnReference Database="[PaymentData]" Schema="[dbo]" Table="[Payment]" Column="Amount">
																																				</ColumnReference>
																																			</Identifier>
																																		</ScalarOperator>
																																	</Aggregate>
																																</ScalarOperator>
																															</DefinedValue>
																														</DefinedValues>
																														<RelOp NodeId="47" PhysicalOp="Nested Loops" LogicalOp="Inner Join" EstimateRows="1006" EstimateIO="0" EstimateCPU="1.32839e-05" AvgRowSize="11" EstimatedTotalSubtreeCost="0.0402516" Parallel="0" EstimateRebinds="0.414214" EstimateRewinds="0" EstimatedExecutionMode="Row">
																															<OutputList>
																																<ColumnReference Database="[PaymentData]" Schema="[dbo]" Table="[Payment]" Column="Amount">
																																</ColumnReference>
																															</OutputList>
																															<RunTimeInformation>
																																<RunTimeCountersPerThread Thread="0" ActualRows="0" Batches="0" ActualExecutionMode="Row" ActualElapsedms="0" ActualCPUms="0" ActualEndOfScans="1" ActualExecutions="1">
																																</RunTimeCountersPerThread>
																															</RunTimeInformation>
																															<NestedLoops Optimized="0">
																																<OuterReferences>
																																	<ColumnReference Database="[PaymentData]" Schema="[dbo]" Table="[Payment]" Column="Payer">
																																	</ColumnReference>
																																</OuterReferences>
																																<RelOp NodeId="48" PhysicalOp="Nested Loops" LogicalOp="Inner Join" EstimateRows="3.17797" EstimateIO="0" EstimateCPU="1.32839e-05" AvgRowSize="27" EstimatedTotalSubtreeCost="0.0358939" Parallel="0" EstimateRebinds="0.414214" EstimateRewinds="0" EstimatedExecutionMode="Row">
																																	<OutputList>
																																		<ColumnReference Database="[PaymentData]" Schema="[dbo]" Table="[Payment]" Column="Amount">
																																		</ColumnReference>
																																		<ColumnReference Database="[PaymentData]" Schema="[dbo]" Table="[Payment]" Column="Payer">
																																		</ColumnReference>
																																	</OutputList>
																																	<RunTimeInformation>
																																		<RunTimeCountersPerThread Thread="0" ActualRows="0" Batches="0" ActualExecutionMode="Row" ActualElapsedms="0" ActualCPUms="0" ActualEndOfScans="1" ActualExecutions="1">
																																		</RunTimeCountersPerThread>
																																	</RunTimeInformation>
																																	<NestedLoops Optimized="0">
																																		<OuterReferences>
																																			<ColumnReference Database="[PaymentData]" Schema="[dbo]" Table="[Payment]" Column="Category">
																																			</ColumnReference>
																																		</OuterReferences>
																																		<RelOp NodeId="49" PhysicalOp="Nested Loops" LogicalOp="Inner Join" EstimateRows="3.17797" EstimateIO="0" EstimateCPU="1.32839e-05" AvgRowSize="43" EstimatedTotalSubtreeCost="0.0320374" Parallel="0" EstimateRebinds="0.414214" EstimateRewinds="0" EstimatedExecutionMode="Row">
																																			<OutputList>
																																				<ColumnReference Database="[PaymentData]" Schema="[dbo]" Table="[Payment]" Column="Amount">
																																				</ColumnReference>
																																				<ColumnReference Database="[PaymentData]" Schema="[dbo]" Table="[Payment]" Column="Category">
																																				</ColumnReference>
																																				<ColumnReference Database="[PaymentData]" Schema="[dbo]" Table="[Payment]" Column="Payer">
																																				</ColumnReference>
																																			</OutputList>
																																			<RunTimeInformation>
																																				<RunTimeCountersPerThread Thread="0" ActualRows="0" Batches="0" ActualExecutionMode="Row" ActualElapsedms="0" ActualCPUms="0" ActualEndOfScans="1" ActualExecutions="1">
																																				</RunTimeCountersPerThread>
																																			</RunTimeInformation>
																																			<NestedLoops Optimized="0">
																																				<RelOp NodeId="50" PhysicalOp="Nested Loops" LogicalOp="Left Semi Join" EstimateRows="1" EstimateIO="0" EstimateCPU="4.18e-06" AvgRowSize="9" EstimatedTotalSubtreeCost="0.00767776" Parallel="0" EstimateRebinds="0.414214" EstimateRewinds="0" EstimatedExecutionMode="Row">
																																					<OutputList>
																																					</OutputList>
																																					<RunTimeInformation>
																																						<RunTimeCountersPerThread Thread="0" ActualRows="0" Batches="0" ActualExecutionMode="Row" ActualElapsedms="0" ActualCPUms="0" ActualEndOfScans="1" ActualExecutions="1">
																																						</RunTimeCountersPerThread>
																																					</RunTimeInformation>
																																					<NestedLoops Optimized="0">
																																						<RelOp NodeId="51" PhysicalOp="Clustered Index Seek" LogicalOp="Clustered Index Seek" EstimateRows="1" EstimatedRowsRead="1" EstimateIO="0.003125" EstimateCPU="0.0001581" AvgRowSize="9" EstimatedTotalSubtreeCost="0.00385197" TableCardinality="1006" Parallel="0" EstimateRebinds="0.414214" EstimateRewinds="0" EstimatedExecutionMode="Row">
																																							<OutputList>
																																							</OutputList>
																																							<RunTimeInformation>
																																								<RunTimeCountersPerThread Thread="0" ActualRows="1" Batches="0" ActualExecutionMode="Row" ActualElapsedms="0" ActualCPUms="0" ActualScans="0" ActualLogicalReads="2" ActualPhysicalReads="0" ActualReadAheads="0" ActualLobLogicalReads="0" ActualLobPhysicalReads="0" ActualLobReadAheads="0" ActualRowsRead="1" ActualEndOfScans="0" ActualExecutions="1">
																																								</RunTimeCountersPerThread>
																																							</RunTimeInformation>
																																							<IndexScan Ordered="1" ScanDirection="FORWARD" ForcedIndex="0" ForceSeek="0" ForceScan="0" NoExpandHint="0" Storage="RowStore">
																																								<DefinedValues>
																																								</DefinedValues>
																																								<Object Database="[PaymentData]" Schema="[dbo]" Table="[PaymentParticipant]" Index="[PK_PaymentParticipant]" Alias="[Payee]" TableReferenceId="3" IndexKind="Clustered" Storage="RowStore">
																																								</Object>
																																								<SeekPredicates>
																																									<SeekPredicateNew>
																																										<SeekKeys>
																																											<Prefix ScanType="EQ">
																																												<RangeColumns>
																																													<ColumnReference Database="[PaymentData]" Schema="[dbo]" Table="[PaymentParticipant]" Alias="[Payee]" Column="Oid">
																																													</ColumnReference>
																																												</RangeColumns>
																																												<RangeExpressions>
																																													<ScalarOperator ScalarString="[Inserted].[Oid]">
																																														<Identifier>
																																															<ColumnReference Table="[Inserted]" Column="Oid">
																																															</ColumnReference>
																																														</Identifier>
																																													</ScalarOperator>
																																												</RangeExpressions>
																																											</Prefix>
																																										</SeekKeys>
																																									</SeekPredicateNew>
																																								</SeekPredicates>
																																							</IndexScan>
																																						</RelOp>
																																						<RelOp NodeId="52" PhysicalOp="Clustered Index Seek" LogicalOp="Clustered Index Seek" EstimateRows="1" EstimatedRowsRead="1" EstimateIO="0.003125" EstimateCPU="0.0001581" AvgRowSize="9" EstimatedTotalSubtreeCost="0.00381987" TableCardinality="187" Parallel="0" EstimateRebinds="0.414214" EstimateRewinds="0" EstimatedExecutionMode="Row">
																																							<OutputList>
																																							</OutputList>
																																							<RunTimeInformation>
																																								<RunTimeCountersPerThread Thread="0" ActualRows="0" Batches="0" ActualExecutionMode="Row" ActualElapsedms="0" ActualCPUms="0" ActualScans="0" ActualLogicalReads="2" ActualPhysicalReads="0" ActualReadAheads="0" ActualLobLogicalReads="0" ActualLobPhysicalReads="0" ActualLobReadAheads="0" ActualEndOfScans="1" ActualExecutions="1">
																																								</RunTimeCountersPerThread>
																																							</RunTimeInformation>
																																							<IndexScan Ordered="1" ScanDirection="FORWARD" ForcedIndex="0" ForceSeek="0" ForceScan="0" NoExpandHint="0" Storage="RowStore">
																																								<DefinedValues>
																																								</DefinedValues>
																																								<Object Database="[PaymentData]" Schema="[dbo]" Table="[Employee]" Index="[PK_Employee]" TableReferenceId="3" IndexKind="Clustered" Storage="RowStore">
																																								</Object>
																																								<SeekPredicates>
																																									<SeekPredicateNew>
																																										<SeekKeys>
																																											<Prefix ScanType="EQ">
																																												<RangeColumns>
																																													<ColumnReference Database="[PaymentData]" Schema="[dbo]" Table="[Employee]" Column="Oid">
																																													</ColumnReference>
																																												</RangeColumns>
																																												<RangeExpressions>
																																													<ScalarOperator ScalarString="[Inserted].[Oid]">
																																														<Identifier>
																																															<ColumnReference Table="[Inserted]" Column="Oid">
																																															</ColumnReference>
																																														</Identifier>
																																													</ScalarOperator>
																																												</RangeExpressions>
																																											</Prefix>
																																										</SeekKeys>
																																									</SeekPredicateNew>
																																								</SeekPredicates>
																																							</IndexScan>
																																						</RelOp>
																																					</NestedLoops>
																																				</RelOp>
																																				<RelOp NodeId="53" PhysicalOp="Clustered Index Scan" LogicalOp="Clustered Index Scan" EstimateRows="3.17797" EstimatedRowsRead="102" EstimateIO="0.0239442" EstimateCPU="0.0001907" AvgRowSize="63" EstimatedTotalSubtreeCost="0.0242139" TableCardinality="102" Parallel="0" EstimateRebinds="0" EstimateRewinds="0.414214" EstimatedExecutionMode="Row">
																																					<OutputList>
																																						<ColumnReference Database="[PaymentData]" Schema="[dbo]" Table="[Payment]" Column="Amount">
																																						</ColumnReference>
																																						<ColumnReference Database="[PaymentData]" Schema="[dbo]" Table="[Payment]" Column="Category">
																																						</ColumnReference>
																																						<ColumnReference Database="[PaymentData]" Schema="[dbo]" Table="[Payment]" Column="Payer">
																																						</ColumnReference>
																																					</OutputList>
																																					<Warnings>
																																						<ColumnsWithNoStatistics>
																																							<ColumnReference Database="[PaymentData]" Schema="[dbo]" Table="[Payment]" Column="Category">
																																							</ColumnReference>
																																							<ColumnReference Database="[PaymentData]" Schema="[dbo]" Table="[Payment]" Column="Payer">
																																							</ColumnReference>
																																						</ColumnsWithNoStatistics>
																																					</Warnings>
																																					<RunTimeInformation>
																																						<RunTimeCountersPerThread Thread="0" ActualRows="0" Batches="0" ActualExecutionMode="Row" ActualElapsedms="0" ActualCPUms="0" ActualScans="0" ActualLogicalReads="0" ActualPhysicalReads="0" ActualReadAheads="0" ActualLobLogicalReads="0" ActualLobPhysicalReads="0" ActualLobReadAheads="0" ActualEndOfScans="0" ActualExecutions="0">
																																						</RunTimeCountersPerThread>
																																					</RunTimeInformation>
																																					<IndexScan Ordered="0" ForcedIndex="0" ForceScan="0" NoExpandHint="0" Storage="RowStore">
																																						<DefinedValues>
																																							<DefinedValue>
																																								<ColumnReference Database="[PaymentData]" Schema="[dbo]" Table="[Payment]" Column="Amount">
																																								</ColumnReference>
																																							</DefinedValue>
																																							<DefinedValue>
																																								<ColumnReference Database="[PaymentData]" Schema="[dbo]" Table="[Payment]" Column="Category">
																																								</ColumnReference>
																																							</DefinedValue>
																																							<DefinedValue>
																																								<ColumnReference Database="[PaymentData]" Schema="[dbo]" Table="[Payment]" Column="Payer">
																																								</ColumnReference>
																																							</DefinedValue>
																																						</DefinedValues>
																																						<Object Database="[PaymentData]" Schema="[dbo]" Table="[Payment]" Index="[PK_Payment]" TableReferenceId="3" IndexKind="Clustered" Storage="RowStore">
																																						</Object>
																																						<Predicate>
																																							<ScalarOperator ScalarString="[PaymentData].[dbo].[Payment].[Payee]=[Inserted].[Oid] AND [PaymentData].[dbo].[Payment].[GCRecord] IS NULL">
																																								<Logical Operation="AND">
																																									<ScalarOperator>
																																										<Compare CompareOp="EQ">
																																											<ScalarOperator>
																																												<Identifier>
																																													<ColumnReference Database="[PaymentData]" Schema="[dbo]" Table="[Payment]" Column="Payee">
																																													</ColumnReference>
																																												</Identifier>
																																											</ScalarOperator>
																																											<ScalarOperator>
																																												<Identifier>
																																													<ColumnReference Table="[Inserted]" Column="Oid">
																																													</ColumnReference>
																																												</Identifier>
																																											</ScalarOperator>
																																										</Compare>
																																									</ScalarOperator>
																																									<ScalarOperator>
																																										<Compare CompareOp="IS">
																																											<ScalarOperator>
																																												<Identifier>
																																													<ColumnReference Database="[PaymentData]" Schema="[dbo]" Table="[Payment]" Column="GCRecord">
																																													</ColumnReference>
																																												</Identifier>
																																											</ScalarOperator>
																																											<ScalarOperator>
																																												<Const ConstValue="NULL">
																																												</Const>
																																											</ScalarOperator>
																																										</Compare>
																																									</ScalarOperator>
																																								</Logical>
																																							</ScalarOperator>
																																						</Predicate>
																																					</IndexScan>
																																				</RelOp>
																																			</NestedLoops>
																																		</RelOp>
																																		<RelOp NodeId="54" PhysicalOp="Clustered Index Seek" LogicalOp="Clustered Index Seek" EstimateRows="1" EstimatedRowsRead="1" EstimateIO="0.003125" EstimateCPU="0.0001581" AvgRowSize="111" EstimatedTotalSubtreeCost="0.00383555" TableCardinality="45" Parallel="0" EstimateRebinds="0.414214" EstimateRewinds="3.08012" EstimatedExecutionMode="Row">
																																			<OutputList>
																																			</OutputList>
																																			<RunTimeInformation>
																																				<RunTimeCountersPerThread Thread="0" ActualRows="0" Batches="0" ActualExecutionMode="Row" ActualElapsedms="0" ActualCPUms="0" ActualScans="0" ActualLogicalReads="0" ActualPhysicalReads="0" ActualReadAheads="0" ActualLobLogicalReads="0" ActualLobPhysicalReads="0" ActualLobReadAheads="0" ActualEndOfScans="0" ActualExecutions="0">
																																				</RunTimeCountersPerThread>
																																			</RunTimeInformation>
																																			<IndexScan Ordered="1" ScanDirection="FORWARD" ForcedIndex="0" ForceSeek="0" ForceScan="0" NoExpandHint="0" Storage="RowStore">
																																				<DefinedValues>
																																				</DefinedValues>
																																				<Object Database="[PaymentData]" Schema="[dbo]" Table="[PaymentCategory]" Index="[PK_PaymentCategory]" TableReferenceId="3" IndexKind="Clustered" Storage="RowStore">
																																				</Object>
																																				<SeekPredicates>
																																					<SeekPredicateNew>
																																						<SeekKeys>
																																							<Prefix ScanType="EQ">
																																								<RangeColumns>
																																									<ColumnReference Database="[PaymentData]" Schema="[dbo]" Table="[PaymentCategory]" Column="Oid">
																																									</ColumnReference>
																																								</RangeColumns>
																																								<RangeExpressions>
																																									<ScalarOperator ScalarString="[PaymentData].[dbo].[Payment].[Category]">
																																										<Identifier>
																																											<ColumnReference Database="[PaymentData]" Schema="[dbo]" Table="[Payment]" Column="Category">
																																											</ColumnReference>
																																										</Identifier>
																																									</ScalarOperator>
																																								</RangeExpressions>
																																							</Prefix>
																																						</SeekKeys>
																																					</SeekPredicateNew>
																																				</SeekPredicates>
																																				<Predicate>
																																					<ScalarOperator ScalarString="[PaymentData].[dbo].[PaymentCategory].[Name]=N&apos;??????? ??????????&apos;">
																																						<Compare CompareOp="EQ">
																																							<ScalarOperator>
																																								<Identifier>
																																									<ColumnReference Database="[PaymentData]" Schema="[dbo]" Table="[PaymentCategory]" Column="Name">
																																									</ColumnReference>
																																								</Identifier>
																																							</ScalarOperator>
																																							<ScalarOperator>
																																								<Const ConstValue="N&apos;??????? ??????????&apos;">
																																								</Const>
																																							</ScalarOperator>
																																						</Compare>
																																					</ScalarOperator>
																																				</Predicate>
																																			</IndexScan>
																																		</RelOp>
																																	</NestedLoops>
																																</RelOp>
																																<RelOp NodeId="55" PhysicalOp="Clustered Index Seek" LogicalOp="Clustered Index Seek" EstimateRows="1" EstimatedRowsRead="1" EstimateIO="0.003125" EstimateCPU="0.0001581" AvgRowSize="9" EstimatedTotalSubtreeCost="0.00433894" TableCardinality="1006" Parallel="0" EstimateRebinds="0.414214" EstimateRewinds="3.08012" EstimatedExecutionMode="Row">
																																	<OutputList>
																																	</OutputList>
																																	<RunTimeInformation>
																																		<RunTimeCountersPerThread Thread="0" ActualRows="0" Batches="0" ActualExecutionMode="Row" ActualElapsedms="0" ActualCPUms="0" ActualScans="0" ActualLogicalReads="0" ActualPhysicalReads="0" ActualReadAheads="0" ActualLobLogicalReads="0" ActualLobPhysicalReads="0" ActualLobReadAheads="0" ActualEndOfScans="0" ActualExecutions="0">
																																		</RunTimeCountersPerThread>
																																	</RunTimeInformation>
																																	<IndexScan Ordered="1" ScanDirection="FORWARD" ForcedIndex="0" ForceSeek="0" ForceScan="0" NoExpandHint="0" Storage="RowStore">
																																		<DefinedValues>
																																		</DefinedValues>
																																		<Object Database="[PaymentData]" Schema="[dbo]" Table="[PaymentParticipant]" Index="[PK_PaymentParticipant]" Alias="[Payer]" TableReferenceId="3" IndexKind="Clustered" Storage="RowStore">
																																		</Object>
																																		<SeekPredicates>
																																			<SeekPredicateNew>
																																				<SeekKeys>
																																					<Prefix ScanType="EQ">
																																						<RangeColumns>
																																							<ColumnReference Database="[PaymentData]" Schema="[dbo]" Table="[PaymentParticipant]" Alias="[Payer]" Column="Oid">
																																							</ColumnReference>
																																						</RangeColumns>
																																						<RangeExpressions>
																																							<ScalarOperator ScalarString="[PaymentData].[dbo].[Payment].[Payer]">
																																								<Identifier>
																																									<ColumnReference Database="[PaymentData]" Schema="[dbo]" Table="[Payment]" Column="Payer">
																																									</ColumnReference>
																																								</Identifier>
																																							</ScalarOperator>
																																						</RangeExpressions>
																																					</Prefix>
																																				</SeekKeys>
																																			</SeekPredicateNew>
																																		</SeekPredicates>
																																	</IndexScan>
																																</RelOp>
																															</NestedLoops>
																														</RelOp>
																													</StreamAggregate>
																												</RelOp>
																											</ComputeScalar>
																										</RelOp>
																									</StreamAggregate>
																								</RelOp>
																							</ComputeScalar>
																						</RelOp>
																					</NestedLoops>
																				</RelOp>
																				<RelOp NodeId="56" PhysicalOp="Compute Scalar" LogicalOp="Compute Scalar" EstimateRows="1" EstimateIO="0" EstimateCPU="0" AvgRowSize="15" EstimatedTotalSubtreeCost="0.296199" Parallel="0" EstimateRebinds="0.414214" EstimateRewinds="0" EstimatedExecutionMode="Row">
																					<OutputList>
																						<ColumnReference Column="Expr1035">
																						</ColumnReference>
																						<ColumnReference Column="Expr1036">
																						</ColumnReference>
																					</OutputList>
																					<ComputeScalar>
																						<DefinedValues>
																							<DefinedValue>
																								<ColumnReference Column="Expr1035">
																								</ColumnReference>
																								<ScalarOperator ScalarString="CONVERT_IMPLICIT(int,[Expr1079],0)">
																									<Convert DataType="int" Style="0" Implicit="1">
																										<ScalarOperator>
																											<Identifier>
																												<ColumnReference Column="Expr1079">
																												</ColumnReference>
																											</Identifier>
																										</ScalarOperator>
																									</Convert>
																								</ScalarOperator>
																							</DefinedValue>
																						</DefinedValues>
																						<RelOp NodeId="57" PhysicalOp="Stream Aggregate" LogicalOp="Aggregate" EstimateRows="1" EstimateIO="0" EstimateCPU="1.1e-06" AvgRowSize="15" EstimatedTotalSubtreeCost="0.296199" Parallel="0" EstimateRebinds="0.414214" EstimateRewinds="0" EstimatedExecutionMode="Row">
																							<OutputList>
																								<ColumnReference Column="Expr1036">
																								</ColumnReference>
																								<ColumnReference Column="Expr1079">
																								</ColumnReference>
																							</OutputList>
																							<RunTimeInformation>
																								<RunTimeCountersPerThread Thread="0" ActualRows="1" Batches="0" ActualExecutionMode="Row" ActualElapsedms="0" ActualCPUms="0" ActualEndOfScans="0" ActualExecutions="1">
																								</RunTimeCountersPerThread>
																							</RunTimeInformation>
																							<StreamAggregate>
																								<DefinedValues>
																									<DefinedValue>
																										<ColumnReference Column="Expr1079">
																										</ColumnReference>
																										<ScalarOperator ScalarString="Count(*)">
																											<Aggregate AggType="countstar" Distinct="0">
																											</Aggregate>
																										</ScalarOperator>
																									</DefinedValue>
																									<DefinedValue>
																										<ColumnReference Column="Expr1036">
																										</ColumnReference>
																										<ScalarOperator ScalarString="ANY([Expr1034])">
																											<Aggregate Distinct="0" AggType="ANY">
																												<ScalarOperator>
																													<Identifier>
																														<ColumnReference Column="Expr1034">
																														</ColumnReference>
																													</Identifier>
																												</ScalarOperator>
																											</Aggregate>
																										</ScalarOperator>
																									</DefinedValue>
																								</DefinedValues>
																								<RelOp NodeId="58" PhysicalOp="Compute Scalar" LogicalOp="Compute Scalar" EstimateRows="1" EstimateIO="0" EstimateCPU="0" AvgRowSize="11" EstimatedTotalSubtreeCost="0.296197" Parallel="0" EstimateRebinds="0.414214" EstimateRewinds="0" EstimatedExecutionMode="Row">
																									<OutputList>
																										<ColumnReference Column="Expr1034">
																										</ColumnReference>
																									</OutputList>
																									<ComputeScalar>
																										<DefinedValues>
																											<DefinedValue>
																												<ColumnReference Column="Expr1034">
																												</ColumnReference>
																												<ScalarOperator ScalarString="CASE WHEN [Expr1077]=(0) THEN NULL ELSE [Expr1078] END">
																													<IF>
																														<Condition>
																															<ScalarOperator>
																																<Compare CompareOp="EQ">
																																	<ScalarOperator>
																																		<Identifier>
																																			<ColumnReference Column="Expr1077">
																																			</ColumnReference>
																																		</Identifier>
																																	</ScalarOperator>
																																	<ScalarOperator>
																																		<Const ConstValue="(0)">
																																		</Const>
																																	</ScalarOperator>
																																</Compare>
																															</ScalarOperator>
																														</Condition>
																														<Then>
																															<ScalarOperator>
																																<Const ConstValue="NULL">
																																</Const>
																															</ScalarOperator>
																														</Then>
																														<Else>
																															<ScalarOperator>
																																<Identifier>
																																	<ColumnReference Column="Expr1078">
																																	</ColumnReference>
																																</Identifier>
																															</ScalarOperator>
																														</Else>
																													</IF>
																												</ScalarOperator>
																											</DefinedValue>
																										</DefinedValues>
																										<RelOp NodeId="59" PhysicalOp="Stream Aggregate" LogicalOp="Aggregate" EstimateRows="1" EstimateIO="0" EstimateCPU="0.0006041" AvgRowSize="11" EstimatedTotalSubtreeCost="0.296197" Parallel="0" EstimateRebinds="0.414214" EstimateRewinds="0" EstimatedExecutionMode="Row">
																											<OutputList>
																												<ColumnReference Column="Expr1077">
																												</ColumnReference>
																												<ColumnReference Column="Expr1078">
																												</ColumnReference>
																											</OutputList>
																											<RunTimeInformation>
																												<RunTimeCountersPerThread Thread="0" ActualRows="1" Batches="0" ActualExecutionMode="Row" ActualElapsedms="0" ActualCPUms="0" ActualEndOfScans="1" ActualExecutions="1">
																												</RunTimeCountersPerThread>
																											</RunTimeInformation>
																											<StreamAggregate>
																												<DefinedValues>
																													<DefinedValue>
																														<ColumnReference Column="Expr1077">
																														</ColumnReference>
																														<ScalarOperator ScalarString="COUNT_BIG([PaymentData].[dbo].[Payment].[Amount])">
																															<Aggregate Distinct="0" AggType="COUNT_BIG">
																																<ScalarOperator>
																																	<Identifier>
																																		<ColumnReference Database="[PaymentData]" Schema="[dbo]" Table="[Payment]" Column="Amount">
																																		</ColumnReference>
																																	</Identifier>
																																</ScalarOperator>
																															</Aggregate>
																														</ScalarOperator>
																													</DefinedValue>
																													<DefinedValue>
																														<ColumnReference Column="Expr1078">
																														</ColumnReference>
																														<ScalarOperator ScalarString="SUM([PaymentData].[dbo].[Payment].[Amount])">
																															<Aggregate Distinct="0" AggType="SUM">
																																<ScalarOperator>
																																	<Identifier>
																																		<ColumnReference Database="[PaymentData]" Schema="[dbo]" Table="[Payment]" Column="Amount">
																																		</ColumnReference>
																																	</Identifier>
																																</ScalarOperator>
																															</Aggregate>
																														</ScalarOperator>
																													</DefinedValue>
																												</DefinedValues>
																												<RelOp NodeId="60" PhysicalOp="Nested Loops" LogicalOp="Left Semi Join" EstimateRows="1006" EstimateIO="0" EstimateCPU="0.00420508" AvgRowSize="11" EstimatedTotalSubtreeCost="0.295343" Parallel="0" EstimateRebinds="0.414214" EstimateRewinds="0" EstimatedExecutionMode="Row">
																													<OutputList>
																														<ColumnReference Database="[PaymentData]" Schema="[dbo]" Table="[Payment]" Column="Amount">
																														</ColumnReference>
																													</OutputList>
																													<RunTimeInformation>
																														<RunTimeCountersPerThread Thread="0" ActualRows="20" Batches="0" ActualExecutionMode="Row" ActualElapsedms="0" ActualCPUms="0" ActualEndOfScans="1" ActualExecutions="1">
																														</RunTimeCountersPerThread>
																													</RunTimeInformation>
																													<NestedLoops Optimized="0">
																														<OuterReferences>
																															<ColumnReference Database="[PaymentData]" Schema="[dbo]" Table="[PaymentParticipant]" Alias="[Payer]" Column="Oid">
																															</ColumnReference>
																															<ColumnReference Database="[PaymentData]" Schema="[dbo]" Table="[PaymentCategory]" Column="Name">
																															</ColumnReference>
																														</OuterReferences>
																														<RelOp NodeId="61" PhysicalOp="Nested Loops" LogicalOp="Inner Join" EstimateRows="1006" EstimateIO="0" EstimateCPU="0.0001881" AvgRowSize="131" EstimatedTotalSubtreeCost="0.0460218" Parallel="0" EstimateRebinds="0.414214" EstimateRewinds="0" EstimatedExecutionMode="Row">
																															<OutputList>
																																<ColumnReference Database="[PaymentData]" Schema="[dbo]" Table="[Payment]" Column="Amount">
																																</ColumnReference>
																																<ColumnReference Database="[PaymentData]" Schema="[dbo]" Table="[PaymentParticipant]" Alias="[Payer]" Column="Oid">
																																</ColumnReference>
																																<ColumnReference Database="[PaymentData]" Schema="[dbo]" Table="[PaymentCategory]" Column="Name">
																																</ColumnReference>
																															</OutputList>
																															<RunTimeInformation>
																																<RunTimeCountersPerThread Thread="0" ActualRows="20" Batches="0" ActualExecutionMode="Row" ActualElapsedms="0" ActualCPUms="0" ActualEndOfScans="1" ActualExecutions="1">
																																</RunTimeCountersPerThread>
																															</RunTimeInformation>
																															<NestedLoops Optimized="0" WithUnorderedPrefetch="1">
																																<OuterReferences>
																																	<ColumnReference Database="[PaymentData]" Schema="[dbo]" Table="[Payment]" Column="Payee">
																																	</ColumnReference>
																																	<ColumnReference Column="Expr1076">
																																	</ColumnReference>
																																</OuterReferences>
																																<RelOp NodeId="63" PhysicalOp="Nested Loops" LogicalOp="Inner Join" EstimateRows="45" EstimateIO="0" EstimateCPU="1.32839e-05" AvgRowSize="147" EstimatedTotalSubtreeCost="0.032066" Parallel="0" EstimateRebinds="0.414214" EstimateRewinds="0" EstimatedExecutionMode="Row">
																																	<OutputList>
																																		<ColumnReference Database="[PaymentData]" Schema="[dbo]" Table="[Payment]" Column="Amount">
																																		</ColumnReference>
																																		<ColumnReference Database="[PaymentData]" Schema="[dbo]" Table="[Payment]" Column="Payee">
																																		</ColumnReference>
																																		<ColumnReference Database="[PaymentData]" Schema="[dbo]" Table="[PaymentParticipant]" Alias="[Payer]" Column="Oid">
																																		</ColumnReference>
																																		<ColumnReference Database="[PaymentData]" Schema="[dbo]" Table="[PaymentCategory]" Column="Name">
																																		</ColumnReference>
																																	</OutputList>
																																	<RunTimeInformation>
																																		<RunTimeCountersPerThread Thread="0" ActualRows="20" Batches="0" ActualExecutionMode="Row" ActualElapsedms="0" ActualCPUms="0" ActualEndOfScans="1" ActualExecutions="1">
																																		</RunTimeCountersPerThread>
																																	</RunTimeInformation>
																																	<NestedLoops Optimized="0">
																																		<OuterReferences>
																																			<ColumnReference Database="[PaymentData]" Schema="[dbo]" Table="[Payment]" Column="Category">
																																			</ColumnReference>
																																		</OuterReferences>
																																		<RelOp NodeId="64" PhysicalOp="Nested Loops" LogicalOp="Inner Join" EstimateRows="3.17797" EstimateIO="0" EstimateCPU="1.32839e-05" AvgRowSize="59" EstimatedTotalSubtreeCost="0.0282116" Parallel="0" EstimateRebinds="0.414214" EstimateRewinds="0" EstimatedExecutionMode="Row">
																																			<OutputList>
																																				<ColumnReference Database="[PaymentData]" Schema="[dbo]" Table="[Payment]" Column="Amount">
																																				</ColumnReference>
																																				<ColumnReference Database="[PaymentData]" Schema="[dbo]" Table="[Payment]" Column="Category">
																																				</ColumnReference>
																																				<ColumnReference Database="[PaymentData]" Schema="[dbo]" Table="[Payment]" Column="Payee">
																																				</ColumnReference>
																																				<ColumnReference Database="[PaymentData]" Schema="[dbo]" Table="[PaymentParticipant]" Alias="[Payer]" Column="Oid">
																																				</ColumnReference>
																																			</OutputList>
																																			<RunTimeInformation>
																																				<RunTimeCountersPerThread Thread="0" ActualRows="20" Batches="0" ActualExecutionMode="Row" ActualElapsedms="0" ActualCPUms="0" ActualEndOfScans="1" ActualExecutions="1">
																																				</RunTimeCountersPerThread>
																																			</RunTimeInformation>
																																			<NestedLoops Optimized="0">
																																				<RelOp NodeId="65" PhysicalOp="Clustered Index Seek" LogicalOp="Clustered Index Seek" EstimateRows="1" EstimatedRowsRead="1" EstimateIO="0.003125" EstimateCPU="0.0001581" AvgRowSize="23" EstimatedTotalSubtreeCost="0.00385197" TableCardinality="1006" Parallel="0" EstimateRebinds="0.414214" EstimateRewinds="0" EstimatedExecutionMode="Row">
																																					<OutputList>
																																						<ColumnReference Database="[PaymentData]" Schema="[dbo]" Table="[PaymentParticipant]" Alias="[Payer]" Column="Oid">
																																						</ColumnReference>
																																					</OutputList>
																																					<RunTimeInformation>
																																						<RunTimeCountersPerThread Thread="0" ActualRows="1" Batches="0" ActualExecutionMode="Row" ActualElapsedms="0" ActualCPUms="0" ActualScans="0" ActualLogicalReads="2" ActualPhysicalReads="0" ActualReadAheads="0" ActualLobLogicalReads="0" ActualLobPhysicalReads="0" ActualLobReadAheads="0" ActualRowsRead="1" ActualEndOfScans="1" ActualExecutions="1">
																																						</RunTimeCountersPerThread>
																																					</RunTimeInformation>
																																					<IndexScan Ordered="1" ScanDirection="FORWARD" ForcedIndex="0" ForceSeek="0" ForceScan="0" NoExpandHint="0" Storage="RowStore">
																																						<DefinedValues>
																																							<DefinedValue>
																																								<ColumnReference Database="[PaymentData]" Schema="[dbo]" Table="[PaymentParticipant]" Alias="[Payer]" Column="Oid">
																																								</ColumnReference>
																																							</DefinedValue>
																																						</DefinedValues>
																																						<Object Database="[PaymentData]" Schema="[dbo]" Table="[PaymentParticipant]" Index="[PK_PaymentParticipant]" Alias="[Payer]" TableReferenceId="2" IndexKind="Clustered" Storage="RowStore">
																																						</Object>
																																						<SeekPredicates>
																																							<SeekPredicateNew>
																																								<SeekKeys>
																																									<Prefix ScanType="EQ">
																																										<RangeColumns>
																																											<ColumnReference Database="[PaymentData]" Schema="[dbo]" Table="[PaymentParticipant]" Alias="[Payer]" Column="Oid">
																																											</ColumnReference>
																																										</RangeColumns>
																																										<RangeExpressions>
																																											<ScalarOperator ScalarString="[Inserted].[Oid]">
																																												<Identifier>
																																													<ColumnReference Table="[Inserted]" Column="Oid">
																																													</ColumnReference>
																																												</Identifier>
																																											</ScalarOperator>
																																										</RangeExpressions>
																																									</Prefix>
																																								</SeekKeys>
																																							</SeekPredicateNew>
																																						</SeekPredicates>
																																					</IndexScan>
																																				</RelOp>
																																				<RelOp NodeId="66" PhysicalOp="Clustered Index Scan" LogicalOp="Clustered Index Scan" EstimateRows="3.17797" EstimatedRowsRead="102" EstimateIO="0.0239442" EstimateCPU="0.0001907" AvgRowSize="63" EstimatedTotalSubtreeCost="0.0242139" TableCardinality="102" Parallel="0" EstimateRebinds="0" EstimateRewinds="0.414214" EstimatedExecutionMode="Row">
																																					<OutputList>
																																						<ColumnReference Database="[PaymentData]" Schema="[dbo]" Table="[Payment]" Column="Amount">
																																						</ColumnReference>
																																						<ColumnReference Database="[PaymentData]" Schema="[dbo]" Table="[Payment]" Column="Category">
																																						</ColumnReference>
																																						<ColumnReference Database="[PaymentData]" Schema="[dbo]" Table="[Payment]" Column="Payee">
																																						</ColumnReference>
																																					</OutputList>
																																					<Warnings>
																																						<ColumnsWithNoStatistics>
																																							<ColumnReference Database="[PaymentData]" Schema="[dbo]" Table="[Payment]" Column="Category">
																																							</ColumnReference>
																																							<ColumnReference Database="[PaymentData]" Schema="[dbo]" Table="[Payment]" Column="Payee">
																																							</ColumnReference>
																																						</ColumnsWithNoStatistics>
																																					</Warnings>
																																					<RunTimeInformation>
																																						<RunTimeCountersPerThread Thread="0" ActualRows="20" Batches="0" ActualExecutionMode="Row" ActualElapsedms="0" ActualCPUms="0" ActualScans="1" ActualLogicalReads="31" ActualPhysicalReads="0" ActualReadAheads="0" ActualLobLogicalReads="0" ActualLobPhysicalReads="0" ActualLobReadAheads="0" ActualRowsRead="120" ActualEndOfScans="1" ActualExecutions="1">
																																						</RunTimeCountersPerThread>
																																					</RunTimeInformation>
																																					<IndexScan Ordered="0" ForcedIndex="0" ForceScan="0" NoExpandHint="0" Storage="RowStore">
																																						<DefinedValues>
																																							<DefinedValue>
																																								<ColumnReference Database="[PaymentData]" Schema="[dbo]" Table="[Payment]" Column="Amount">
																																								</ColumnReference>
																																							</DefinedValue>
																																							<DefinedValue>
																																								<ColumnReference Database="[PaymentData]" Schema="[dbo]" Table="[Payment]" Column="Category">
																																								</ColumnReference>
																																							</DefinedValue>
																																							<DefinedValue>
																																								<ColumnReference Database="[PaymentData]" Schema="[dbo]" Table="[Payment]" Column="Payee">
																																								</ColumnReference>
																																							</DefinedValue>
																																						</DefinedValues>
																																						<Object Database="[PaymentData]" Schema="[dbo]" Table="[Payment]" Index="[PK_Payment]" TableReferenceId="2" IndexKind="Clustered" Storage="RowStore">
																																						</Object>
																																						<Predicate>
																																							<ScalarOperator ScalarString="[PaymentData].[dbo].[Payment].[Payer]=[Inserted].[Oid] AND [PaymentData].[dbo].[Payment].[GCRecord] IS NULL">
																																								<Logical Operation="AND">
																																									<ScalarOperator>
																																										<Compare CompareOp="EQ">
																																											<ScalarOperator>
																																												<Identifier>
																																													<ColumnReference Database="[PaymentData]" Schema="[dbo]" Table="[Payment]" Column="Payer">
																																													</ColumnReference>
																																												</Identifier>
																																											</ScalarOperator>
																																											<ScalarOperator>
																																												<Identifier>
																																													<ColumnReference Table="[Inserted]" Column="Oid">
																																													</ColumnReference>
																																												</Identifier>
																																											</ScalarOperator>
																																										</Compare>
																																									</ScalarOperator>
																																									<ScalarOperator>
																																										<Compare CompareOp="IS">
																																											<ScalarOperator>
																																												<Identifier>
																																													<ColumnReference Database="[PaymentData]" Schema="[dbo]" Table="[Payment]" Column="GCRecord">
																																													</ColumnReference>
																																												</Identifier>
																																											</ScalarOperator>
																																											<ScalarOperator>
																																												<Const ConstValue="NULL">
																																												</Const>
																																											</ScalarOperator>
																																										</Compare>
																																									</ScalarOperator>
																																								</Logical>
																																							</ScalarOperator>
																																						</Predicate>
																																					</IndexScan>
																																				</RelOp>
																																			</NestedLoops>
																																		</RelOp>
																																		<RelOp NodeId="67" PhysicalOp="Clustered Index Seek" LogicalOp="Clustered Index Seek" EstimateRows="1" EstimatedRowsRead="1" EstimateIO="0.003125" EstimateCPU="0.0001581" AvgRowSize="111" EstimatedTotalSubtreeCost="0.00383555" TableCardinality="45" Parallel="0" EstimateRebinds="0.414214" EstimateRewinds="3.08012" EstimatedExecutionMode="Row">
																																			<OutputList>
																																				<ColumnReference Database="[PaymentData]" Schema="[dbo]" Table="[PaymentCategory]" Column="Name">
																																				</ColumnReference>
																																			</OutputList>
																																			<RunTimeInformation>
																																				<RunTimeCountersPerThread Thread="0" ActualRows="20" Batches="0" ActualExecutionMode="Row" ActualElapsedms="0" ActualCPUms="0" ActualScans="0" ActualLogicalReads="40" ActualPhysicalReads="0" ActualReadAheads="0" ActualLobLogicalReads="0" ActualLobPhysicalReads="0" ActualLobReadAheads="0" ActualRowsRead="20" ActualEndOfScans="0" ActualExecutions="20">
																																				</RunTimeCountersPerThread>
																																			</RunTimeInformation>
																																			<IndexScan Ordered="1" ScanDirection="FORWARD" ForcedIndex="0" ForceSeek="0" ForceScan="0" NoExpandHint="0" Storage="RowStore">
																																				<DefinedValues>
																																					<DefinedValue>
																																						<ColumnReference Database="[PaymentData]" Schema="[dbo]" Table="[PaymentCategory]" Column="Name">
																																						</ColumnReference>
																																					</DefinedValue>
																																				</DefinedValues>
																																				<Object Database="[PaymentData]" Schema="[dbo]" Table="[PaymentCategory]" Index="[PK_PaymentCategory]" TableReferenceId="2" IndexKind="Clustered" Storage="RowStore">
																																				</Object>
																																				<SeekPredicates>
																																					<SeekPredicateNew>
																																						<SeekKeys>
																																							<Prefix ScanType="EQ">
																																								<RangeColumns>
																																									<ColumnReference Database="[PaymentData]" Schema="[dbo]" Table="[PaymentCategory]" Column="Oid">
																																									</ColumnReference>
																																								</RangeColumns>
																																								<RangeExpressions>
																																									<ScalarOperator ScalarString="[PaymentData].[dbo].[Payment].[Category]">
																																										<Identifier>
																																											<ColumnReference Database="[PaymentData]" Schema="[dbo]" Table="[Payment]" Column="Category">
																																											</ColumnReference>
																																										</Identifier>
																																									</ScalarOperator>
																																								</RangeExpressions>
																																							</Prefix>
																																						</SeekKeys>
																																					</SeekPredicateNew>
																																				</SeekPredicates>
																																			</IndexScan>
																																		</RelOp>
																																	</NestedLoops>
																																</RelOp>
																																<RelOp NodeId="68" PhysicalOp="Clustered Index Seek" LogicalOp="Clustered Index Seek" EstimateRows="1" EstimatedRowsRead="1" EstimateIO="0.003125" EstimateCPU="0.0001581" AvgRowSize="9" EstimatedTotalSubtreeCost="0.0136898" TableCardinality="1006" Parallel="0" EstimateRebinds="0.414214" EstimateRewinds="62.2254" EstimatedExecutionMode="Row">
																																	<OutputList>
																																	</OutputList>
																																	<RunTimeInformation>
																																		<RunTimeCountersPerThread Thread="0" ActualRows="20" Batches="0" ActualExecutionMode="Row" ActualElapsedms="0" ActualCPUms="0" ActualScans="0" ActualLogicalReads="32" ActualPhysicalReads="0" ActualReadAheads="0" ActualLobLogicalReads="0" ActualLobPhysicalReads="0" ActualLobReadAheads="0" ActualRowsRead="20" ActualEndOfScans="0" ActualExecutions="20">
																																		</RunTimeCountersPerThread>
																																	</RunTimeInformation>
																																	<IndexScan Ordered="1" ScanDirection="FORWARD" ForcedIndex="0" ForceSeek="0" ForceScan="0" NoExpandHint="0" Storage="RowStore">
																																		<DefinedValues>
																																		</DefinedValues>
																																		<Object Database="[PaymentData]" Schema="[dbo]" Table="[PaymentParticipant]" Index="[PK_PaymentParticipant]" Alias="[Payee]" TableReferenceId="2" IndexKind="Clustered" Storage="RowStore">
																																		</Object>
																																		<SeekPredicates>
																																			<SeekPredicateNew>
																																				<SeekKeys>
																																					<Prefix ScanType="EQ">
																																						<RangeColumns>
																																							<ColumnReference Database="[PaymentData]" Schema="[dbo]" Table="[PaymentParticipant]" Alias="[Payee]" Column="Oid">
																																							</ColumnReference>
																																						</RangeColumns>
																																						<RangeExpressions>
																																							<ScalarOperator ScalarString="[PaymentData].[dbo].[Payment].[Payee]">
																																								<Identifier>
																																									<ColumnReference Database="[PaymentData]" Schema="[dbo]" Table="[Payment]" Column="Payee">
																																									</ColumnReference>
																																								</Identifier>
																																							</ScalarOperator>
																																						</RangeExpressions>
																																					</Prefix>
																																				</SeekKeys>
																																			</SeekPredicateNew>
																																		</SeekPredicates>
																																	</IndexScan>
																																</RelOp>
																															</NestedLoops>
																														</RelOp>
																														<RelOp NodeId="69" PhysicalOp="Concatenation" LogicalOp="Concatenation" EstimateRows="1" EstimateRowsWithoutRowGoal="2" EstimateIO="0" EstimateCPU="2e-07" AvgRowSize="9" EstimatedTotalSubtreeCost="0.243374" Parallel="0" EstimateRebinds="975.438" EstimateRewinds="446.261" EstimatedExecutionMode="Row">
																															<OutputList>
																															</OutputList>
																															<RunTimeInformation>
																																<RunTimeCountersPerThread Thread="0" ActualRows="20" Batches="0" ActualExecutionMode="Row" ActualElapsedms="0" ActualCPUms="0" ActualEndOfScans="0" ActualExecutions="20">
																																</RunTimeCountersPerThread>
																															</RunTimeInformation>
																															<Concat>
																																<DefinedValues>
																																</DefinedValues>
																																<RelOp NodeId="70" PhysicalOp="Filter" LogicalOp="Filter" EstimateRows="1" EstimateIO="0" EstimateCPU="8.8e-07" AvgRowSize="9" EstimatedTotalSubtreeCost="0.237114" Parallel="0" EstimateRebinds="975.438" EstimateRewinds="446.261" EstimatedExecutionMode="Row">
																																	<OutputList>
																																	</OutputList>
																																	<RunTimeInformation>
																																		<RunTimeCountersPerThread Thread="0" ActualRows="0" Batches="0" ActualExecutionMode="Row" ActualElapsedms="0" ActualCPUms="0" ActualRebinds="20" ActualRewinds="0" ActualEndOfScans="20" ActualExecutions="20">
																																		</RunTimeCountersPerThread>
																																	</RunTimeInformation>
																																	<Filter StartupExpression="1">
																																		<RelOp NodeId="71" PhysicalOp="Clustered Index Seek" LogicalOp="Clustered Index Seek" EstimateRows="1" EstimatedRowsRead="1" EstimateIO="0.003125" EstimateCPU="0.0001581" AvgRowSize="9" EstimatedTotalSubtreeCost="0.235862" TableCardinality="187" Parallel="0" EstimateRebinds="975.438" EstimateRewinds="446.261" EstimatedExecutionMode="Row">
																																			<OutputList>
																																			</OutputList>
																																			<RunTimeInformation>
																																				<RunTimeCountersPerThread Thread="0" ActualRows="0" Batches="0" ActualExecutionMode="Row" ActualElapsedms="0" ActualCPUms="0" ActualScans="0" ActualLogicalReads="40" ActualPhysicalReads="0" ActualReadAheads="0" ActualLobLogicalReads="0" ActualLobPhysicalReads="0" ActualLobReadAheads="0" ActualEndOfScans="20" ActualExecutions="20">
																																				</RunTimeCountersPerThread>
																																			</RunTimeInformation>
																																			<IndexScan Ordered="1" ScanDirection="FORWARD" ForcedIndex="0" ForceSeek="0" ForceScan="0" NoExpandHint="0" Storage="RowStore">
																																				<DefinedValues>
																																				</DefinedValues>
																																				<Object Database="[PaymentData]" Schema="[dbo]" Table="[Employee]" Index="[PK_Employee]" TableReferenceId="2" IndexKind="Clustered" Storage="RowStore">
																																				</Object>
																																				<SeekPredicates>
																																					<SeekPredicateNew>
																																						<SeekKeys>
																																							<Prefix ScanType="EQ">
																																								<RangeColumns>
																																									<ColumnReference Database="[PaymentData]" Schema="[dbo]" Table="[Employee]" Column="Oid">
																																									</ColumnReference>
																																								</RangeColumns>
																																								<RangeExpressions>
																																									<ScalarOperator ScalarString="[PaymentData].[dbo].[PaymentParticipant].[Oid] as [Payer].[Oid]">
																																										<Identifier>
																																											<ColumnReference Database="[PaymentData]" Schema="[dbo]" Table="[PaymentParticipant]" Alias="[Payer]" Column="Oid">
																																											</ColumnReference>
																																										</Identifier>
																																									</ScalarOperator>
																																								</RangeExpressions>
																																							</Prefix>
																																						</SeekKeys>
																																					</SeekPredicateNew>
																																				</SeekPredicates>
																																			</IndexScan>
																																		</RelOp>
																																		<Predicate>
																																			<ScalarOperator ScalarString="[PaymentData].[dbo].[PaymentCategory].[Name]&lt;N&apos;??????? ?????&apos; OR [PaymentData].[dbo].[PaymentCategory].[Name]&gt;N&apos;??????? ?????&apos;">
																																				<Logical Operation="OR">
																																					<ScalarOperator>
																																						<Compare CompareOp="LT">
																																							<ScalarOperator>
																																								<Identifier>
																																									<ColumnReference Database="[PaymentData]" Schema="[dbo]" Table="[PaymentCategory]" Column="Name">
																																									</ColumnReference>
																																								</Identifier>
																																							</ScalarOperator>
																																							<ScalarOperator>
																																								<Const ConstValue="N&apos;??????? ?????&apos;">
																																								</Const>
																																							</ScalarOperator>
																																						</Compare>
																																					</ScalarOperator>
																																					<ScalarOperator>
																																						<Compare CompareOp="GT">
																																							<ScalarOperator>
																																								<Identifier>
																																									<ColumnReference Database="[PaymentData]" Schema="[dbo]" Table="[PaymentCategory]" Column="Name">
																																									</ColumnReference>
																																								</Identifier>
																																							</ScalarOperator>
																																							<ScalarOperator>
																																								<Const ConstValue="N&apos;??????? ?????&apos;">
																																								</Const>
																																							</ScalarOperator>
																																						</Compare>
																																					</ScalarOperator>
																																				</Logical>
																																			</ScalarOperator>
																																		</Predicate>
																																	</Filter>
																																</RelOp>
																																<RelOp NodeId="72" PhysicalOp="Nested Loops" LogicalOp="Left Anti Semi Join" EstimateRows="1" EstimateIO="0" EstimateCPU="4.18e-06" AvgRowSize="9" EstimatedTotalSubtreeCost="0.243232" Parallel="0" EstimateRebinds="975.438" EstimateRewinds="446.261" EstimatedExecutionMode="Row">
																																	<OutputList>
																																	</OutputList>
																																	<RunTimeInformation>
																																		<RunTimeCountersPerThread Thread="0" ActualRows="20" Batches="0" ActualExecutionMode="Row" ActualElapsedms="0" ActualCPUms="0" ActualEndOfScans="0" ActualExecutions="20">
																																		</RunTimeCountersPerThread>
																																	</RunTimeInformation>
																																	<NestedLoops Optimized="0">
																																		<RelOp NodeId="73" PhysicalOp="Constant Scan" LogicalOp="Constant Scan" EstimateRows="1" EstimateIO="0" EstimateCPU="1.157e-06" AvgRowSize="9" EstimatedTotalSubtreeCost="0.00142286" Parallel="0" EstimateRebinds="0" EstimateRewinds="1421.7" EstimatedExecutionMode="Row">
																																			<OutputList>
																																			</OutputList>
																																			<RunTimeInformation>
																																				<RunTimeCountersPerThread Thread="0" ActualRows="20" Batches="0" ActualExecutionMode="Row" ActualElapsedms="0" ActualCPUms="0" ActualEndOfScans="0" ActualExecutions="20">
																																				</RunTimeCountersPerThread>
																																			</RunTimeInformation>
																																			<ConstantScan>
																																			</ConstantScan>
																																		</RelOp>
																																		<RelOp NodeId="74" PhysicalOp="Clustered Index Seek" LogicalOp="Clustered Index Seek" EstimateRows="1" EstimatedRowsRead="1" EstimateIO="0.003125" EstimateCPU="0.0001581" AvgRowSize="9" EstimatedTotalSubtreeCost="0.235862" TableCardinality="187" Parallel="0" EstimateRebinds="975.438" EstimateRewinds="446.261" EstimatedExecutionMode="Row">
																																			<OutputList>
																																			</OutputList>
																																			<RunTimeInformation>
																																				<RunTimeCountersPerThread Thread="0" ActualRows="0" Batches="0" ActualExecutionMode="Row" ActualElapsedms="0" ActualCPUms="0" ActualScans="0" ActualLogicalReads="40" ActualPhysicalReads="0" ActualReadAheads="0" ActualLobLogicalReads="0" ActualLobPhysicalReads="0" ActualLobReadAheads="0" ActualEndOfScans="20" ActualExecutions="20">
																																				</RunTimeCountersPerThread>
																																			</RunTimeInformation>
																																			<IndexScan Ordered="1" ScanDirection="FORWARD" ForcedIndex="0" ForceSeek="0" ForceScan="0" NoExpandHint="0" Storage="RowStore">
																																				<DefinedValues>
																																				</DefinedValues>
																																				<Object Database="[PaymentData]" Schema="[dbo]" Table="[Employee]" Index="[PK_Employee]" TableReferenceId="1" IndexKind="Clustered" Storage="RowStore">
																																				</Object>
																																				<SeekPredicates>
																																					<SeekPredicateNew>
																																						<SeekKeys>
																																							<Prefix ScanType="EQ">
																																								<RangeColumns>
																																									<ColumnReference Database="[PaymentData]" Schema="[dbo]" Table="[Employee]" Column="Oid">
																																									</ColumnReference>
																																								</RangeColumns>
																																								<RangeExpressions>
																																									<ScalarOperator ScalarString="[PaymentData].[dbo].[PaymentParticipant].[Oid] as [Payer].[Oid]">
																																										<Identifier>
																																											<ColumnReference Database="[PaymentData]" Schema="[dbo]" Table="[PaymentParticipant]" Alias="[Payer]" Column="Oid">
																																											</ColumnReference>
																																										</Identifier>
																																									</ScalarOperator>
																																								</RangeExpressions>
																																							</Prefix>
																																						</SeekKeys>
																																					</SeekPredicateNew>
																																				</SeekPredicates>
																																			</IndexScan>
																																		</RelOp>
																																	</NestedLoops>
																																</RelOp>
																															</Concat>
																														</RelOp>
																													</NestedLoops>
																												</RelOp>
																											</StreamAggregate>
																										</RelOp>
																									</ComputeScalar>
																								</RelOp>
																							</StreamAggregate>
																						</RelOp>
																					</ComputeScalar>
																				</RelOp>
																			</NestedLoops>
																		</RelOp>
																	</NestedLoops>
																</RelOp>
															</ComputeScalar>
														</RelOp>
													</ComputeScalar>
												</RelOp>
											</Spool>
										</RelOp>
									</ComputeScalar>
								</RelOp>
							</Update>
						</RelOp>
					</QueryPlan>
				</StmtSimple>
			</Statements>
		</Batch>
	</BatchSequence>
</ShowPlanXML>
